[kkalyan3@helios1 log]$ cat new_grid_exp2_cifar10_21_model1.out
INFO:root:##### NEW EXPERIMENT #####
INFO:root:Best: 0.745022 using {'act_layer1': 'sigmoid', 'hu_1': 350, 'lr': 0.01, 'drop_out1': 0, 'epochs': 50}
INFO:root:Mean Acc : 0.685239  Std Dev (0.089149) with param: {'act_layer1': 'relu', 'hu_1': 100, 'lr': 0.1, 'drop_out1': 0, 'epochs': 50}
INFO:root:Mean Acc : 0.708957  Std Dev (0.087148) with param: {'act_layer1': 'relu', 'hu_1': 100, 'lr': 0.01, 'drop_out1': 0, 'epochs': 50}
INFO:root:Mean Acc : 0.695500  Std Dev (0.097826) with param: {'act_layer1': 'relu', 'hu_1': 150, 'lr': 0.1, 'drop_out1': 0, 'epochs': 50}
INFO:root:Mean Acc : 0.715130  Std Dev (0.070615) with param: {'act_layer1': 'relu', 'hu_1': 150, 'lr': 0.01, 'drop_out1': 0, 'epochs': 50}
INFO:root:Mean Acc : 0.651935  Std Dev (0.110270) with param: {'act_layer1': 'relu', 'hu_1': 200, 'lr': 0.1, 'drop_out1': 0, 'epochs': 50}
INFO:root:Mean Acc : 0.720848  Std Dev (0.079059) with param: {'act_layer1': 'relu', 'hu_1': 200, 'lr': 0.01, 'drop_out1': 0, 'epochs': 50}
INFO:root:Mean Acc : 0.306652  Std Dev (0.229059) with param: {'act_layer1': 'relu', 'hu_1': 250, 'lr': 0.1, 'drop_out1': 0, 'epochs': 50}
INFO:root:Mean Acc : 0.713565  Std Dev (0.073594) with param: {'act_layer1': 'relu', 'hu_1': 250, 'lr': 0.01, 'drop_out1': 0, 'epochs': 50}
INFO:root:Mean Acc : 0.320587  Std Dev (0.244231) with param: {'act_layer1': 'relu', 'hu_1': 300, 'lr': 0.1, 'drop_out1': 0, 'epochs': 50}
INFO:root:Mean Acc : 0.712587  Std Dev (0.074208) with param: {'act_layer1': 'relu', 'hu_1': 300, 'lr': 0.01, 'drop_out1': 0, 'epochs': 50}
INFO:root:Mean Acc : 0.332913  Std Dev (0.258164) with param: {'act_layer1': 'relu', 'hu_1': 350, 'lr': 0.1, 'drop_out1': 0, 'epochs': 50}
INFO:root:Mean Acc : 0.690957  Std Dev (0.095962) with param: {'act_layer1': 'relu', 'hu_1': 350, 'lr': 0.01, 'drop_out1': 0, 'epochs': 50}
INFO:root:Mean Acc : 0.326326  Std Dev (0.250664) with param: {'act_layer1': 'relu', 'hu_1': 400, 'lr': 0.1, 'drop_out1': 0, 'epochs': 50}
INFO:root:Mean Acc : 0.709674  Std Dev (0.070929) with param: {'act_layer1': 'relu', 'hu_1': 400, 'lr': 0.01, 'drop_out1': 0, 'epochs': 50}
INFO:root:Mean Acc : 0.650261  Std Dev (0.111181) with param: {'act_layer1': 'relu', 'hu_1': 100, 'lr': 0.1, 'drop_out1': 0, 'epochs': 90}
INFO:root:Mean Acc : 0.716304  Std Dev (0.080601) with param: {'act_layer1': 'relu', 'hu_1': 100, 'lr': 0.01, 'drop_out1': 0, 'epochs': 90}
INFO:root:Mean Acc : 0.672109  Std Dev (0.096492) with param: {'act_layer1': 'relu', 'hu_1': 150, 'lr': 0.1, 'drop_out1': 0, 'epochs': 90}
INFO:root:Mean Acc : 0.697217  Std Dev (0.079099) with param: {'act_layer1': 'relu', 'hu_1': 150, 'lr': 0.01, 'drop_out1': 0, 'epochs': 90}
INFO:root:Mean Acc : 0.471674  Std Dev (0.343769) with param: {'act_layer1': 'relu', 'hu_1': 200, 'lr': 0.1, 'drop_out1': 0, 'epochs': 90}
INFO:root:Mean Acc : 0.694065  Std Dev (0.074583) with param: {'act_layer1': 'relu', 'hu_1': 200, 'lr': 0.01, 'drop_out1': 0, 'epochs': 90}
INFO:root:Mean Acc : 0.314935  Std Dev (0.237997) with param: {'act_layer1': 'relu', 'hu_1': 250, 'lr': 0.1, 'drop_out1': 0, 'epochs': 90}
INFO:root:Mean Acc : 0.706870  Std Dev (0.084818) with param: {'act_layer1': 'relu', 'hu_1': 250, 'lr': 0.01, 'drop_out1': 0, 'epochs': 90}
INFO:root:Mean Acc : 0.303913  Std Dev (0.226159) with param: {'act_layer1': 'relu', 'hu_1': 300, 'lr': 0.1, 'drop_out1': 0, 'epochs': 90}
INFO:root:Mean Acc : 0.708457  Std Dev (0.071469) with param: {'act_layer1': 'relu', 'hu_1': 300, 'lr': 0.01, 'drop_out1': 0, 'epochs': 90}
INFO:root:Mean Acc : 0.302978  Std Dev (0.225176) with param: {'act_layer1': 'relu', 'hu_1': 350, 'lr': 0.1, 'drop_out1': 0, 'epochs': 90}
INFO:root:Mean Acc : 0.706304  Std Dev (0.082592) with param: {'act_layer1': 'relu', 'hu_1': 350, 'lr': 0.01, 'drop_out1': 0, 'epochs': 90}
INFO:root:Mean Acc : 0.302848  Std Dev (0.225039) with param: {'act_layer1': 'relu', 'hu_1': 400, 'lr': 0.1, 'drop_out1': 0, 'epochs': 90}
INFO:root:Mean Acc : 0.689043  Std Dev (0.082355) with param: {'act_layer1': 'relu', 'hu_1': 400, 'lr': 0.01, 'drop_out1': 0, 'epochs': 90}
INFO:root:Mean Acc : 0.681239  Std Dev (0.096679) with param: {'act_layer1': 'relu', 'hu_1': 100, 'lr': 0.1, 'drop_out1': 0, 'epochs': 130}
INFO:root:Mean Acc : 0.704130  Std Dev (0.079541) with param: {'act_layer1': 'relu', 'hu_1': 100, 'lr': 0.01, 'drop_out1': 0, 'epochs': 130}
INFO:root:Mean Acc : 0.664413  Std Dev (0.099736) with param: {'act_layer1': 'relu', 'hu_1': 150, 'lr': 0.1, 'drop_out1': 0, 'epochs': 130}
INFO:root:Mean Acc : 0.696543  Std Dev (0.082936) with param: {'act_layer1': 'relu', 'hu_1': 150, 'lr': 0.01, 'drop_out1': 0, 'epochs': 130}
INFO:root:Mean Acc : 0.453022  Std Dev (0.333277) with param: {'act_layer1': 'relu', 'hu_1': 200, 'lr': 0.1, 'drop_out1': 0, 'epochs': 130}
INFO:root:Mean Acc : 0.693370  Std Dev (0.078953) with param: {'act_layer1': 'relu', 'hu_1': 200, 'lr': 0.01, 'drop_out1': 0, 'epochs': 130}
INFO:root:Mean Acc : 0.316804  Std Dev (0.240048) with param: {'act_layer1': 'relu', 'hu_1': 250, 'lr': 0.1, 'drop_out1': 0, 'epochs': 130}
INFO:root:Mean Acc : 0.693935  Std Dev (0.080105) with param: {'act_layer1': 'relu', 'hu_1': 250, 'lr': 0.01, 'drop_out1': 0, 'epochs': 130}
INFO:root:Mean Acc : 0.324109  Std Dev (0.248167) with param: {'act_layer1': 'relu', 'hu_1': 300, 'lr': 0.1, 'drop_out1': 0, 'epochs': 130}
INFO:root:Mean Acc : 0.687783  Std Dev (0.075456) with param: {'act_layer1': 'relu', 'hu_1': 300, 'lr': 0.01, 'drop_out1': 0, 'epochs': 130}
INFO:root:Mean Acc : 0.323239  Std Dev (0.247192) with param: {'act_layer1': 'relu', 'hu_1': 350, 'lr': 0.1, 'drop_out1': 0, 'epochs': 130}
INFO:root:Mean Acc : 0.692717  Std Dev (0.082791) with param: {'act_layer1': 'relu', 'hu_1': 350, 'lr': 0.01, 'drop_out1': 0, 'epochs': 130}
INFO:root:Mean Acc : 0.324543  Std Dev (0.248655) with param: {'act_layer1': 'relu', 'hu_1': 400, 'lr': 0.1, 'drop_out1': 0, 'epochs': 130}
INFO:root:Mean Acc : 0.706913  Std Dev (0.073702) with param: {'act_layer1': 'relu', 'hu_1': 400, 'lr': 0.01, 'drop_out1': 0, 'epochs': 130}
INFO:root:Mean Acc : 0.524326  Std Dev (0.248034) with param: {'act_layer1': 'relu', 'hu_1': 100, 'lr': 0.1, 'drop_out1': 0.5, 'epochs': 50}
INFO:root:Mean Acc : 0.667500  Std Dev (0.115068) with param: {'act_layer1': 'relu', 'hu_1': 100, 'lr': 0.01, 'drop_out1': 0.5, 'epochs': 50}
INFO:root:Mean Acc : 0.478500  Std Dev (0.223763) with param: {'act_layer1': 'relu', 'hu_1': 150, 'lr': 0.1, 'drop_out1': 0.5, 'epochs': 50}
INFO:root:Mean Acc : 0.678935  Std Dev (0.100812) with param: {'act_layer1': 'relu', 'hu_1': 150, 'lr': 0.01, 'drop_out1': 0.5, 'epochs': 50}
INFO:root:Mean Acc : 0.444717  Std Dev (0.321724) with param: {'act_layer1': 'relu', 'hu_1': 200, 'lr': 0.1, 'drop_out1': 0.5, 'epochs': 50}
INFO:root:Mean Acc : 0.674804  Std Dev (0.103659) with param: {'act_layer1': 'relu', 'hu_1': 200, 'lr': 0.01, 'drop_out1': 0.5, 'epochs': 50}
INFO:root:Mean Acc : 0.347870  Std Dev (0.275604) with param: {'act_layer1': 'relu', 'hu_1': 250, 'lr': 0.1, 'drop_out1': 0.5, 'epochs': 50}
INFO:root:Mean Acc : 0.693087  Std Dev (0.095953) with param: {'act_layer1': 'relu', 'hu_1': 250, 'lr': 0.01, 'drop_out1': 0.5, 'epochs': 50}
INFO:root:Mean Acc : 0.355587  Std Dev (0.284800) with param: {'act_layer1': 'relu', 'hu_1': 300, 'lr': 0.1, 'drop_out1': 0.5, 'epochs': 50}
INFO:root:Mean Acc : 0.685022  Std Dev (0.103129) with param: {'act_layer1': 'relu', 'hu_1': 300, 'lr': 0.01, 'drop_out1': 0.5, 'epochs': 50}
INFO:root:Mean Acc : 0.370391  Std Dev (0.302760) with param: {'act_layer1': 'relu', 'hu_1': 350, 'lr': 0.1, 'drop_out1': 0.5, 'epochs': 50}
INFO:root:Mean Acc : 0.712522  Std Dev (0.083662) with param: {'act_layer1': 'relu', 'hu_1': 350, 'lr': 0.01, 'drop_out1': 0.5, 'epochs': 50}
INFO:root:Mean Acc : 0.123196  Std Dev (0.174228) with param: {'act_layer1': 'relu', 'hu_1': 400, 'lr': 0.1, 'drop_out1': 0.5, 'epochs': 50}
INFO:root:Mean Acc : 0.710174  Std Dev (0.083474) with param: {'act_layer1': 'relu', 'hu_1': 400, 'lr': 0.01, 'drop_out1': 0.5, 'epochs': 50}
INFO:root:Mean Acc : 0.495696  Std Dev (0.270187) with param: {'act_layer1': 'relu', 'hu_1': 100, 'lr': 0.1, 'drop_out1': 0.5, 'epochs': 90}
INFO:root:Mean Acc : 0.718935  Std Dev (0.101927) with param: {'act_layer1': 'relu', 'hu_1': 100, 'lr': 0.01, 'drop_out1': 0.5, 'epochs': 90}
INFO:root:Mean Acc : 0.436435  Std Dev (0.295457) with param: {'act_layer1': 'relu', 'hu_1': 150, 'lr': 0.1, 'drop_out1': 0.5, 'epochs': 90}
INFO:root:Mean Acc : 0.689717  Std Dev (0.091843) with param: {'act_layer1': 'relu', 'hu_1': 150, 'lr': 0.01, 'drop_out1': 0.5, 'epochs': 90}
INFO:root:Mean Acc : 0.436087  Std Dev (0.324017) with param: {'act_layer1': 'relu', 'hu_1': 200, 'lr': 0.1, 'drop_out1': 0.5, 'epochs': 90}
INFO:root:Mean Acc : 0.705543  Std Dev (0.085678) with param: {'act_layer1': 'relu', 'hu_1': 200, 'lr': 0.01, 'drop_out1': 0.5, 'epochs': 90}
INFO:root:Mean Acc : 0.441500  Std Dev (0.314476) with param: {'act_layer1': 'relu', 'hu_1': 250, 'lr': 0.1, 'drop_out1': 0.5, 'epochs': 90}
INFO:root:Mean Acc : 0.709109  Std Dev (0.084960) with param: {'act_layer1': 'relu', 'hu_1': 250, 'lr': 0.01, 'drop_out1': 0.5, 'epochs': 90}
INFO:root:Mean Acc : 0.354478  Std Dev (0.283471) with param: {'act_layer1': 'relu', 'hu_1': 300, 'lr': 0.1, 'drop_out1': 0.5, 'epochs': 90}
INFO:root:Mean Acc : 0.699478  Std Dev (0.086420) with param: {'act_layer1': 'relu', 'hu_1': 300, 'lr': 0.01, 'drop_out1': 0.5, 'epochs': 90}
INFO:root:Mean Acc : 0.123196  Std Dev (0.174228) with param: {'act_layer1': 'relu', 'hu_1': 350, 'lr': 0.1, 'drop_out1': 0.5, 'epochs': 90}
INFO:root:Mean Acc : 0.702978  Std Dev (0.084951) with param: {'act_layer1': 'relu', 'hu_1': 350, 'lr': 0.01, 'drop_out1': 0.5, 'epochs': 90}
INFO:root:Mean Acc : 0.361174  Std Dev (0.291531) with param: {'act_layer1': 'relu', 'hu_1': 400, 'lr': 0.1, 'drop_out1': 0.5, 'epochs': 90}
INFO:root:Mean Acc : 0.700196  Std Dev (0.094163) with param: {'act_layer1': 'relu', 'hu_1': 400, 'lr': 0.01, 'drop_out1': 0.5, 'epochs': 90}
INFO:root:Mean Acc : 0.544370  Std Dev (0.211920) with param: {'act_layer1': 'relu', 'hu_1': 100, 'lr': 0.1, 'drop_out1': 0.5, 'epochs': 130}
INFO:root:Mean Acc : 0.687739  Std Dev (0.098142) with param: {'act_layer1': 'relu', 'hu_1': 100, 'lr': 0.01, 'drop_out1': 0.5, 'epochs': 130}
INFO:root:Mean Acc : 0.467522  Std Dev (0.280903) with param: {'act_layer1': 'relu', 'hu_1': 150, 'lr': 0.1, 'drop_out1': 0.5, 'epochs': 130}
INFO:root:Mean Acc : 0.684457  Std Dev (0.093116) with param: {'act_layer1': 'relu', 'hu_1': 150, 'lr': 0.01, 'drop_out1': 0.5, 'epochs': 130}
INFO:root:Mean Acc : 0.463022  Std Dev (0.332790) with param: {'act_layer1': 'relu', 'hu_1': 200, 'lr': 0.1, 'drop_out1': 0.5, 'epochs': 130}
INFO:root:Mean Acc : 0.698674  Std Dev (0.088063) with param: {'act_layer1': 'relu', 'hu_1': 200, 'lr': 0.01, 'drop_out1': 0.5, 'epochs': 130}
INFO:root:Mean Acc : 0.405239  Std Dev (0.301238) with param: {'act_layer1': 'relu', 'hu_1': 250, 'lr': 0.1, 'drop_out1': 0.5, 'epochs': 130}
INFO:root:Mean Acc : 0.714478  Std Dev (0.080562) with param: {'act_layer1': 'relu', 'hu_1': 250, 'lr': 0.01, 'drop_out1': 0.5, 'epochs': 130}
INFO:root:Mean Acc : 0.384283  Std Dev (0.319942) with param: {'act_layer1': 'relu', 'hu_1': 300, 'lr': 0.1, 'drop_out1': 0.5, 'epochs': 130}
INFO:root:Mean Acc : 0.706696  Std Dev (0.083168) with param: {'act_layer1': 'relu', 'hu_1': 300, 'lr': 0.01, 'drop_out1': 0.5, 'epochs': 130}
INFO:root:Mean Acc : 0.381109  Std Dev (0.297908) with param: {'act_layer1': 'relu', 'hu_1': 350, 'lr': 0.1, 'drop_out1': 0.5, 'epochs': 130}
INFO:root:Mean Acc : 0.694000  Std Dev (0.090983) with param: {'act_layer1': 'relu', 'hu_1': 350, 'lr': 0.01, 'drop_out1': 0.5, 'epochs': 130}
INFO:root:Mean Acc : 0.360870  Std Dev (0.291163) with param: {'act_layer1': 'relu', 'hu_1': 400, 'lr': 0.1, 'drop_out1': 0.5, 'epochs': 130}
INFO:root:Mean Acc : 0.704413  Std Dev (0.090108) with param: {'act_layer1': 'relu', 'hu_1': 400, 'lr': 0.01, 'drop_out1': 0.5, 'epochs': 130}
INFO:root:Mean Acc : 0.671065  Std Dev (0.122466) with param: {'act_layer1': 'sigmoid', 'hu_1': 100, 'lr': 0.1, 'drop_out1': 0, 'epochs': 50}
INFO:root:Mean Acc : 0.693087  Std Dev (0.104399) with param: {'act_layer1': 'sigmoid', 'hu_1': 100, 'lr': 0.01, 'drop_out1': 0, 'epochs': 50}
INFO:root:Mean Acc : 0.690043  Std Dev (0.112160) with param: {'act_layer1': 'sigmoid', 'hu_1': 150, 'lr': 0.1, 'drop_out1': 0, 'epochs': 50}
INFO:root:Mean Acc : 0.697239  Std Dev (0.098927) with param: {'act_layer1': 'sigmoid', 'hu_1': 150, 'lr': 0.01, 'drop_out1': 0, 'epochs': 50}
INFO:root:Mean Acc : 0.512196  Std Dev (0.103588) with param: {'act_layer1': 'sigmoid', 'hu_1': 200, 'lr': 0.1, 'drop_out1': 0, 'epochs': 50}
INFO:root:Mean Acc : 0.688630  Std Dev (0.099200) with param: {'act_layer1': 'sigmoid', 'hu_1': 200, 'lr': 0.01, 'drop_out1': 0, 'epochs': 50}
INFO:root:Mean Acc : 0.324630  Std Dev (0.236839) with param: {'act_layer1': 'sigmoid', 'hu_1': 250, 'lr': 0.1, 'drop_out1': 0, 'epochs': 50}
INFO:root:Mean Acc : 0.720283  Std Dev (0.104982) with param: {'act_layer1': 'sigmoid', 'hu_1': 250, 'lr': 0.01, 'drop_out1': 0, 'epochs': 50}
INFO:root:Mean Acc : 0.330478  Std Dev (0.245037) with param: {'act_layer1': 'sigmoid', 'hu_1': 300, 'lr': 0.1, 'drop_out1': 0, 'epochs': 50}
INFO:root:Mean Acc : 0.703174  Std Dev (0.092187) with param: {'act_layer1': 'sigmoid', 'hu_1': 300, 'lr': 0.01, 'drop_out1': 0, 'epochs': 50}
INFO:root:Mean Acc : 0.305652  Std Dev (0.227997) with param: {'act_layer1': 'sigmoid', 'hu_1': 350, 'lr': 0.1, 'drop_out1': 0, 'epochs': 50}
INFO:root:Mean Acc : 0.745022  Std Dev (0.088702) with param: {'act_layer1': 'sigmoid', 'hu_1': 350, 'lr': 0.01, 'drop_out1': 0, 'epochs': 50}
INFO:root:Mean Acc : 0.317435  Std Dev (0.240742) with param: {'act_layer1': 'sigmoid', 'hu_1': 400, 'lr': 0.1, 'drop_out1': 0, 'epochs': 50}
INFO:root:Mean Acc : 0.732739  Std Dev (0.078797) with param: {'act_layer1': 'sigmoid', 'hu_1': 400, 'lr': 0.01, 'drop_out1': 0, 'epochs': 50}
INFO:root:Mean Acc : 0.666935  Std Dev (0.103205) with param: {'act_layer1': 'sigmoid', 'hu_1': 100, 'lr': 0.1, 'drop_out1': 0, 'epochs': 90}
INFO:root:Mean Acc : 0.696196  Std Dev (0.098638) with param: {'act_layer1': 'sigmoid', 'hu_1': 100, 'lr': 0.01, 'drop_out1': 0, 'epochs': 90}
INFO:root:Mean Acc : 0.678870  Std Dev (0.096934) with param: {'act_layer1': 'sigmoid', 'hu_1': 150, 'lr': 0.1, 'drop_out1': 0, 'epochs': 90}
INFO:root:Mean Acc : 0.702826  Std Dev (0.088279) with param: {'act_layer1': 'sigmoid', 'hu_1': 150, 'lr': 0.01, 'drop_out1': 0, 'epochs': 90}
INFO:root:Mean Acc : 0.685174  Std Dev (0.089757) with param: {'act_layer1': 'sigmoid', 'hu_1': 200, 'lr': 0.1, 'drop_out1': 0, 'epochs': 90}
INFO:root:Mean Acc : 0.727630  Std Dev (0.068737) with param: {'act_layer1': 'sigmoid', 'hu_1': 200, 'lr': 0.01, 'drop_out1': 0, 'epochs': 90}
INFO:root:Mean Acc : 0.333804  Std Dev (0.246848) with param: {'act_layer1': 'sigmoid', 'hu_1': 250, 'lr': 0.1, 'drop_out1': 0, 'epochs': 90}
INFO:root:Mean Acc : 0.695500  Std Dev (0.091688) with param: {'act_layer1': 'sigmoid', 'hu_1': 250, 'lr': 0.01, 'drop_out1': 0, 'epochs': 90}
INFO:root:Mean Acc : 0.364913  Std Dev (0.204902) with param: {'act_layer1': 'sigmoid', 'hu_1': 300, 'lr': 0.1, 'drop_out1': 0, 'epochs': 90}
INFO:root:Mean Acc : 0.696717  Std Dev (0.081201) with param: {'act_layer1': 'sigmoid', 'hu_1': 300, 'lr': 0.01, 'drop_out1': 0, 'epochs': 90}
INFO:root:Mean Acc : 0.302630  Std Dev (0.224811) with param: {'act_layer1': 'sigmoid', 'hu_1': 350, 'lr': 0.1, 'drop_out1': 0, 'epochs': 90}
INFO:root:Mean Acc : 0.711217  Std Dev (0.077703) with param: {'act_layer1': 'sigmoid', 'hu_1': 350, 'lr': 0.01, 'drop_out1': 0, 'epochs': 90}
INFO:root:Mean Acc : 0.147391  Std Dev (0.208446) with param: {'act_layer1': 'sigmoid', 'hu_1': 400, 'lr': 0.1, 'drop_out1': 0, 'epochs': 90}
INFO:root:Mean Acc : 0.704000  Std Dev (0.075228) with param: {'act_layer1': 'sigmoid', 'hu_1': 400, 'lr': 0.01, 'drop_out1': 0, 'epochs': 90}
INFO:root:Mean Acc : 0.695457  Std Dev (0.086713) with param: {'act_layer1': 'sigmoid', 'hu_1': 100, 'lr': 0.1, 'drop_out1': 0, 'epochs': 130}
INFO:root:Mean Acc : 0.704457  Std Dev (0.093618) with param: {'act_layer1': 'sigmoid', 'hu_1': 100, 'lr': 0.01, 'drop_out1': 0, 'epochs': 130}
INFO:root:Mean Acc : 0.657109  Std Dev (0.103577) with param: {'act_layer1': 'sigmoid', 'hu_1': 150, 'lr': 0.1, 'drop_out1': 0, 'epochs': 130}
INFO:root:Mean Acc : 0.701304  Std Dev (0.090725) with param: {'act_layer1': 'sigmoid', 'hu_1': 150, 'lr': 0.01, 'drop_out1': 0, 'epochs': 130}
INFO:root:Mean Acc : 0.448457  Std Dev (0.333876) with param: {'act_layer1': 'sigmoid', 'hu_1': 200, 'lr': 0.1, 'drop_out1': 0, 'epochs': 130}
INFO:root:Mean Acc : 0.685500  Std Dev (0.090465) with param: {'act_layer1': 'sigmoid', 'hu_1': 200, 'lr': 0.01, 'drop_out1': 0, 'epochs': 130}
INFO:root:Mean Acc : 0.313435  Std Dev (0.226224) with param: {'act_layer1': 'sigmoid', 'hu_1': 250, 'lr': 0.1, 'drop_out1': 0, 'epochs': 130}
INFO:root:Mean Acc : 0.705913  Std Dev (0.083246) with param: {'act_layer1': 'sigmoid', 'hu_1': 250, 'lr': 0.01, 'drop_out1': 0, 'epochs': 130}
INFO:root:Mean Acc : 0.471304  Std Dev (0.342886) with param: {'act_layer1': 'sigmoid', 'hu_1': 300, 'lr': 0.1, 'drop_out1': 0, 'epochs': 130}
INFO:root:Mean Acc : 0.694935  Std Dev (0.093623) with param: {'act_layer1': 'sigmoid', 'hu_1': 300, 'lr': 0.01, 'drop_out1': 0, 'epochs': 130}
INFO:root:Mean Acc : 0.311087  Std Dev (0.223106) with param: {'act_layer1': 'sigmoid', 'hu_1': 350, 'lr': 0.1, 'drop_out1': 0, 'epochs': 130}
INFO:root:Mean Acc : 0.695391  Std Dev (0.087759) with param: {'act_layer1': 'sigmoid', 'hu_1': 350, 'lr': 0.01, 'drop_out1': 0, 'epochs': 130}
INFO:root:Mean Acc : 0.300739  Std Dev (0.222835) with param: {'act_layer1': 'sigmoid', 'hu_1': 400, 'lr': 0.1, 'drop_out1': 0, 'epochs': 130}
INFO:root:Mean Acc : 0.703065  Std Dev (0.085735) with param: {'act_layer1': 'sigmoid', 'hu_1': 400, 'lr': 0.01, 'drop_out1': 0, 'epochs': 130}
INFO:root:Mean Acc : 0.675978  Std Dev (0.094163) with param: {'act_layer1': 'sigmoid', 'hu_1': 100, 'lr': 0.1, 'drop_out1': 0.5, 'epochs': 50}
INFO:root:Mean Acc : 0.701978  Std Dev (0.118831) with param: {'act_layer1': 'sigmoid', 'hu_1': 100, 'lr': 0.01, 'drop_out1': 0.5, 'epochs': 50}
INFO:root:Mean Acc : 0.679109  Std Dev (0.090373) with param: {'act_layer1': 'sigmoid', 'hu_1': 150, 'lr': 0.1, 'drop_out1': 0.5, 'epochs': 50}
INFO:root:Mean Acc : 0.715935  Std Dev (0.101839) with param: {'act_layer1': 'sigmoid', 'hu_1': 150, 'lr': 0.01, 'drop_out1': 0.5, 'epochs': 50}
INFO:root:Mean Acc : 0.652043  Std Dev (0.101728) with param: {'act_layer1': 'sigmoid', 'hu_1': 200, 'lr': 0.1, 'drop_out1': 0.5, 'epochs': 50}
INFO:root:Mean Acc : 0.704674  Std Dev (0.101104) with param: {'act_layer1': 'sigmoid', 'hu_1': 200, 'lr': 0.01, 'drop_out1': 0.5, 'epochs': 50}
INFO:root:Mean Acc : 0.461674  Std Dev (0.291111) with param: {'act_layer1': 'sigmoid', 'hu_1': 250, 'lr': 0.1, 'drop_out1': 0.5, 'epochs': 50}
INFO:root:Mean Acc : 0.684761  Std Dev (0.103906) with param: {'act_layer1': 'sigmoid', 'hu_1': 250, 'lr': 0.01, 'drop_out1': 0.5, 'epochs': 50}
INFO:root:Mean Acc : 0.306565  Std Dev (0.228966) with param: {'act_layer1': 'sigmoid', 'hu_1': 300, 'lr': 0.1, 'drop_out1': 0.5, 'epochs': 50}
INFO:root:Mean Acc : 0.717000  Std Dev (0.079865) with param: {'act_layer1': 'sigmoid', 'hu_1': 300, 'lr': 0.01, 'drop_out1': 0.5, 'epochs': 50}
INFO:root:Mean Acc : 0.318304  Std Dev (0.241701) with param: {'act_layer1': 'sigmoid', 'hu_1': 350, 'lr': 0.1, 'drop_out1': 0.5, 'epochs': 50}
INFO:root:Mean Acc : 0.724804  Std Dev (0.097091) with param: {'act_layer1': 'sigmoid', 'hu_1': 350, 'lr': 0.01, 'drop_out1': 0.5, 'epochs': 50}
INFO:root:Mean Acc : 0.427543  Std Dev (0.302529) with param: {'act_layer1': 'sigmoid', 'hu_1': 400, 'lr': 0.1, 'drop_out1': 0.5, 'epochs': 50}
INFO:root:Mean Acc : 0.708935  Std Dev (0.090138) with param: {'act_layer1': 'sigmoid', 'hu_1': 400, 'lr': 0.01, 'drop_out1': 0.5, 'epochs': 50}
INFO:root:Mean Acc : 0.680109  Std Dev (0.086006) with param: {'act_layer1': 'sigmoid', 'hu_1': 100, 'lr': 0.1, 'drop_out1': 0.5, 'epochs': 90}
INFO:root:Mean Acc : 0.697239  Std Dev (0.101466) with param: {'act_layer1': 'sigmoid', 'hu_1': 100, 'lr': 0.01, 'drop_out1': 0.5, 'epochs': 90}
INFO:root:Mean Acc : 0.630370  Std Dev (0.126140) with param: {'act_layer1': 'sigmoid', 'hu_1': 150, 'lr': 0.1, 'drop_out1': 0.5, 'epochs': 90}
INFO:root:Mean Acc : 0.718674  Std Dev (0.103584) with param: {'act_layer1': 'sigmoid', 'hu_1': 150, 'lr': 0.01, 'drop_out1': 0.5, 'epochs': 90}
INFO:root:Mean Acc : 0.634935  Std Dev (0.110782) with param: {'act_layer1': 'sigmoid', 'hu_1': 200, 'lr': 0.1, 'drop_out1': 0.5, 'epochs': 90}
INFO:root:Mean Acc : 0.698826  Std Dev (0.096001) with param: {'act_layer1': 'sigmoid', 'hu_1': 200, 'lr': 0.01, 'drop_out1': 0.5, 'epochs': 90}
INFO:root:Mean Acc : 0.467609  Std Dev (0.340987) with param: {'act_layer1': 'sigmoid', 'hu_1': 250, 'lr': 0.1, 'drop_out1': 0.5, 'epochs': 90}
INFO:root:Mean Acc : 0.712500  Std Dev (0.088598) with param: {'act_layer1': 'sigmoid', 'hu_1': 250, 'lr': 0.01, 'drop_out1': 0.5, 'epochs': 90}
INFO:root:Mean Acc : 0.487826  Std Dev (0.294067) with param: {'act_layer1': 'sigmoid', 'hu_1': 300, 'lr': 0.1, 'drop_out1': 0.5, 'epochs': 90}
INFO:root:Mean Acc : 0.713174  Std Dev (0.089493) with param: {'act_layer1': 'sigmoid', 'hu_1': 300, 'lr': 0.01, 'drop_out1': 0.5, 'epochs': 90}
INFO:root:Mean Acc : 0.479717  Std Dev (0.346273) with param: {'act_layer1': 'sigmoid', 'hu_1': 350, 'lr': 0.1, 'drop_out1': 0.5, 'epochs': 90}
INFO:root:Mean Acc : 0.727935  Std Dev (0.086447) with param: {'act_layer1': 'sigmoid', 'hu_1': 350, 'lr': 0.01, 'drop_out1': 0.5, 'epochs': 90}
INFO:root:Mean Acc : 0.475457  Std Dev (0.311371) with param: {'act_layer1': 'sigmoid', 'hu_1': 400, 'lr': 0.1, 'drop_out1': 0.5, 'epochs': 90}
INFO:root:Mean Acc : 0.704609  Std Dev (0.089712) with param: {'act_layer1': 'sigmoid', 'hu_1': 400, 'lr': 0.01, 'drop_out1': 0.5, 'epochs': 90}
INFO:root:Mean Acc : 0.678739  Std Dev (0.082406) with param: {'act_layer1': 'sigmoid', 'hu_1': 100, 'lr': 0.1, 'drop_out1': 0.5, 'epochs': 130}
INFO:root:Mean Acc : 0.706500  Std Dev (0.110232) with param: {'act_layer1': 'sigmoid', 'hu_1': 100, 'lr': 0.01, 'drop_out1': 0.5, 'epochs': 130}
INFO:root:Mean Acc : 0.638500  Std Dev (0.128156) with param: {'act_layer1': 'sigmoid', 'hu_1': 150, 'lr': 0.1, 'drop_out1': 0.5, 'epochs': 130}
INFO:root:Mean Acc : 0.717804  Std Dev (0.091090) with param: {'act_layer1': 'sigmoid', 'hu_1': 150, 'lr': 0.01, 'drop_out1': 0.5, 'epochs': 130}
INFO:root:Mean Acc : 0.682261  Std Dev (0.077800) with param: {'act_layer1': 'sigmoid', 'hu_1': 200, 'lr': 0.1, 'drop_out1': 0.5, 'epochs': 130}
INFO:root:Mean Acc : 0.718370  Std Dev (0.089774) with param: {'act_layer1': 'sigmoid', 'hu_1': 200, 'lr': 0.01, 'drop_out1': 0.5, 'epochs': 130}
INFO:root:Mean Acc : 0.495565  Std Dev (0.299777) with param: {'act_layer1': 'sigmoid', 'hu_1': 250, 'lr': 0.1, 'drop_out1': 0.5, 'epochs': 130}
INFO:root:Mean Acc : 0.734087  Std Dev (0.071452) with param: {'act_layer1': 'sigmoid', 'hu_1': 250, 'lr': 0.01, 'drop_out1': 0.5, 'epochs': 130}
INFO:root:Mean Acc : 0.364348  Std Dev (0.263970) with param: {'act_layer1': 'sigmoid', 'hu_1': 300, 'lr': 0.1, 'drop_out1': 0.5, 'epochs': 130}
INFO:root:Mean Acc : 0.716457  Std Dev (0.085071) with param: {'act_layer1': 'sigmoid', 'hu_1': 300, 'lr': 0.01, 'drop_out1': 0.5, 'epochs': 130}
INFO:root:Mean Acc : 0.450435  Std Dev (0.335934) with param: {'act_layer1': 'sigmoid', 'hu_1': 350, 'lr': 0.1, 'drop_out1': 0.5, 'epochs': 130}
INFO:root:Mean Acc : 0.721478  Std Dev (0.081897) with param: {'act_layer1': 'sigmoid', 'hu_1': 350, 'lr': 0.01, 'drop_out1': 0.5, 'epochs': 130}
INFO:root:Mean Acc : 0.324739  Std Dev (0.235382) with param: {'act_layer1': 'sigmoid', 'hu_1': 400, 'lr': 0.1, 'drop_out1': 0.5, 'epochs': 130}
INFO:root:Mean Acc : 0.718109  Std Dev (0.078749) with param: {'act_layer1': 'sigmoid', 'hu_1': 400, 'lr': 0.01, 'drop_out1': 0.5, 'epochs': 130}
INFO:root:Time Taken 570.862583621343
INFO:root:##### EXPERIMENT COMPLETE #####