[kkalyan3@helios1 log]$ cat new_grid_exp1_cifar10_5_model1.out
INFO:root:##### NEW EXPERIMENT #####
INFO:root:Best: 0.730156 using {'act_layer1': 'sigmoid', 'epochs': 50, 'hu_1': 100, 'drop_out1': 0, 'lr': 0.01}
INFO:root:Mean Acc : 0.698844  Std Dev (0.105307) with param: {'act_layer1': 'relu', 'epochs': 50, 'hu_1': 100, 'drop_out1': 0, 'lr': 0.1}
INFO:root:Mean Acc : 0.703400  Std Dev (0.092157) with param: {'act_layer1': 'relu', 'epochs': 50, 'hu_1': 100, 'drop_out1': 0, 'lr': 0.01}
INFO:root:Mean Acc : 0.638422  Std Dev (0.107340) with param: {'act_layer1': 'relu', 'epochs': 50, 'hu_1': 150, 'drop_out1': 0, 'lr': 0.1}
INFO:root:Mean Acc : 0.701267  Std Dev (0.095638) with param: {'act_layer1': 'relu', 'epochs': 50, 'hu_1': 150, 'drop_out1': 0, 'lr': 0.01}
INFO:root:Mean Acc : 0.679467  Std Dev (0.138008) with param: {'act_layer1': 'relu', 'epochs': 50, 'hu_1': 200, 'drop_out1': 0, 'lr': 0.1}
INFO:root:Mean Acc : 0.706711  Std Dev (0.109917) with param: {'act_layer1': 'relu', 'epochs': 50, 'hu_1': 200, 'drop_out1': 0, 'lr': 0.01}
INFO:root:Mean Acc : 0.673111  Std Dev (0.109546) with param: {'act_layer1': 'relu', 'epochs': 50, 'hu_1': 250, 'drop_out1': 0, 'lr': 0.1}
INFO:root:Mean Acc : 0.686244  Std Dev (0.107220) with param: {'act_layer1': 'relu', 'epochs': 50, 'hu_1': 250, 'drop_out1': 0, 'lr': 0.01}
INFO:root:Mean Acc : 0.682489  Std Dev (0.091332) with param: {'act_layer1': 'relu', 'epochs': 50, 'hu_1': 300, 'drop_out1': 0, 'lr': 0.1}
INFO:root:Mean Acc : 0.692822  Std Dev (0.123640) with param: {'act_layer1': 'relu', 'epochs': 50, 'hu_1': 300, 'drop_out1': 0, 'lr': 0.01}
INFO:root:Mean Acc : 0.666444  Std Dev (0.104644) with param: {'act_layer1': 'relu', 'epochs': 50, 'hu_1': 350, 'drop_out1': 0, 'lr': 0.1}
INFO:root:Mean Acc : 0.681489  Std Dev (0.112156) with param: {'act_layer1': 'relu', 'epochs': 50, 'hu_1': 350, 'drop_out1': 0, 'lr': 0.01}
INFO:root:Mean Acc : 0.714800  Std Dev (0.069847) with param: {'act_layer1': 'relu', 'epochs': 50, 'hu_1': 400, 'drop_out1': 0, 'lr': 0.1}
INFO:root:Mean Acc : 0.708378  Std Dev (0.117953) with param: {'act_layer1': 'relu', 'epochs': 50, 'hu_1': 400, 'drop_out1': 0, 'lr': 0.01}
INFO:root:Mean Acc : 0.661467  Std Dev (0.096751) with param: {'act_layer1': 'relu', 'epochs': 90, 'hu_1': 100, 'drop_out1': 0, 'lr': 0.1}
INFO:root:Mean Acc : 0.691711  Std Dev (0.097500) with param: {'act_layer1': 'relu', 'epochs': 90, 'hu_1': 100, 'drop_out1': 0, 'lr': 0.01}
INFO:root:Mean Acc : 0.657533  Std Dev (0.104383) with param: {'act_layer1': 'relu', 'epochs': 90, 'hu_1': 150, 'drop_out1': 0, 'lr': 0.1}
INFO:root:Mean Acc : 0.698667  Std Dev (0.092649) with param: {'act_layer1': 'relu', 'epochs': 90, 'hu_1': 150, 'drop_out1': 0, 'lr': 0.01}
INFO:root:Mean Acc : 0.669289  Std Dev (0.097736) with param: {'act_layer1': 'relu', 'epochs': 90, 'hu_1': 200, 'drop_out1': 0, 'lr': 0.1}
INFO:root:Mean Acc : 0.698311  Std Dev (0.113907) with param: {'act_layer1': 'relu', 'epochs': 90, 'hu_1': 200, 'drop_out1': 0, 'lr': 0.01}
INFO:root:Mean Acc : 0.672444  Std Dev (0.097117) with param: {'act_layer1': 'relu', 'epochs': 90, 'hu_1': 250, 'drop_out1': 0, 'lr': 0.1}
INFO:root:Mean Acc : 0.706644  Std Dev (0.102146) with param: {'act_layer1': 'relu', 'epochs': 90, 'hu_1': 250, 'drop_out1': 0, 'lr': 0.01}
INFO:root:Mean Acc : 0.676978  Std Dev (0.074216) with param: {'act_layer1': 'relu', 'epochs': 90, 'hu_1': 300, 'drop_out1': 0, 'lr': 0.1}
INFO:root:Mean Acc : 0.685956  Std Dev (0.100686) with param: {'act_layer1': 'relu', 'epochs': 90, 'hu_1': 300, 'drop_out1': 0, 'lr': 0.01}
INFO:root:Mean Acc : 0.702600  Std Dev (0.101233) with param: {'act_layer1': 'relu', 'epochs': 90, 'hu_1': 350, 'drop_out1': 0, 'lr': 0.1}
INFO:root:Mean Acc : 0.699600  Std Dev (0.097875) with param: {'act_layer1': 'relu', 'epochs': 90, 'hu_1': 350, 'drop_out1': 0, 'lr': 0.01}
INFO:root:Mean Acc : 0.671133  Std Dev (0.115252) with param: {'act_layer1': 'relu', 'epochs': 90, 'hu_1': 400, 'drop_out1': 0, 'lr': 0.1}
INFO:root:Mean Acc : 0.686533  Std Dev (0.106541) with param: {'act_layer1': 'relu', 'epochs': 90, 'hu_1': 400, 'drop_out1': 0, 'lr': 0.01}
INFO:root:Mean Acc : 0.656311  Std Dev (0.103561) with param: {'act_layer1': 'relu', 'epochs': 130, 'hu_1': 100, 'drop_out1': 0, 'lr': 0.1}
INFO:root:Mean Acc : 0.694644  Std Dev (0.102267) with param: {'act_layer1': 'relu', 'epochs': 130, 'hu_1': 100, 'drop_out1': 0, 'lr': 0.01}
INFO:root:Mean Acc : 0.662422  Std Dev (0.068541) with param: {'act_layer1': 'relu', 'epochs': 130, 'hu_1': 150, 'drop_out1': 0, 'lr': 0.1}
INFO:root:Mean Acc : 0.692089  Std Dev (0.102939) with param: {'act_layer1': 'relu', 'epochs': 130, 'hu_1': 150, 'drop_out1': 0, 'lr': 0.01}
INFO:root:Mean Acc : 0.707733  Std Dev (0.105350) with param: {'act_layer1': 'relu', 'epochs': 130, 'hu_1': 200, 'drop_out1': 0, 'lr': 0.1}
INFO:root:Mean Acc : 0.687222  Std Dev (0.120024) with param: {'act_layer1': 'relu', 'epochs': 130, 'hu_1': 200, 'drop_out1': 0, 'lr': 0.01}
INFO:root:Mean Acc : 0.692089  Std Dev (0.074268) with param: {'act_layer1': 'relu', 'epochs': 130, 'hu_1': 250, 'drop_out1': 0, 'lr': 0.1}
INFO:root:Mean Acc : 0.705267  Std Dev (0.097092) with param: {'act_layer1': 'relu', 'epochs': 130, 'hu_1': 250, 'drop_out1': 0, 'lr': 0.01}
INFO:root:Mean Acc : 0.674711  Std Dev (0.109274) with param: {'act_layer1': 'relu', 'epochs': 130, 'hu_1': 300, 'drop_out1': 0, 'lr': 0.1}
INFO:root:Mean Acc : 0.676422  Std Dev (0.113248) with param: {'act_layer1': 'relu', 'epochs': 130, 'hu_1': 300, 'drop_out1': 0, 'lr': 0.01}
INFO:root:Mean Acc : 0.698000  Std Dev (0.112287) with param: {'act_layer1': 'relu', 'epochs': 130, 'hu_1': 350, 'drop_out1': 0, 'lr': 0.1}
INFO:root:Mean Acc : 0.688422  Std Dev (0.104729) with param: {'act_layer1': 'relu', 'epochs': 130, 'hu_1': 350, 'drop_out1': 0, 'lr': 0.01}
INFO:root:Mean Acc : 0.672578  Std Dev (0.116833) with param: {'act_layer1': 'relu', 'epochs': 130, 'hu_1': 400, 'drop_out1': 0, 'lr': 0.1}
INFO:root:Mean Acc : 0.688511  Std Dev (0.116942) with param: {'act_layer1': 'relu', 'epochs': 130, 'hu_1': 400, 'drop_out1': 0, 'lr': 0.01}
INFO:root:Mean Acc : 0.525600  Std Dev (0.177756) with param: {'act_layer1': 'relu', 'epochs': 50, 'hu_1': 100, 'drop_out1': 0.5, 'lr': 0.1}
INFO:root:Mean Acc : 0.707578  Std Dev (0.125597) with param: {'act_layer1': 'relu', 'epochs': 50, 'hu_1': 100, 'drop_out1': 0.5, 'lr': 0.01}
INFO:root:Mean Acc : 0.630422  Std Dev (0.100727) with param: {'act_layer1': 'relu', 'epochs': 50, 'hu_1': 150, 'drop_out1': 0.5, 'lr': 0.1}
INFO:root:Mean Acc : 0.697733  Std Dev (0.097541) with param: {'act_layer1': 'relu', 'epochs': 50, 'hu_1': 150, 'drop_out1': 0.5, 'lr': 0.01}
INFO:root:Mean Acc : 0.614422  Std Dev (0.127521) with param: {'act_layer1': 'relu', 'epochs': 50, 'hu_1': 200, 'drop_out1': 0.5, 'lr': 0.1}
INFO:root:Mean Acc : 0.693378  Std Dev (0.098002) with param: {'act_layer1': 'relu', 'epochs': 50, 'hu_1': 200, 'drop_out1': 0.5, 'lr': 0.01}
INFO:root:Mean Acc : 0.553133  Std Dev (0.161037) with param: {'act_layer1': 'relu', 'epochs': 50, 'hu_1': 250, 'drop_out1': 0.5, 'lr': 0.1}
INFO:root:Mean Acc : 0.695444  Std Dev (0.092177) with param: {'act_layer1': 'relu', 'epochs': 50, 'hu_1': 250, 'drop_out1': 0.5, 'lr': 0.01}
INFO:root:Mean Acc : 0.572489  Std Dev (0.159093) with param: {'act_layer1': 'relu', 'epochs': 50, 'hu_1': 300, 'drop_out1': 0.5, 'lr': 0.1}
INFO:root:Mean Acc : 0.697689  Std Dev (0.110209) with param: {'act_layer1': 'relu', 'epochs': 50, 'hu_1': 300, 'drop_out1': 0.5, 'lr': 0.01}
INFO:root:Mean Acc : 0.700111  Std Dev (0.048679) with param: {'act_layer1': 'relu', 'epochs': 50, 'hu_1': 350, 'drop_out1': 0.5, 'lr': 0.1}
INFO:root:Mean Acc : 0.678022  Std Dev (0.118320) with param: {'act_layer1': 'relu', 'epochs': 50, 'hu_1': 350, 'drop_out1': 0.5, 'lr': 0.01}
INFO:root:Mean Acc : 0.621733  Std Dev (0.094172) with param: {'act_layer1': 'relu', 'epochs': 50, 'hu_1': 400, 'drop_out1': 0.5, 'lr': 0.1}
INFO:root:Mean Acc : 0.691467  Std Dev (0.112203) with param: {'act_layer1': 'relu', 'epochs': 50, 'hu_1': 400, 'drop_out1': 0.5, 'lr': 0.01}
INFO:root:Mean Acc : 0.569111  Std Dev (0.100480) with param: {'act_layer1': 'relu', 'epochs': 90, 'hu_1': 100, 'drop_out1': 0.5, 'lr': 0.1}
INFO:root:Mean Acc : 0.697378  Std Dev (0.102726) with param: {'act_layer1': 'relu', 'epochs': 90, 'hu_1': 100, 'drop_out1': 0.5, 'lr': 0.01}
INFO:root:Mean Acc : 0.584689  Std Dev (0.103020) with param: {'act_layer1': 'relu', 'epochs': 90, 'hu_1': 150, 'drop_out1': 0.5, 'lr': 0.1}
INFO:root:Mean Acc : 0.677800  Std Dev (0.103527) with param: {'act_layer1': 'relu', 'epochs': 90, 'hu_1': 150, 'drop_out1': 0.5, 'lr': 0.01}
INFO:root:Mean Acc : 0.478844  Std Dev (0.164137) with param: {'act_layer1': 'relu', 'epochs': 90, 'hu_1': 200, 'drop_out1': 0.5, 'lr': 0.1}
INFO:root:Mean Acc : 0.706489  Std Dev (0.102468) with param: {'act_layer1': 'relu', 'epochs': 90, 'hu_1': 200, 'drop_out1': 0.5, 'lr': 0.01}
INFO:root:Mean Acc : 0.636044  Std Dev (0.089926) with param: {'act_layer1': 'relu', 'epochs': 90, 'hu_1': 250, 'drop_out1': 0.5, 'lr': 0.1}
INFO:root:Mean Acc : 0.692289  Std Dev (0.103793) with param: {'act_layer1': 'relu', 'epochs': 90, 'hu_1': 250, 'drop_out1': 0.5, 'lr': 0.01}
INFO:root:Mean Acc : 0.598733  Std Dev (0.121802) with param: {'act_layer1': 'relu', 'epochs': 90, 'hu_1': 300, 'drop_out1': 0.5, 'lr': 0.1}
INFO:root:Mean Acc : 0.683644  Std Dev (0.116037) with param: {'act_layer1': 'relu', 'epochs': 90, 'hu_1': 300, 'drop_out1': 0.5, 'lr': 0.01}
INFO:root:Mean Acc : 0.533911  Std Dev (0.157288) with param: {'act_layer1': 'relu', 'epochs': 90, 'hu_1': 350, 'drop_out1': 0.5, 'lr': 0.1}
INFO:root:Mean Acc : 0.690156  Std Dev (0.106520) with param: {'act_layer1': 'relu', 'epochs': 90, 'hu_1': 350, 'drop_out1': 0.5, 'lr': 0.01}
INFO:root:Mean Acc : 0.568378  Std Dev (0.120087) with param: {'act_layer1': 'relu', 'epochs': 90, 'hu_1': 400, 'drop_out1': 0.5, 'lr': 0.1}
INFO:root:Mean Acc : 0.688844  Std Dev (0.107001) with param: {'act_layer1': 'relu', 'epochs': 90, 'hu_1': 400, 'drop_out1': 0.5, 'lr': 0.01}
INFO:root:Mean Acc : 0.513578  Std Dev (0.185963) with param: {'act_layer1': 'relu', 'epochs': 130, 'hu_1': 100, 'drop_out1': 0.5, 'lr': 0.1}
INFO:root:Mean Acc : 0.698378  Std Dev (0.100880) with param: {'act_layer1': 'relu', 'epochs': 130, 'hu_1': 100, 'drop_out1': 0.5, 'lr': 0.01}
INFO:root:Mean Acc : 0.547200  Std Dev (0.178960) with param: {'act_layer1': 'relu', 'epochs': 130, 'hu_1': 150, 'drop_out1': 0.5, 'lr': 0.1}
INFO:root:Mean Acc : 0.705689  Std Dev (0.104263) with param: {'act_layer1': 'relu', 'epochs': 130, 'hu_1': 150, 'drop_out1': 0.5, 'lr': 0.01}
INFO:root:Mean Acc : 0.485911  Std Dev (0.194658) with param: {'act_layer1': 'relu', 'epochs': 130, 'hu_1': 200, 'drop_out1': 0.5, 'lr': 0.1}
INFO:root:Mean Acc : 0.699711  Std Dev (0.098853) with param: {'act_layer1': 'relu', 'epochs': 130, 'hu_1': 200, 'drop_out1': 0.5, 'lr': 0.01}
INFO:root:Mean Acc : 0.581778  Std Dev (0.136140) with param: {'act_layer1': 'relu', 'epochs': 130, 'hu_1': 250, 'drop_out1': 0.5, 'lr': 0.1}
INFO:root:Mean Acc : 0.697244  Std Dev (0.095959) with param: {'act_layer1': 'relu', 'epochs': 130, 'hu_1': 250, 'drop_out1': 0.5, 'lr': 0.01}
INFO:root:Mean Acc : 0.600222  Std Dev (0.165302) with param: {'act_layer1': 'relu', 'epochs': 130, 'hu_1': 300, 'drop_out1': 0.5, 'lr': 0.1}
INFO:root:Mean Acc : 0.708400  Std Dev (0.108835) with param: {'act_layer1': 'relu', 'epochs': 130, 'hu_1': 300, 'drop_out1': 0.5, 'lr': 0.01}
INFO:root:Mean Acc : 0.549844  Std Dev (0.080208) with param: {'act_layer1': 'relu', 'epochs': 130, 'hu_1': 350, 'drop_out1': 0.5, 'lr': 0.1}
INFO:root:Mean Acc : 0.689156  Std Dev (0.099611) with param: {'act_layer1': 'relu', 'epochs': 130, 'hu_1': 350, 'drop_out1': 0.5, 'lr': 0.01}
INFO:root:Mean Acc : 0.571044  Std Dev (0.141074) with param: {'act_layer1': 'relu', 'epochs': 130, 'hu_1': 400, 'drop_out1': 0.5, 'lr': 0.1}
INFO:root:Mean Acc : 0.682089  Std Dev (0.099727) with param: {'act_layer1': 'relu', 'epochs': 130, 'hu_1': 400, 'drop_out1': 0.5, 'lr': 0.01}
INFO:root:Mean Acc : 0.697756  Std Dev (0.111562) with param: {'act_layer1': 'sigmoid', 'epochs': 50, 'hu_1': 100, 'drop_out1': 0, 'lr': 0.1}
INFO:root:Mean Acc : 0.730156  Std Dev (0.087674) with param: {'act_layer1': 'sigmoid', 'epochs': 50, 'hu_1': 100, 'drop_out1': 0, 'lr': 0.01}
INFO:root:Mean Acc : 0.671667  Std Dev (0.113327) with param: {'act_layer1': 'sigmoid', 'epochs': 50, 'hu_1': 150, 'drop_out1': 0, 'lr': 0.1}
INFO:root:Mean Acc : 0.709667  Std Dev (0.093192) with param: {'act_layer1': 'sigmoid', 'epochs': 50, 'hu_1': 150, 'drop_out1': 0, 'lr': 0.01}
INFO:root:Mean Acc : 0.682911  Std Dev (0.105278) with param: {'act_layer1': 'sigmoid', 'epochs': 50, 'hu_1': 200, 'drop_out1': 0, 'lr': 0.1}
INFO:root:Mean Acc : 0.699333  Std Dev (0.094095) with param: {'act_layer1': 'sigmoid', 'epochs': 50, 'hu_1': 200, 'drop_out1': 0, 'lr': 0.01}
INFO:root:Mean Acc : 0.446956  Std Dev (0.333333) with param: {'act_layer1': 'sigmoid', 'epochs': 50, 'hu_1': 250, 'drop_out1': 0, 'lr': 0.1}
INFO:root:Mean Acc : 0.717133  Std Dev (0.092386) with param: {'act_layer1': 'sigmoid', 'epochs': 50, 'hu_1': 250, 'drop_out1': 0, 'lr': 0.01}
INFO:root:Mean Acc : 0.444489  Std Dev (0.325712) with param: {'act_layer1': 'sigmoid', 'epochs': 50, 'hu_1': 300, 'drop_out1': 0, 'lr': 0.1}
INFO:root:Mean Acc : 0.706667  Std Dev (0.098347) with param: {'act_layer1': 'sigmoid', 'epochs': 50, 'hu_1': 300, 'drop_out1': 0, 'lr': 0.01}
INFO:root:Mean Acc : 0.531933  Std Dev (0.156154) with param: {'act_layer1': 'sigmoid', 'epochs': 50, 'hu_1': 350, 'drop_out1': 0, 'lr': 0.1}
INFO:root:Mean Acc : 0.726200  Std Dev (0.086850) with param: {'act_layer1': 'sigmoid', 'epochs': 50, 'hu_1': 350, 'drop_out1': 0, 'lr': 0.01}
INFO:root:Mean Acc : 0.279667  Std Dev (0.209896) with param: {'act_layer1': 'sigmoid', 'epochs': 50, 'hu_1': 400, 'drop_out1': 0, 'lr': 0.1}
INFO:root:Mean Acc : 0.709889  Std Dev (0.094789) with param: {'act_layer1': 'sigmoid', 'epochs': 50, 'hu_1': 400, 'drop_out1': 0, 'lr': 0.01}
INFO:root:Mean Acc : 0.685644  Std Dev (0.096640) with param: {'act_layer1': 'sigmoid', 'epochs': 90, 'hu_1': 100, 'drop_out1': 0, 'lr': 0.1}
INFO:root:Mean Acc : 0.706311  Std Dev (0.106658) with param: {'act_layer1': 'sigmoid', 'epochs': 90, 'hu_1': 100, 'drop_out1': 0, 'lr': 0.01}
INFO:root:Mean Acc : 0.648778  Std Dev (0.130736) with param: {'act_layer1': 'sigmoid', 'epochs': 90, 'hu_1': 150, 'drop_out1': 0, 'lr': 0.1}
INFO:root:Mean Acc : 0.721444  Std Dev (0.086885) with param: {'act_layer1': 'sigmoid', 'epochs': 90, 'hu_1': 150, 'drop_out1': 0, 'lr': 0.01}
INFO:root:Mean Acc : 0.674556  Std Dev (0.119704) with param: {'act_layer1': 'sigmoid', 'epochs': 90, 'hu_1': 200, 'drop_out1': 0, 'lr': 0.1}
INFO:root:Mean Acc : 0.711578  Std Dev (0.104197) with param: {'act_layer1': 'sigmoid', 'epochs': 90, 'hu_1': 200, 'drop_out1': 0, 'lr': 0.01}
INFO:root:Mean Acc : 0.449378  Std Dev (0.333647) with param: {'act_layer1': 'sigmoid', 'epochs': 90, 'hu_1': 250, 'drop_out1': 0, 'lr': 0.1}
INFO:root:Mean Acc : 0.705889  Std Dev (0.098260) with param: {'act_layer1': 'sigmoid', 'epochs': 90, 'hu_1': 250, 'drop_out1': 0, 'lr': 0.01}
INFO:root:Mean Acc : 0.276222  Std Dev (0.206212) with param: {'act_layer1': 'sigmoid', 'epochs': 90, 'hu_1': 300, 'drop_out1': 0, 'lr': 0.1}
INFO:root:Mean Acc : 0.712089  Std Dev (0.105807) with param: {'act_layer1': 'sigmoid', 'epochs': 90, 'hu_1': 300, 'drop_out1': 0, 'lr': 0.01}
INFO:root:Mean Acc : 0.286822  Std Dev (0.217700) with param: {'act_layer1': 'sigmoid', 'epochs': 90, 'hu_1': 350, 'drop_out1': 0, 'lr': 0.1}
INFO:root:Mean Acc : 0.725511  Std Dev (0.081637) with param: {'act_layer1': 'sigmoid', 'epochs': 90, 'hu_1': 350, 'drop_out1': 0, 'lr': 0.01}
INFO:root:Mean Acc : 0.464156  Std Dev (0.339379) with param: {'act_layer1': 'sigmoid', 'epochs': 90, 'hu_1': 400, 'drop_out1': 0, 'lr': 0.1}
INFO:root:Mean Acc : 0.679422  Std Dev (0.118510) with param: {'act_layer1': 'sigmoid', 'epochs': 90, 'hu_1': 400, 'drop_out1': 0, 'lr': 0.01}
INFO:root:Mean Acc : 0.684511  Std Dev (0.125817) with param: {'act_layer1': 'sigmoid', 'epochs': 130, 'hu_1': 100, 'drop_out1': 0, 'lr': 0.1}
INFO:root:Mean Acc : 0.704578  Std Dev (0.106497) with param: {'act_layer1': 'sigmoid', 'epochs': 130, 'hu_1': 100, 'drop_out1': 0, 'lr': 0.01}
INFO:root:Mean Acc : 0.660244  Std Dev (0.123742) with param: {'act_layer1': 'sigmoid', 'epochs': 130, 'hu_1': 150, 'drop_out1': 0, 'lr': 0.1}
INFO:root:Mean Acc : 0.703622  Std Dev (0.109091) with param: {'act_layer1': 'sigmoid', 'epochs': 130, 'hu_1': 150, 'drop_out1': 0, 'lr': 0.01}
INFO:root:Mean Acc : 0.698489  Std Dev (0.102408) with param: {'act_layer1': 'sigmoid', 'epochs': 130, 'hu_1': 200, 'drop_out1': 0, 'lr': 0.1}
INFO:root:Mean Acc : 0.697911  Std Dev (0.091234) with param: {'act_layer1': 'sigmoid', 'epochs': 130, 'hu_1': 200, 'drop_out1': 0, 'lr': 0.01}
INFO:root:Mean Acc : 0.290600  Std Dev (0.221895) with param: {'act_layer1': 'sigmoid', 'epochs': 130, 'hu_1': 250, 'drop_out1': 0, 'lr': 0.1}
INFO:root:Mean Acc : 0.704822  Std Dev (0.095053) with param: {'act_layer1': 'sigmoid', 'epochs': 130, 'hu_1': 250, 'drop_out1': 0, 'lr': 0.01}
INFO:root:Mean Acc : 0.279267  Std Dev (0.209466) with param: {'act_layer1': 'sigmoid', 'epochs': 130, 'hu_1': 300, 'drop_out1': 0, 'lr': 0.1}
INFO:root:Mean Acc : 0.705667  Std Dev (0.102871) with param: {'act_layer1': 'sigmoid', 'epochs': 130, 'hu_1': 300, 'drop_out1': 0, 'lr': 0.01}
INFO:root:Mean Acc : 0.453711  Std Dev (0.336889) with param: {'act_layer1': 'sigmoid', 'epochs': 130, 'hu_1': 350, 'drop_out1': 0, 'lr': 0.1}
INFO:root:Mean Acc : 0.712644  Std Dev (0.104771) with param: {'act_layer1': 'sigmoid', 'epochs': 130, 'hu_1': 350, 'drop_out1': 0, 'lr': 0.01}
INFO:root:Mean Acc : 0.451511  Std Dev (0.338639) with param: {'act_layer1': 'sigmoid', 'epochs': 130, 'hu_1': 400, 'drop_out1': 0, 'lr': 0.1}
INFO:root:Mean Acc : 0.685089  Std Dev (0.108342) with param: {'act_layer1': 'sigmoid', 'epochs': 130, 'hu_1': 400, 'drop_out1': 0, 'lr': 0.01}
INFO:root:Mean Acc : 0.647756  Std Dev (0.111614) with param: {'act_layer1': 'sigmoid', 'epochs': 50, 'hu_1': 100, 'drop_out1': 0.5, 'lr': 0.1}
INFO:root:Mean Acc : 0.675489  Std Dev (0.114633) with param: {'act_layer1': 'sigmoid', 'epochs': 50, 'hu_1': 100, 'drop_out1': 0.5, 'lr': 0.01}
INFO:root:Mean Acc : 0.698556  Std Dev (0.095264) with param: {'act_layer1': 'sigmoid', 'epochs': 50, 'hu_1': 150, 'drop_out1': 0.5, 'lr': 0.1}
INFO:root:Mean Acc : 0.693022  Std Dev (0.089200) with param: {'act_layer1': 'sigmoid', 'epochs': 50, 'hu_1': 150, 'drop_out1': 0.5, 'lr': 0.01}
INFO:root:Mean Acc : 0.685511  Std Dev (0.090196) with param: {'act_layer1': 'sigmoid', 'epochs': 50, 'hu_1': 200, 'drop_out1': 0.5, 'lr': 0.1}
INFO:root:Mean Acc : 0.693333  Std Dev (0.093058) with param: {'act_layer1': 'sigmoid', 'epochs': 50, 'hu_1': 200, 'drop_out1': 0.5, 'lr': 0.01}
INFO:root:Mean Acc : 0.459000  Std Dev (0.338974) with param: {'act_layer1': 'sigmoid', 'epochs': 50, 'hu_1': 250, 'drop_out1': 0.5, 'lr': 0.1}
INFO:root:Mean Acc : 0.685289  Std Dev (0.104448) with param: {'act_layer1': 'sigmoid', 'epochs': 50, 'hu_1': 250, 'drop_out1': 0.5, 'lr': 0.01}
INFO:root:Mean Acc : 0.426289  Std Dev (0.322815) with param: {'act_layer1': 'sigmoid', 'epochs': 50, 'hu_1': 300, 'drop_out1': 0.5, 'lr': 0.1}
INFO:root:Mean Acc : 0.706689  Std Dev (0.084532) with param: {'act_layer1': 'sigmoid', 'epochs': 50, 'hu_1': 300, 'drop_out1': 0.5, 'lr': 0.01}
INFO:root:Mean Acc : 0.438467  Std Dev (0.328358) with param: {'act_layer1': 'sigmoid', 'epochs': 50, 'hu_1': 350, 'drop_out1': 0.5, 'lr': 0.1}
INFO:root:Mean Acc : 0.696778  Std Dev (0.096685) with param: {'act_layer1': 'sigmoid', 'epochs': 50, 'hu_1': 350, 'drop_out1': 0.5, 'lr': 0.01}
INFO:root:Mean Acc : 0.470200  Std Dev (0.343596) with param: {'act_layer1': 'sigmoid', 'epochs': 50, 'hu_1': 400, 'drop_out1': 0.5, 'lr': 0.1}
INFO:root:Mean Acc : 0.692511  Std Dev (0.103108) with param: {'act_layer1': 'sigmoid', 'epochs': 50, 'hu_1': 400, 'drop_out1': 0.5, 'lr': 0.01}
INFO:root:Mean Acc : 0.699333  Std Dev (0.111122) with param: {'act_layer1': 'sigmoid', 'epochs': 90, 'hu_1': 100, 'drop_out1': 0.5, 'lr': 0.1}
INFO:root:Mean Acc : 0.704489  Std Dev (0.099870) with param: {'act_layer1': 'sigmoid', 'epochs': 90, 'hu_1': 100, 'drop_out1': 0.5, 'lr': 0.01}
INFO:root:Mean Acc : 0.681467  Std Dev (0.079140) with param: {'act_layer1': 'sigmoid', 'epochs': 90, 'hu_1': 150, 'drop_out1': 0.5, 'lr': 0.1}
INFO:root:Mean Acc : 0.704911  Std Dev (0.099049) with param: {'act_layer1': 'sigmoid', 'epochs': 90, 'hu_1': 150, 'drop_out1': 0.5, 'lr': 0.01}
INFO:root:Mean Acc : 0.670133  Std Dev (0.134622) with param: {'act_layer1': 'sigmoid', 'epochs': 90, 'hu_1': 200, 'drop_out1': 0.5, 'lr': 0.1}
INFO:root:Mean Acc : 0.691089  Std Dev (0.106994) with param: {'act_layer1': 'sigmoid', 'epochs': 90, 'hu_1': 200, 'drop_out1': 0.5, 'lr': 0.01}
INFO:root:Mean Acc : 0.449733  Std Dev (0.334220) with param: {'act_layer1': 'sigmoid', 'epochs': 90, 'hu_1': 250, 'drop_out1': 0.5, 'lr': 0.1}
INFO:root:Mean Acc : 0.699400  Std Dev (0.106042) with param: {'act_layer1': 'sigmoid', 'epochs': 90, 'hu_1': 250, 'drop_out1': 0.5, 'lr': 0.01}
INFO:root:Mean Acc : 0.429444  Std Dev (0.329012) with param: {'act_layer1': 'sigmoid', 'epochs': 90, 'hu_1': 300, 'drop_out1': 0.5, 'lr': 0.1}
INFO:root:Mean Acc : 0.701733  Std Dev (0.091910) with param: {'act_layer1': 'sigmoid', 'epochs': 90, 'hu_1': 300, 'drop_out1': 0.5, 'lr': 0.01}
INFO:root:Mean Acc : 0.478578  Std Dev (0.303087) with param: {'act_layer1': 'sigmoid', 'epochs': 90, 'hu_1': 350, 'drop_out1': 0.5, 'lr': 0.1}
INFO:root:Mean Acc : 0.701000  Std Dev (0.100504) with param: {'act_layer1': 'sigmoid', 'epochs': 90, 'hu_1': 350, 'drop_out1': 0.5, 'lr': 0.01}
INFO:root:Mean Acc : 0.444956  Std Dev (0.331578) with param: {'act_layer1': 'sigmoid', 'epochs': 90, 'hu_1': 400, 'drop_out1': 0.5, 'lr': 0.1}
INFO:root:Mean Acc : 0.697400  Std Dev (0.093332) with param: {'act_layer1': 'sigmoid', 'epochs': 90, 'hu_1': 400, 'drop_out1': 0.5, 'lr': 0.01}
INFO:root:Mean Acc : 0.686867  Std Dev (0.115290) with param: {'act_layer1': 'sigmoid', 'epochs': 130, 'hu_1': 100, 'drop_out1': 0.5, 'lr': 0.1}
INFO:root:Mean Acc : 0.694933  Std Dev (0.093943) with param: {'act_layer1': 'sigmoid', 'epochs': 130, 'hu_1': 100, 'drop_out1': 0.5, 'lr': 0.01}
INFO:root:Mean Acc : 0.647222  Std Dev (0.107124) with param: {'act_layer1': 'sigmoid', 'epochs': 130, 'hu_1': 150, 'drop_out1': 0.5, 'lr': 0.1}
INFO:root:Mean Acc : 0.704622  Std Dev (0.097304) with param: {'act_layer1': 'sigmoid', 'epochs': 130, 'hu_1': 150, 'drop_out1': 0.5, 'lr': 0.01}
INFO:root:Mean Acc : 0.674200  Std Dev (0.107129) with param: {'act_layer1': 'sigmoid', 'epochs': 130, 'hu_1': 200, 'drop_out1': 0.5, 'lr': 0.1}
INFO:root:Mean Acc : 0.700467  Std Dev (0.103259) with param: {'act_layer1': 'sigmoid', 'epochs': 130, 'hu_1': 200, 'drop_out1': 0.5, 'lr': 0.01}
INFO:root:Mean Acc : 0.640022  Std Dev (0.080077) with param: {'act_layer1': 'sigmoid', 'epochs': 130, 'hu_1': 250, 'drop_out1': 0.5, 'lr': 0.1}
INFO:root:Mean Acc : 0.685244  Std Dev (0.111250) with param: {'act_layer1': 'sigmoid', 'epochs': 130, 'hu_1': 250, 'drop_out1': 0.5, 'lr': 0.01}
INFO:root:Mean Acc : 0.445867  Std Dev (0.331300) with param: {'act_layer1': 'sigmoid', 'epochs': 130, 'hu_1': 300, 'drop_out1': 0.5, 'lr': 0.1}
INFO:root:Mean Acc : 0.695600  Std Dev (0.115732) with param: {'act_layer1': 'sigmoid', 'epochs': 130, 'hu_1': 300, 'drop_out1': 0.5, 'lr': 0.01}
INFO:root:Mean Acc : 0.667844  Std Dev (0.079865) with param: {'act_layer1': 'sigmoid', 'epochs': 130, 'hu_1': 350, 'drop_out1': 0.5, 'lr': 0.1}
INFO:root:Mean Acc : 0.716289  Std Dev (0.092620) with param: {'act_layer1': 'sigmoid', 'epochs': 130, 'hu_1': 350, 'drop_out1': 0.5, 'lr': 0.01}
INFO:root:Mean Acc : 0.111111  Std Dev (0.157135) with param: {'act_layer1': 'sigmoid', 'epochs': 130, 'hu_1': 400, 'drop_out1': 0.5, 'lr': 0.1}
INFO:root:Mean Acc : 0.701333  Std Dev (0.108512) with param: {'act_layer1': 'sigmoid', 'epochs': 130, 'hu_1': 400, 'drop_out1': 0.5, 'lr': 0.01}
INFO:root:Time Taken 558.1422719875972
INFO:root:##### EXPERIMENT COMPLETE #####