[kkalyan3@helios1 log]$ cat new_grid_exp1_mnist_5_model1.out
INFO:root:##### NEW EXPERIMENT #####
INFO:root:Best: 0.711143 using {'epochs': 50, 'lr': 0.01, 'hu_1': 150, 'act_layer1': 'relu', 'drop_out1': 0.5}
INFO:root:Mean Acc : 0.542571  Std Dev (0.307655) with param: {'epochs': 50, 'lr': 0.1, 'hu_1': 100, 'act_layer1': 'relu', 'drop_out1': 0}
INFO:root:Mean Acc : 0.706771  Std Dev (0.398887) with param: {'epochs': 50, 'lr': 0.01, 'hu_1': 100, 'act_layer1': 'relu', 'drop_out1': 0}
INFO:root:Mean Acc : 0.510171  Std Dev (0.259924) with param: {'epochs': 50, 'lr': 0.1, 'hu_1': 150, 'act_layer1': 'relu', 'drop_out1': 0}
INFO:root:Mean Acc : 0.704571  Std Dev (0.397270) with param: {'epochs': 50, 'lr': 0.01, 'hu_1': 150, 'act_layer1': 'relu', 'drop_out1': 0}
INFO:root:Mean Acc : 0.595286  Std Dev (0.333244) with param: {'epochs': 50, 'lr': 0.1, 'hu_1': 200, 'act_layer1': 'relu', 'drop_out1': 0}
INFO:root:Mean Acc : 0.705857  Std Dev (0.398240) with param: {'epochs': 50, 'lr': 0.01, 'hu_1': 200, 'act_layer1': 'relu', 'drop_out1': 0}
INFO:root:Mean Acc : 0.540200  Std Dev (0.305264) with param: {'epochs': 50, 'lr': 0.1, 'hu_1': 250, 'act_layer1': 'relu', 'drop_out1': 0}
INFO:root:Mean Acc : 0.702714  Std Dev (0.396042) with param: {'epochs': 50, 'lr': 0.01, 'hu_1': 250, 'act_layer1': 'relu', 'drop_out1': 0}
INFO:root:Mean Acc : 0.534971  Std Dev (0.313761) with param: {'epochs': 50, 'lr': 0.1, 'hu_1': 300, 'act_layer1': 'relu', 'drop_out1': 0}
INFO:root:Mean Acc : 0.669400  Std Dev (0.375139) with param: {'epochs': 50, 'lr': 0.01, 'hu_1': 300, 'act_layer1': 'relu', 'drop_out1': 0}
INFO:root:Mean Acc : 0.467371  Std Dev (0.313511) with param: {'epochs': 50, 'lr': 0.1, 'hu_1': 350, 'act_layer1': 'relu', 'drop_out1': 0}
INFO:root:Mean Acc : 0.673686  Std Dev (0.377878) with param: {'epochs': 50, 'lr': 0.01, 'hu_1': 350, 'act_layer1': 'relu', 'drop_out1': 0}
INFO:root:Mean Acc : 0.535543  Std Dev (0.290855) with param: {'epochs': 50, 'lr': 0.1, 'hu_1': 400, 'act_layer1': 'relu', 'drop_out1': 0}
INFO:root:Mean Acc : 0.699886  Std Dev (0.394057) with param: {'epochs': 50, 'lr': 0.01, 'hu_1': 400, 'act_layer1': 'relu', 'drop_out1': 0}
INFO:root:Mean Acc : 0.602029  Std Dev (0.337434) with param: {'epochs': 90, 'lr': 0.1, 'hu_1': 100, 'act_layer1': 'relu', 'drop_out1': 0}
INFO:root:Mean Acc : 0.704743  Std Dev (0.397454) with param: {'epochs': 90, 'lr': 0.01, 'hu_1': 100, 'act_layer1': 'relu', 'drop_out1': 0}
INFO:root:Mean Acc : 0.505257  Std Dev (0.278370) with param: {'epochs': 90, 'lr': 0.1, 'hu_1': 150, 'act_layer1': 'relu', 'drop_out1': 0}
INFO:root:Mean Acc : 0.705200  Std Dev (0.397778) with param: {'epochs': 90, 'lr': 0.01, 'hu_1': 150, 'act_layer1': 'relu', 'drop_out1': 0}
INFO:root:Mean Acc : 0.529571  Std Dev (0.285667) with param: {'epochs': 90, 'lr': 0.1, 'hu_1': 200, 'act_layer1': 'relu', 'drop_out1': 0}
INFO:root:Mean Acc : 0.704229  Std Dev (0.397089) with param: {'epochs': 90, 'lr': 0.01, 'hu_1': 200, 'act_layer1': 'relu', 'drop_out1': 0}
INFO:root:Mean Acc : 0.427914  Std Dev (0.235444) with param: {'epochs': 90, 'lr': 0.1, 'hu_1': 250, 'act_layer1': 'relu', 'drop_out1': 0}
INFO:root:Mean Acc : 0.668743  Std Dev (0.374884) with param: {'epochs': 90, 'lr': 0.01, 'hu_1': 250, 'act_layer1': 'relu', 'drop_out1': 0}
INFO:root:Mean Acc : 0.539629  Std Dev (0.284046) with param: {'epochs': 90, 'lr': 0.1, 'hu_1': 300, 'act_layer1': 'relu', 'drop_out1': 0}
INFO:root:Mean Acc : 0.704857  Std Dev (0.397533) with param: {'epochs': 90, 'lr': 0.01, 'hu_1': 300, 'act_layer1': 'relu', 'drop_out1': 0}
INFO:root:Mean Acc : 0.522457  Std Dev (0.302346) with param: {'epochs': 90, 'lr': 0.1, 'hu_1': 350, 'act_layer1': 'relu', 'drop_out1': 0}
INFO:root:Mean Acc : 0.705000  Std Dev (0.397695) with param: {'epochs': 90, 'lr': 0.01, 'hu_1': 350, 'act_layer1': 'relu', 'drop_out1': 0}
INFO:root:Mean Acc : 0.365943  Std Dev (0.184736) with param: {'epochs': 90, 'lr': 0.1, 'hu_1': 400, 'act_layer1': 'relu', 'drop_out1': 0}
INFO:root:Mean Acc : 0.705057  Std Dev (0.397735) with param: {'epochs': 90, 'lr': 0.01, 'hu_1': 400, 'act_layer1': 'relu', 'drop_out1': 0}
INFO:root:Mean Acc : 0.349314  Std Dev (0.151400) with param: {'epochs': 130, 'lr': 0.1, 'hu_1': 100, 'act_layer1': 'relu', 'drop_out1': 0}
INFO:root:Mean Acc : 0.703714  Std Dev (0.396726) with param: {'epochs': 130, 'lr': 0.01, 'hu_1': 100, 'act_layer1': 'relu', 'drop_out1': 0}
INFO:root:Mean Acc : 0.331743  Std Dev (0.169487) with param: {'epochs': 130, 'lr': 0.1, 'hu_1': 150, 'act_layer1': 'relu', 'drop_out1': 0}
INFO:root:Mean Acc : 0.703600  Std Dev (0.396650) with param: {'epochs': 130, 'lr': 0.01, 'hu_1': 150, 'act_layer1': 'relu', 'drop_out1': 0}
INFO:root:Mean Acc : 0.655171  Std Dev (0.397497) with param: {'epochs': 130, 'lr': 0.1, 'hu_1': 200, 'act_layer1': 'relu', 'drop_out1': 0}
INFO:root:Mean Acc : 0.704086  Std Dev (0.397051) with param: {'epochs': 130, 'lr': 0.01, 'hu_1': 200, 'act_layer1': 'relu', 'drop_out1': 0}
INFO:root:Mean Acc : 0.501629  Std Dev (0.262375) with param: {'epochs': 130, 'lr': 0.1, 'hu_1': 250, 'act_layer1': 'relu', 'drop_out1': 0}
INFO:root:Mean Acc : 0.702943  Std Dev (0.396181) with param: {'epochs': 130, 'lr': 0.01, 'hu_1': 250, 'act_layer1': 'relu', 'drop_out1': 0}
INFO:root:Mean Acc : 0.343286  Std Dev (0.147667) with param: {'epochs': 130, 'lr': 0.1, 'hu_1': 300, 'act_layer1': 'relu', 'drop_out1': 0}
INFO:root:Mean Acc : 0.704743  Std Dev (0.397455) with param: {'epochs': 130, 'lr': 0.01, 'hu_1': 300, 'act_layer1': 'relu', 'drop_out1': 0}
INFO:root:Mean Acc : 0.306371  Std Dev (0.142003) with param: {'epochs': 130, 'lr': 0.1, 'hu_1': 350, 'act_layer1': 'relu', 'drop_out1': 0}
INFO:root:Mean Acc : 0.704400  Std Dev (0.397219) with param: {'epochs': 130, 'lr': 0.01, 'hu_1': 350, 'act_layer1': 'relu', 'drop_out1': 0}
INFO:root:Mean Acc : 0.398143  Std Dev (0.233771) with param: {'epochs': 130, 'lr': 0.1, 'hu_1': 400, 'act_layer1': 'relu', 'drop_out1': 0}
INFO:root:Mean Acc : 0.705143  Std Dev (0.397740) with param: {'epochs': 130, 'lr': 0.01, 'hu_1': 400, 'act_layer1': 'relu', 'drop_out1': 0}
INFO:root:Mean Acc : 0.672286  Std Dev (0.377333) with param: {'epochs': 50, 'lr': 0.1, 'hu_1': 100, 'act_layer1': 'relu', 'drop_out1': 0.5}
INFO:root:Mean Acc : 0.710771  Std Dev (0.401775) with param: {'epochs': 50, 'lr': 0.01, 'hu_1': 100, 'act_layer1': 'relu', 'drop_out1': 0.5}
INFO:root:Mean Acc : 0.575429  Std Dev (0.318056) with param: {'epochs': 50, 'lr': 0.1, 'hu_1': 150, 'act_layer1': 'relu', 'drop_out1': 0.5}
INFO:root:Mean Acc : 0.711143  Std Dev (0.402099) with param: {'epochs': 50, 'lr': 0.01, 'hu_1': 150, 'act_layer1': 'relu', 'drop_out1': 0.5}
INFO:root:Mean Acc : 0.639629  Std Dev (0.361303) with param: {'epochs': 50, 'lr': 0.1, 'hu_1': 200, 'act_layer1': 'relu', 'drop_out1': 0.5}
INFO:root:Mean Acc : 0.710743  Std Dev (0.401694) with param: {'epochs': 50, 'lr': 0.01, 'hu_1': 200, 'act_layer1': 'relu', 'drop_out1': 0.5}
INFO:root:Mean Acc : 0.638914  Std Dev (0.360999) with param: {'epochs': 50, 'lr': 0.1, 'hu_1': 250, 'act_layer1': 'relu', 'drop_out1': 0.5}
INFO:root:Mean Acc : 0.710914  Std Dev (0.401876) with param: {'epochs': 50, 'lr': 0.01, 'hu_1': 250, 'act_layer1': 'relu', 'drop_out1': 0.5}
INFO:root:Mean Acc : 0.635086  Std Dev (0.348381) with param: {'epochs': 50, 'lr': 0.1, 'hu_1': 300, 'act_layer1': 'relu', 'drop_out1': 0.5}
INFO:root:Mean Acc : 0.674400  Std Dev (0.378737) with param: {'epochs': 50, 'lr': 0.01, 'hu_1': 300, 'act_layer1': 'relu', 'drop_out1': 0.5}
INFO:root:Mean Acc : 0.607257  Std Dev (0.332046) with param: {'epochs': 50, 'lr': 0.1, 'hu_1': 350, 'act_layer1': 'relu', 'drop_out1': 0.5}
INFO:root:Mean Acc : 0.641943  Std Dev (0.363061) with param: {'epochs': 50, 'lr': 0.01, 'hu_1': 350, 'act_layer1': 'relu', 'drop_out1': 0.5}
INFO:root:Mean Acc : 0.641657  Std Dev (0.353082) with param: {'epochs': 50, 'lr': 0.1, 'hu_1': 400, 'act_layer1': 'relu', 'drop_out1': 0.5}
INFO:root:Mean Acc : 0.710029  Std Dev (0.401251) with param: {'epochs': 50, 'lr': 0.01, 'hu_1': 400, 'act_layer1': 'relu', 'drop_out1': 0.5}
INFO:root:Mean Acc : 0.571800  Std Dev (0.303759) with param: {'epochs': 90, 'lr': 0.1, 'hu_1': 100, 'act_layer1': 'relu', 'drop_out1': 0.5}
INFO:root:Mean Acc : 0.710429  Std Dev (0.401533) with param: {'epochs': 90, 'lr': 0.01, 'hu_1': 100, 'act_layer1': 'relu', 'drop_out1': 0.5}
INFO:root:Mean Acc : 0.537314  Std Dev (0.282054) with param: {'epochs': 90, 'lr': 0.1, 'hu_1': 150, 'act_layer1': 'relu', 'drop_out1': 0.5}
INFO:root:Mean Acc : 0.710257  Std Dev (0.401412) with param: {'epochs': 90, 'lr': 0.01, 'hu_1': 150, 'act_layer1': 'relu', 'drop_out1': 0.5}
INFO:root:Mean Acc : 0.645657  Std Dev (0.355806) with param: {'epochs': 90, 'lr': 0.1, 'hu_1': 200, 'act_layer1': 'relu', 'drop_out1': 0.5}
INFO:root:Mean Acc : 0.710971  Std Dev (0.401917) with param: {'epochs': 90, 'lr': 0.01, 'hu_1': 200, 'act_layer1': 'relu', 'drop_out1': 0.5}
INFO:root:Mean Acc : 0.647686  Std Dev (0.357230) with param: {'epochs': 90, 'lr': 0.1, 'hu_1': 250, 'act_layer1': 'relu', 'drop_out1': 0.5}
INFO:root:Mean Acc : 0.710886  Std Dev (0.401856) with param: {'epochs': 90, 'lr': 0.01, 'hu_1': 250, 'act_layer1': 'relu', 'drop_out1': 0.5}
INFO:root:Mean Acc : 0.672086  Std Dev (0.377214) with param: {'epochs': 90, 'lr': 0.1, 'hu_1': 300, 'act_layer1': 'relu', 'drop_out1': 0.5}
INFO:root:Mean Acc : 0.711029  Std Dev (0.402018) with param: {'epochs': 90, 'lr': 0.01, 'hu_1': 300, 'act_layer1': 'relu', 'drop_out1': 0.5}
INFO:root:Mean Acc : 0.641943  Std Dev (0.353277) with param: {'epochs': 90, 'lr': 0.1, 'hu_1': 350, 'act_layer1': 'relu', 'drop_out1': 0.5}
INFO:root:Mean Acc : 0.710371  Std Dev (0.401493) with param: {'epochs': 90, 'lr': 0.01, 'hu_1': 350, 'act_layer1': 'relu', 'drop_out1': 0.5}
INFO:root:Mean Acc : 0.577400  Std Dev (0.307562) with param: {'epochs': 90, 'lr': 0.1, 'hu_1': 400, 'act_layer1': 'relu', 'drop_out1': 0.5}
INFO:root:Mean Acc : 0.711029  Std Dev (0.401957) with param: {'epochs': 90, 'lr': 0.01, 'hu_1': 400, 'act_layer1': 'relu', 'drop_out1': 0.5}
INFO:root:Mean Acc : 0.568343  Std Dev (0.301144) with param: {'epochs': 130, 'lr': 0.1, 'hu_1': 100, 'act_layer1': 'relu', 'drop_out1': 0.5}
INFO:root:Mean Acc : 0.710371  Std Dev (0.401492) with param: {'epochs': 130, 'lr': 0.01, 'hu_1': 100, 'act_layer1': 'relu', 'drop_out1': 0.5}
INFO:root:Mean Acc : 0.610457  Std Dev (0.333472) with param: {'epochs': 130, 'lr': 0.1, 'hu_1': 150, 'act_layer1': 'relu', 'drop_out1': 0.5}
INFO:root:Mean Acc : 0.673543  Std Dev (0.378127) with param: {'epochs': 130, 'lr': 0.01, 'hu_1': 150, 'act_layer1': 'relu', 'drop_out1': 0.5}
INFO:root:Mean Acc : 0.509714  Std Dev (0.259755) with param: {'epochs': 130, 'lr': 0.1, 'hu_1': 200, 'act_layer1': 'relu', 'drop_out1': 0.5}
INFO:root:Mean Acc : 0.710286  Std Dev (0.401371) with param: {'epochs': 130, 'lr': 0.01, 'hu_1': 200, 'act_layer1': 'relu', 'drop_out1': 0.5}
INFO:root:Mean Acc : 0.505114  Std Dev (0.256423) with param: {'epochs': 130, 'lr': 0.1, 'hu_1': 250, 'act_layer1': 'relu', 'drop_out1': 0.5}
INFO:root:Mean Acc : 0.710600  Std Dev (0.401654) with param: {'epochs': 130, 'lr': 0.01, 'hu_1': 250, 'act_layer1': 'relu', 'drop_out1': 0.5}
INFO:root:Mean Acc : 0.470257  Std Dev (0.235466) with param: {'epochs': 130, 'lr': 0.1, 'hu_1': 300, 'act_layer1': 'relu', 'drop_out1': 0.5}
INFO:root:Mean Acc : 0.710743  Std Dev (0.401816) with param: {'epochs': 130, 'lr': 0.01, 'hu_1': 300, 'act_layer1': 'relu', 'drop_out1': 0.5}
INFO:root:Mean Acc : 0.638457  Std Dev (0.350727) with param: {'epochs': 130, 'lr': 0.1, 'hu_1': 350, 'act_layer1': 'relu', 'drop_out1': 0.5}
INFO:root:Mean Acc : 0.710286  Std Dev (0.401371) with param: {'epochs': 130, 'lr': 0.01, 'hu_1': 350, 'act_layer1': 'relu', 'drop_out1': 0.5}
INFO:root:Mean Acc : 0.637714  Std Dev (0.369331) with param: {'epochs': 130, 'lr': 0.1, 'hu_1': 400, 'act_layer1': 'relu', 'drop_out1': 0.5}
INFO:root:Mean Acc : 0.711114  Std Dev (0.402018) with param: {'epochs': 130, 'lr': 0.01, 'hu_1': 400, 'act_layer1': 'relu', 'drop_out1': 0.5}
INFO:root:Mean Acc : 0.703800  Std Dev (0.396849) with param: {'epochs': 50, 'lr': 0.1, 'hu_1': 100, 'act_layer1': 'sigmoid', 'drop_out1': 0}
INFO:root:Mean Acc : 0.706686  Std Dev (0.398892) with param: {'epochs': 50, 'lr': 0.01, 'hu_1': 100, 'act_layer1': 'sigmoid', 'drop_out1': 0}
INFO:root:Mean Acc : 0.705429  Std Dev (0.398006) with param: {'epochs': 50, 'lr': 0.1, 'hu_1': 150, 'act_layer1': 'sigmoid', 'drop_out1': 0}
INFO:root:Mean Acc : 0.670400  Std Dev (0.376103) with param: {'epochs': 50, 'lr': 0.01, 'hu_1': 150, 'act_layer1': 'sigmoid', 'drop_out1': 0}
INFO:root:Mean Acc : 0.705800  Std Dev (0.398266) with param: {'epochs': 50, 'lr': 0.1, 'hu_1': 200, 'act_layer1': 'sigmoid', 'drop_out1': 0}
INFO:root:Mean Acc : 0.707400  Std Dev (0.399452) with param: {'epochs': 50, 'lr': 0.01, 'hu_1': 200, 'act_layer1': 'sigmoid', 'drop_out1': 0}
INFO:root:Mean Acc : 0.358829  Std Dev (0.257754) with param: {'epochs': 50, 'lr': 0.1, 'hu_1': 250, 'act_layer1': 'sigmoid', 'drop_out1': 0}
INFO:root:Mean Acc : 0.707000  Std Dev (0.399113) with param: {'epochs': 50, 'lr': 0.01, 'hu_1': 250, 'act_layer1': 'sigmoid', 'drop_out1': 0}
INFO:root:Mean Acc : 0.270543  Std Dev (0.173941) with param: {'epochs': 50, 'lr': 0.1, 'hu_1': 300, 'act_layer1': 'sigmoid', 'drop_out1': 0}
INFO:root:Mean Acc : 0.675171  Std Dev (0.378737) with param: {'epochs': 50, 'lr': 0.01, 'hu_1': 300, 'act_layer1': 'sigmoid', 'drop_out1': 0}
INFO:root:Mean Acc : 0.256771  Std Dev (0.116821) with param: {'epochs': 50, 'lr': 0.1, 'hu_1': 350, 'act_layer1': 'sigmoid', 'drop_out1': 0}
INFO:root:Mean Acc : 0.708343  Std Dev (0.400058) with param: {'epochs': 50, 'lr': 0.01, 'hu_1': 350, 'act_layer1': 'sigmoid', 'drop_out1': 0}
INFO:root:Mean Acc : 0.083257  Std Dev (0.090971) with param: {'epochs': 50, 'lr': 0.1, 'hu_1': 400, 'act_layer1': 'sigmoid', 'drop_out1': 0}
INFO:root:Mean Acc : 0.708486  Std Dev (0.400160) with param: {'epochs': 50, 'lr': 0.01, 'hu_1': 400, 'act_layer1': 'sigmoid', 'drop_out1': 0}
INFO:root:Mean Acc : 0.704229  Std Dev (0.397149) with param: {'epochs': 90, 'lr': 0.1, 'hu_1': 100, 'act_layer1': 'sigmoid', 'drop_out1': 0}
INFO:root:Mean Acc : 0.706743  Std Dev (0.398927) with param: {'epochs': 90, 'lr': 0.01, 'hu_1': 100, 'act_layer1': 'sigmoid', 'drop_out1': 0}
INFO:root:Mean Acc : 0.704571  Std Dev (0.397456) with param: {'epochs': 90, 'lr': 0.1, 'hu_1': 150, 'act_layer1': 'sigmoid', 'drop_out1': 0}
INFO:root:Mean Acc : 0.700886  Std Dev (0.394794) with param: {'epochs': 90, 'lr': 0.01, 'hu_1': 150, 'act_layer1': 'sigmoid', 'drop_out1': 0}
INFO:root:Mean Acc : 0.703457  Std Dev (0.396546) with param: {'epochs': 90, 'lr': 0.1, 'hu_1': 200, 'act_layer1': 'sigmoid', 'drop_out1': 0}
INFO:root:Mean Acc : 0.706886  Std Dev (0.399031) with param: {'epochs': 90, 'lr': 0.01, 'hu_1': 200, 'act_layer1': 'sigmoid', 'drop_out1': 0}
INFO:root:Mean Acc : 0.493886  Std Dev (0.329616) with param: {'epochs': 90, 'lr': 0.1, 'hu_1': 250, 'act_layer1': 'sigmoid', 'drop_out1': 0}
INFO:root:Mean Acc : 0.706114  Std Dev (0.398423) with param: {'epochs': 90, 'lr': 0.01, 'hu_1': 250, 'act_layer1': 'sigmoid', 'drop_out1': 0}
INFO:root:Mean Acc : 0.325343  Std Dev (0.207190) with param: {'epochs': 90, 'lr': 0.1, 'hu_1': 300, 'act_layer1': 'sigmoid', 'drop_out1': 0}
INFO:root:Mean Acc : 0.707314  Std Dev (0.399272) with param: {'epochs': 90, 'lr': 0.01, 'hu_1': 300, 'act_layer1': 'sigmoid', 'drop_out1': 0}
INFO:root:Mean Acc : 0.255686  Std Dev (0.138932) with param: {'epochs': 90, 'lr': 0.1, 'hu_1': 350, 'act_layer1': 'sigmoid', 'drop_out1': 0}
INFO:root:Mean Acc : 0.705029  Std Dev (0.397733) with param: {'epochs': 90, 'lr': 0.01, 'hu_1': 350, 'act_layer1': 'sigmoid', 'drop_out1': 0}
INFO:root:Mean Acc : 0.022943  Std Dev (0.032447) with param: {'epochs': 90, 'lr': 0.1, 'hu_1': 400, 'act_layer1': 'sigmoid', 'drop_out1': 0}
INFO:root:Mean Acc : 0.706571  Std Dev (0.398867) with param: {'epochs': 90, 'lr': 0.01, 'hu_1': 400, 'act_layer1': 'sigmoid', 'drop_out1': 0}
INFO:root:Mean Acc : 0.704543  Std Dev (0.397372) with param: {'epochs': 130, 'lr': 0.1, 'hu_1': 100, 'act_layer1': 'sigmoid', 'drop_out1': 0}
INFO:root:Mean Acc : 0.706771  Std Dev (0.398888) with param: {'epochs': 130, 'lr': 0.01, 'hu_1': 100, 'act_layer1': 'sigmoid', 'drop_out1': 0}
INFO:root:Mean Acc : 0.704514  Std Dev (0.397414) with param: {'epochs': 130, 'lr': 0.1, 'hu_1': 150, 'act_layer1': 'sigmoid', 'drop_out1': 0}
INFO:root:Mean Acc : 0.670657  Std Dev (0.375820) with param: {'epochs': 130, 'lr': 0.01, 'hu_1': 150, 'act_layer1': 'sigmoid', 'drop_out1': 0}
INFO:root:Mean Acc : 0.704486  Std Dev (0.397392) with param: {'epochs': 130, 'lr': 0.1, 'hu_1': 200, 'act_layer1': 'sigmoid', 'drop_out1': 0}
INFO:root:Mean Acc : 0.706600  Std Dev (0.398767) with param: {'epochs': 130, 'lr': 0.01, 'hu_1': 200, 'act_layer1': 'sigmoid', 'drop_out1': 0}
INFO:root:Mean Acc : 0.071686  Std Dev (0.051060) with param: {'epochs': 130, 'lr': 0.1, 'hu_1': 250, 'act_layer1': 'sigmoid', 'drop_out1': 0}
INFO:root:Mean Acc : 0.669971  Std Dev (0.375880) with param: {'epochs': 130, 'lr': 0.01, 'hu_1': 250, 'act_layer1': 'sigmoid', 'drop_out1': 0}
INFO:root:Mean Acc : 0.398114  Std Dev (0.238482) with param: {'epochs': 130, 'lr': 0.1, 'hu_1': 300, 'act_layer1': 'sigmoid', 'drop_out1': 0}
INFO:root:Mean Acc : 0.706514  Std Dev (0.398766) with param: {'epochs': 130, 'lr': 0.01, 'hu_1': 300, 'act_layer1': 'sigmoid', 'drop_out1': 0}
INFO:root:Mean Acc : 0.223486  Std Dev (0.100145) with param: {'epochs': 130, 'lr': 0.1, 'hu_1': 350, 'act_layer1': 'sigmoid', 'drop_out1': 0}
INFO:root:Mean Acc : 0.706600  Std Dev (0.398765) with param: {'epochs': 130, 'lr': 0.01, 'hu_1': 350, 'act_layer1': 'sigmoid', 'drop_out1': 0}
INFO:root:Mean Acc : 0.494086  Std Dev (0.306554) with param: {'epochs': 130, 'lr': 0.1, 'hu_1': 400, 'act_layer1': 'sigmoid', 'drop_out1': 0}
INFO:root:Mean Acc : 0.706257  Std Dev (0.398523) with param: {'epochs': 130, 'lr': 0.01, 'hu_1': 400, 'act_layer1': 'sigmoid', 'drop_out1': 0}
INFO:root:Mean Acc : 0.671286  Std Dev (0.376720) with param: {'epochs': 50, 'lr': 0.1, 'hu_1': 100, 'act_layer1': 'sigmoid', 'drop_out1': 0.5}
INFO:root:Mean Acc : 0.709286  Std Dev (0.400786) with param: {'epochs': 50, 'lr': 0.01, 'hu_1': 100, 'act_layer1': 'sigmoid', 'drop_out1': 0.5}
INFO:root:Mean Acc : 0.671829  Std Dev (0.376783) with param: {'epochs': 50, 'lr': 0.1, 'hu_1': 150, 'act_layer1': 'sigmoid', 'drop_out1': 0.5}
INFO:root:Mean Acc : 0.709743  Std Dev (0.401048) with param: {'epochs': 50, 'lr': 0.01, 'hu_1': 150, 'act_layer1': 'sigmoid', 'drop_out1': 0.5}
INFO:root:Mean Acc : 0.708200  Std Dev (0.400080) with param: {'epochs': 50, 'lr': 0.1, 'hu_1': 200, 'act_layer1': 'sigmoid', 'drop_out1': 0.5}
INFO:root:Mean Acc : 0.672400  Std Dev (0.377459) with param: {'epochs': 50, 'lr': 0.01, 'hu_1': 200, 'act_layer1': 'sigmoid', 'drop_out1': 0.5}
INFO:root:Mean Acc : 0.410143  Std Dev (0.235291) with param: {'epochs': 50, 'lr': 0.1, 'hu_1': 250, 'act_layer1': 'sigmoid', 'drop_out1': 0.5}
INFO:root:Mean Acc : 0.671800  Std Dev (0.377042) with param: {'epochs': 50, 'lr': 0.01, 'hu_1': 250, 'act_layer1': 'sigmoid', 'drop_out1': 0.5}
INFO:root:Mean Acc : 0.297914  Std Dev (0.152068) with param: {'epochs': 50, 'lr': 0.1, 'hu_1': 300, 'act_layer1': 'sigmoid', 'drop_out1': 0.5}
INFO:root:Mean Acc : 0.709257  Std Dev (0.400705) with param: {'epochs': 50, 'lr': 0.01, 'hu_1': 300, 'act_layer1': 'sigmoid', 'drop_out1': 0.5}
INFO:root:Mean Acc : 0.194857  Std Dev (0.086616) with param: {'epochs': 50, 'lr': 0.1, 'hu_1': 350, 'act_layer1': 'sigmoid', 'drop_out1': 0.5}
INFO:root:Mean Acc : 0.709571  Std Dev (0.400927) with param: {'epochs': 50, 'lr': 0.01, 'hu_1': 350, 'act_layer1': 'sigmoid', 'drop_out1': 0.5}
INFO:root:Mean Acc : 0.085029  Std Dev (0.009384) with param: {'epochs': 50, 'lr': 0.1, 'hu_1': 400, 'act_layer1': 'sigmoid', 'drop_out1': 0.5}
INFO:root:Mean Acc : 0.708657  Std Dev (0.400280) with param: {'epochs': 50, 'lr': 0.01, 'hu_1': 400, 'act_layer1': 'sigmoid', 'drop_out1': 0.5}
INFO:root:Mean Acc : 0.707000  Std Dev (0.399170) with param: {'epochs': 90, 'lr': 0.1, 'hu_1': 100, 'act_layer1': 'sigmoid', 'drop_out1': 0.5}
INFO:root:Mean Acc : 0.708114  Std Dev (0.399899) with param: {'epochs': 90, 'lr': 0.01, 'hu_1': 100, 'act_layer1': 'sigmoid', 'drop_out1': 0.5}
INFO:root:Mean Acc : 0.675914  Std Dev (0.379245) with param: {'epochs': 90, 'lr': 0.1, 'hu_1': 150, 'act_layer1': 'sigmoid', 'drop_out1': 0.5}
INFO:root:Mean Acc : 0.707286  Std Dev (0.399315) with param: {'epochs': 90, 'lr': 0.01, 'hu_1': 150, 'act_layer1': 'sigmoid', 'drop_out1': 0.5}
INFO:root:Mean Acc : 0.674314  Std Dev (0.378378) with param: {'epochs': 90, 'lr': 0.1, 'hu_1': 200, 'act_layer1': 'sigmoid', 'drop_out1': 0.5}
INFO:root:Mean Acc : 0.708686  Std Dev (0.400362) with param: {'epochs': 90, 'lr': 0.01, 'hu_1': 200, 'act_layer1': 'sigmoid', 'drop_out1': 0.5}
INFO:root:Mean Acc : 0.408714  Std Dev (0.191952) with param: {'epochs': 90, 'lr': 0.1, 'hu_1': 250, 'act_layer1': 'sigmoid', 'drop_out1': 0.5}
INFO:root:Mean Acc : 0.708400  Std Dev (0.400099) with param: {'epochs': 90, 'lr': 0.01, 'hu_1': 250, 'act_layer1': 'sigmoid', 'drop_out1': 0.5}
INFO:root:Mean Acc : 0.176543  Std Dev (0.098010) with param: {'epochs': 90, 'lr': 0.1, 'hu_1': 300, 'act_layer1': 'sigmoid', 'drop_out1': 0.5}
INFO:root:Mean Acc : 0.670829  Std Dev (0.376386) with param: {'epochs': 90, 'lr': 0.01, 'hu_1': 300, 'act_layer1': 'sigmoid', 'drop_out1': 0.5}
INFO:root:Mean Acc : 0.132000  Std Dev (0.044788) with param: {'epochs': 90, 'lr': 0.1, 'hu_1': 350, 'act_layer1': 'sigmoid', 'drop_out1': 0.5}
INFO:root:Mean Acc : 0.708571  Std Dev (0.400221) with param: {'epochs': 90, 'lr': 0.01, 'hu_1': 350, 'act_layer1': 'sigmoid', 'drop_out1': 0.5}
INFO:root:Mean Acc : 0.056143  Std Dev (0.041833) with param: {'epochs': 90, 'lr': 0.1, 'hu_1': 400, 'act_layer1': 'sigmoid', 'drop_out1': 0.5}
INFO:root:Mean Acc : 0.708800  Std Dev (0.400381) with param: {'epochs': 90, 'lr': 0.01, 'hu_1': 400, 'act_layer1': 'sigmoid', 'drop_out1': 0.5}
INFO:root:Mean Acc : 0.639829  Std Dev (0.361288) with param: {'epochs': 130, 'lr': 0.1, 'hu_1': 100, 'act_layer1': 'sigmoid', 'drop_out1': 0.5}
INFO:root:Mean Acc : 0.708143  Std Dev (0.399918) with param: {'epochs': 130, 'lr': 0.01, 'hu_1': 100, 'act_layer1': 'sigmoid', 'drop_out1': 0.5}
INFO:root:Mean Acc : 0.670886  Std Dev (0.376616) with param: {'epochs': 130, 'lr': 0.1, 'hu_1': 150, 'act_layer1': 'sigmoid', 'drop_out1': 0.5}
INFO:root:Mean Acc : 0.707829  Std Dev (0.399756) with param: {'epochs': 130, 'lr': 0.01, 'hu_1': 150, 'act_layer1': 'sigmoid', 'drop_out1': 0.5}
INFO:root:Mean Acc : 0.707457  Std Dev (0.399553) with param: {'epochs': 130, 'lr': 0.1, 'hu_1': 200, 'act_layer1': 'sigmoid', 'drop_out1': 0.5}
INFO:root:Mean Acc : 0.708000  Std Dev (0.399876) with param: {'epochs': 130, 'lr': 0.01, 'hu_1': 200, 'act_layer1': 'sigmoid', 'drop_out1': 0.5}
INFO:root:Mean Acc : 0.540086  Std Dev (0.284493) with param: {'epochs': 130, 'lr': 0.1, 'hu_1': 250, 'act_layer1': 'sigmoid', 'drop_out1': 0.5}
INFO:root:Mean Acc : 0.708200  Std Dev (0.399897) with param: {'epochs': 130, 'lr': 0.01, 'hu_1': 250, 'act_layer1': 'sigmoid', 'drop_out1': 0.5}
INFO:root:Mean Acc : 0.339257  Std Dev (0.167290) with param: {'epochs': 130, 'lr': 0.1, 'hu_1': 300, 'act_layer1': 'sigmoid', 'drop_out1': 0.5}
INFO:root:Mean Acc : 0.708143  Std Dev (0.399917) with param: {'epochs': 130, 'lr': 0.01, 'hu_1': 300, 'act_layer1': 'sigmoid', 'drop_out1': 0.5}
INFO:root:Mean Acc : 0.276657  Std Dev (0.220980) with param: {'epochs': 130, 'lr': 0.1, 'hu_1': 350, 'act_layer1': 'sigmoid', 'drop_out1': 0.5}
INFO:root:Mean Acc : 0.707171  Std Dev (0.399230) with param: {'epochs': 130, 'lr': 0.01, 'hu_1': 350, 'act_layer1': 'sigmoid', 'drop_out1': 0.5}
INFO:root:Mean Acc : 0.033343  Std Dev (0.047156) with param: {'epochs': 130, 'lr': 0.1, 'hu_1': 400, 'act_layer1': 'sigmoid', 'drop_out1': 0.5}
INFO:root:Mean Acc : 0.707600  Std Dev (0.399533) with param: {'epochs': 130, 'lr': 0.01, 'hu_1': 400, 'act_layer1': 'sigmoid', 'drop_out1': 0.5}
INFO:root:Time Taken 446.59854334195455
INFO:root:##### EXPERIMENT COMPLETE #####