[kkalyan3@helios1 log]$ cat new_grid_exp1_cifar10_21_model1.out
INFO:root:##### NEW EXPERIMENT #####
INFO:root:##### NEW EXPERIMENT #####
INFO:root:Best: 0.753889 using {'hu_1': 200, 'epochs': 50, 'act_layer1': 'sigmoid', 'drop_out1': 0, 'lr': 0.01}
INFO:root:Mean Acc : 0.664822  Std Dev (0.110743) with param: {'hu_1': 100, 'epochs': 50, 'act_layer1': 'relu', 'drop_out1': 0, 'lr': 0.1}
INFO:root:Mean Acc : 0.691956  Std Dev (0.111351) with param: {'hu_1': 100, 'epochs': 50, 'act_layer1': 'relu', 'drop_out1': 0, 'lr': 0.01}
INFO:root:Mean Acc : 0.677178  Std Dev (0.107864) with param: {'hu_1': 150, 'epochs': 50, 'act_layer1': 'relu', 'drop_out1': 0, 'lr': 0.1}
INFO:root:Mean Acc : 0.694889  Std Dev (0.100510) with param: {'hu_1': 150, 'epochs': 50, 'act_layer1': 'relu', 'drop_out1': 0, 'lr': 0.01}
INFO:root:Mean Acc : 0.423733  Std Dev (0.309902) with param: {'hu_1': 200, 'epochs': 50, 'act_layer1': 'relu', 'drop_out1': 0, 'lr': 0.1}
INFO:root:Mean Acc : 0.715533  Std Dev (0.078738) with param: {'hu_1': 200, 'epochs': 50, 'act_layer1': 'relu', 'drop_out1': 0, 'lr': 0.01}
INFO:root:Mean Acc : 0.296089  Std Dev (0.228076) with param: {'hu_1': 250, 'epochs': 50, 'act_layer1': 'relu', 'drop_out1': 0, 'lr': 0.1}
INFO:root:Mean Acc : 0.708333  Std Dev (0.082368) with param: {'hu_1': 250, 'epochs': 50, 'act_layer1': 'relu', 'drop_out1': 0, 'lr': 0.01}
INFO:root:Mean Acc : 0.433133  Std Dev (0.334823) with param: {'hu_1': 300, 'epochs': 50, 'act_layer1': 'relu', 'drop_out1': 0, 'lr': 0.1}
INFO:root:Mean Acc : 0.702200  Std Dev (0.098283) with param: {'hu_1': 300, 'epochs': 50, 'act_layer1': 'relu', 'drop_out1': 0, 'lr': 0.01}
INFO:root:Mean Acc : 0.322667  Std Dev (0.259211) with param: {'hu_1': 350, 'epochs': 50, 'act_layer1': 'relu', 'drop_out1': 0, 'lr': 0.1}
INFO:root:Mean Acc : 0.699156  Std Dev (0.088959) with param: {'hu_1': 350, 'epochs': 50, 'act_layer1': 'relu', 'drop_out1': 0, 'lr': 0.01}
INFO:root:Mean Acc : 0.305400  Std Dev (0.238773) with param: {'hu_1': 400, 'epochs': 50, 'act_layer1': 'relu', 'drop_out1': 0, 'lr': 0.1}
INFO:root:Mean Acc : 0.700111  Std Dev (0.090649) with param: {'hu_1': 400, 'epochs': 50, 'act_layer1': 'relu', 'drop_out1': 0, 'lr': 0.01}
INFO:root:Mean Acc : 0.671778  Std Dev (0.085737) with param: {'hu_1': 100, 'epochs': 90, 'act_layer1': 'relu', 'drop_out1': 0, 'lr': 0.1}
INFO:root:Mean Acc : 0.712933  Std Dev (0.098386) with param: {'hu_1': 100, 'epochs': 90, 'act_layer1': 'relu', 'drop_out1': 0, 'lr': 0.01}
INFO:root:Mean Acc : 0.670022  Std Dev (0.083043) with param: {'hu_1': 150, 'epochs': 90, 'act_layer1': 'relu', 'drop_out1': 0, 'lr': 0.1}
INFO:root:Mean Acc : 0.672822  Std Dev (0.096191) with param: {'hu_1': 150, 'epochs': 90, 'act_layer1': 'relu', 'drop_out1': 0, 'lr': 0.01}
INFO:root:Mean Acc : 0.455111  Std Dev (0.328064) with param: {'hu_1': 200, 'epochs': 90, 'act_layer1': 'relu', 'drop_out1': 0, 'lr': 0.1}
INFO:root:Mean Acc : 0.694133  Std Dev (0.095437) with param: {'hu_1': 200, 'epochs': 90, 'act_layer1': 'relu', 'drop_out1': 0, 'lr': 0.01}
INFO:root:Mean Acc : 0.454156  Std Dev (0.336661) with param: {'hu_1': 250, 'epochs': 90, 'act_layer1': 'relu', 'drop_out1': 0, 'lr': 0.1}
INFO:root:Mean Acc : 0.693044  Std Dev (0.083641) with param: {'hu_1': 250, 'epochs': 90, 'act_layer1': 'relu', 'drop_out1': 0, 'lr': 0.01}
INFO:root:Mean Acc : 0.273156  Std Dev (0.202974) with param: {'hu_1': 300, 'epochs': 90, 'act_layer1': 'relu', 'drop_out1': 0, 'lr': 0.1}
INFO:root:Mean Acc : 0.696444  Std Dev (0.085899) with param: {'hu_1': 300, 'epochs': 90, 'act_layer1': 'relu', 'drop_out1': 0, 'lr': 0.01}
INFO:root:Mean Acc : 0.298244  Std Dev (0.230530) with param: {'hu_1': 350, 'epochs': 90, 'act_layer1': 'relu', 'drop_out1': 0, 'lr': 0.1}
INFO:root:Mean Acc : 0.715089  Std Dev (0.072815) with param: {'hu_1': 350, 'epochs': 90, 'act_layer1': 'relu', 'drop_out1': 0, 'lr': 0.01}
INFO:root:Mean Acc : 0.279711  Std Dev (0.209944) with param: {'hu_1': 400, 'epochs': 90, 'act_layer1': 'relu', 'drop_out1': 0, 'lr': 0.1}
INFO:root:Mean Acc : 0.706956  Std Dev (0.097080) with param: {'hu_1': 400, 'epochs': 90, 'act_layer1': 'relu', 'drop_out1': 0, 'lr': 0.01}
INFO:root:Mean Acc : 0.692689  Std Dev (0.072567) with param: {'hu_1': 100, 'epochs': 130, 'act_layer1': 'relu', 'drop_out1': 0, 'lr': 0.1}
INFO:root:Mean Acc : 0.703333  Std Dev (0.090657) with param: {'hu_1': 100, 'epochs': 130, 'act_layer1': 'relu', 'drop_out1': 0, 'lr': 0.01}
INFO:root:Mean Acc : 0.717622  Std Dev (0.072465) with param: {'hu_1': 150, 'epochs': 130, 'act_layer1': 'relu', 'drop_out1': 0, 'lr': 0.1}
INFO:root:Mean Acc : 0.694356  Std Dev (0.094742) with param: {'hu_1': 150, 'epochs': 130, 'act_layer1': 'relu', 'drop_out1': 0, 'lr': 0.01}
INFO:root:Mean Acc : 0.470711  Std Dev (0.345745) with param: {'hu_1': 200, 'epochs': 130, 'act_layer1': 'relu', 'drop_out1': 0, 'lr': 0.1}
INFO:root:Mean Acc : 0.701622  Std Dev (0.083970) with param: {'hu_1': 200, 'epochs': 130, 'act_layer1': 'relu', 'drop_out1': 0, 'lr': 0.01}
INFO:root:Mean Acc : 0.450267  Std Dev (0.336029) with param: {'hu_1': 250, 'epochs': 130, 'act_layer1': 'relu', 'drop_out1': 0, 'lr': 0.1}
INFO:root:Mean Acc : 0.691978  Std Dev (0.087888) with param: {'hu_1': 250, 'epochs': 130, 'act_layer1': 'relu', 'drop_out1': 0, 'lr': 0.01}
INFO:root:Mean Acc : 0.297000  Std Dev (0.229111) with param: {'hu_1': 300, 'epochs': 130, 'act_layer1': 'relu', 'drop_out1': 0, 'lr': 0.1}
INFO:root:Mean Acc : 0.697000  Std Dev (0.088446) with param: {'hu_1': 300, 'epochs': 130, 'act_layer1': 'relu', 'drop_out1': 0, 'lr': 0.01}
INFO:root:Mean Acc : 0.290267  Std Dev (0.221523) with param: {'hu_1': 350, 'epochs': 130, 'act_layer1': 'relu', 'drop_out1': 0, 'lr': 0.1}
INFO:root:Mean Acc : 0.690822  Std Dev (0.092614) with param: {'hu_1': 350, 'epochs': 130, 'act_layer1': 'relu', 'drop_out1': 0, 'lr': 0.01}
INFO:root:Mean Acc : 0.301644  Std Dev (0.234428) with param: {'hu_1': 400, 'epochs': 130, 'act_layer1': 'relu', 'drop_out1': 0, 'lr': 0.1}
INFO:root:Mean Acc : 0.688867  Std Dev (0.089444) with param: {'hu_1': 400, 'epochs': 130, 'act_layer1': 'relu', 'drop_out1': 0, 'lr': 0.01}
INFO:root:Mean Acc : 0.465378  Std Dev (0.260447) with param: {'hu_1': 100, 'epochs': 50, 'act_layer1': 'relu', 'drop_out1': 0.5, 'lr': 0.1}
INFO:root:Mean Acc : 0.680444  Std Dev (0.117865) with param: {'hu_1': 100, 'epochs': 50, 'act_layer1': 'relu', 'drop_out1': 0.5, 'lr': 0.01}
INFO:root:Mean Acc : 0.472311  Std Dev (0.238726) with param: {'hu_1': 150, 'epochs': 50, 'act_layer1': 'relu', 'drop_out1': 0.5, 'lr': 0.1}
INFO:root:Mean Acc : 0.691844  Std Dev (0.117301) with param: {'hu_1': 150, 'epochs': 50, 'act_layer1': 'relu', 'drop_out1': 0.5, 'lr': 0.01}
INFO:root:Mean Acc : 0.486111  Std Dev (0.251993) with param: {'hu_1': 200, 'epochs': 50, 'act_layer1': 'relu', 'drop_out1': 0.5, 'lr': 0.1}
INFO:root:Mean Acc : 0.682756  Std Dev (0.107082) with param: {'hu_1': 200, 'epochs': 50, 'act_layer1': 'relu', 'drop_out1': 0.5, 'lr': 0.01}
INFO:root:Mean Acc : 0.352467  Std Dev (0.274320) with param: {'hu_1': 250, 'epochs': 50, 'act_layer1': 'relu', 'drop_out1': 0.5, 'lr': 0.1}
INFO:root:Mean Acc : 0.684133  Std Dev (0.105873) with param: {'hu_1': 250, 'epochs': 50, 'act_layer1': 'relu', 'drop_out1': 0.5, 'lr': 0.01}
INFO:root:Mean Acc : 0.363267  Std Dev (0.299841) with param: {'hu_1': 300, 'epochs': 50, 'act_layer1': 'relu', 'drop_out1': 0.5, 'lr': 0.1}
INFO:root:Mean Acc : 0.666178  Std Dev (0.099598) with param: {'hu_1': 300, 'epochs': 50, 'act_layer1': 'relu', 'drop_out1': 0.5, 'lr': 0.01}
INFO:root:Mean Acc : 0.342889  Std Dev (0.283949) with param: {'hu_1': 350, 'epochs': 50, 'act_layer1': 'relu', 'drop_out1': 0.5, 'lr': 0.1}
INFO:root:Mean Acc : 0.667600  Std Dev (0.110927) with param: {'hu_1': 350, 'epochs': 50, 'act_layer1': 'relu', 'drop_out1': 0.5, 'lr': 0.01}
INFO:root:Mean Acc : 0.332756  Std Dev (0.271458) with param: {'hu_1': 400, 'epochs': 50, 'act_layer1': 'relu', 'drop_out1': 0.5, 'lr': 0.1}
INFO:root:Mean Acc : 0.705489  Std Dev (0.100739) with param: {'hu_1': 400, 'epochs': 50, 'act_layer1': 'relu', 'drop_out1': 0.5, 'lr': 0.01}
INFO:root:Mean Acc : 0.425778  Std Dev (0.250620) with param: {'hu_1': 100, 'epochs': 90, 'act_layer1': 'relu', 'drop_out1': 0.5, 'lr': 0.1}
INFO:root:Mean Acc : 0.685200  Std Dev (0.107979) with param: {'hu_1': 100, 'epochs': 90, 'act_layer1': 'relu', 'drop_out1': 0.5, 'lr': 0.01}
INFO:root:Mean Acc : 0.489778  Std Dev (0.216351) with param: {'hu_1': 150, 'epochs': 90, 'act_layer1': 'relu', 'drop_out1': 0.5, 'lr': 0.1}
INFO:root:Mean Acc : 0.699200  Std Dev (0.104131) with param: {'hu_1': 150, 'epochs': 90, 'act_layer1': 'relu', 'drop_out1': 0.5, 'lr': 0.01}
INFO:root:Mean Acc : 0.381644  Std Dev (0.264182) with param: {'hu_1': 200, 'epochs': 90, 'act_layer1': 'relu', 'drop_out1': 0.5, 'lr': 0.1}
INFO:root:Mean Acc : 0.691511  Std Dev (0.102180) with param: {'hu_1': 200, 'epochs': 90, 'act_layer1': 'relu', 'drop_out1': 0.5, 'lr': 0.01}
INFO:root:Mean Acc : 0.446556  Std Dev (0.322924) with param: {'hu_1': 250, 'epochs': 90, 'act_layer1': 'relu', 'drop_out1': 0.5, 'lr': 0.1}
INFO:root:Mean Acc : 0.708533  Std Dev (0.106925) with param: {'hu_1': 250, 'epochs': 90, 'act_layer1': 'relu', 'drop_out1': 0.5, 'lr': 0.01}
INFO:root:Mean Acc : 0.365378  Std Dev (0.312235) with param: {'hu_1': 300, 'epochs': 90, 'act_layer1': 'relu', 'drop_out1': 0.5, 'lr': 0.1}
INFO:root:Mean Acc : 0.690600  Std Dev (0.091408) with param: {'hu_1': 300, 'epochs': 90, 'act_layer1': 'relu', 'drop_out1': 0.5, 'lr': 0.01}
INFO:root:Mean Acc : 0.111111  Std Dev (0.157135) with param: {'hu_1': 350, 'epochs': 90, 'act_layer1': 'relu', 'drop_out1': 0.5, 'lr': 0.1}
INFO:root:Mean Acc : 0.676822  Std Dev (0.110990) with param: {'hu_1': 350, 'epochs': 90, 'act_layer1': 'relu', 'drop_out1': 0.5, 'lr': 0.01}
INFO:root:Mean Acc : 0.111111  Std Dev (0.157135) with param: {'hu_1': 400, 'epochs': 90, 'act_layer1': 'relu', 'drop_out1': 0.5, 'lr': 0.1}
INFO:root:Mean Acc : 0.684356  Std Dev (0.103863) with param: {'hu_1': 400, 'epochs': 90, 'act_layer1': 'relu', 'drop_out1': 0.5, 'lr': 0.01}
INFO:root:Mean Acc : 0.448400  Std Dev (0.283403) with param: {'hu_1': 100, 'epochs': 130, 'act_layer1': 'relu', 'drop_out1': 0.5, 'lr': 0.1}
INFO:root:Mean Acc : 0.696800  Std Dev (0.107942) with param: {'hu_1': 100, 'epochs': 130, 'act_layer1': 'relu', 'drop_out1': 0.5, 'lr': 0.01}
INFO:root:Mean Acc : 0.475867  Std Dev (0.294802) with param: {'hu_1': 150, 'epochs': 130, 'act_layer1': 'relu', 'drop_out1': 0.5, 'lr': 0.1}
INFO:root:Mean Acc : 0.703800  Std Dev (0.085460) with param: {'hu_1': 150, 'epochs': 130, 'act_layer1': 'relu', 'drop_out1': 0.5, 'lr': 0.01}
INFO:root:Mean Acc : 0.411689  Std Dev (0.309411) with param: {'hu_1': 200, 'epochs': 130, 'act_layer1': 'relu', 'drop_out1': 0.5, 'lr': 0.1}
INFO:root:Mean Acc : 0.699244  Std Dev (0.105050) with param: {'hu_1': 200, 'epochs': 130, 'act_layer1': 'relu', 'drop_out1': 0.5, 'lr': 0.01}
INFO:root:Mean Acc : 0.384000  Std Dev (0.294800) with param: {'hu_1': 250, 'epochs': 130, 'act_layer1': 'relu', 'drop_out1': 0.5, 'lr': 0.1}
INFO:root:Mean Acc : 0.698067  Std Dev (0.086981) with param: {'hu_1': 250, 'epochs': 130, 'act_layer1': 'relu', 'drop_out1': 0.5, 'lr': 0.01}
INFO:root:Mean Acc : 0.364667  Std Dev (0.311330) with param: {'hu_1': 300, 'epochs': 130, 'act_layer1': 'relu', 'drop_out1': 0.5, 'lr': 0.1}
INFO:root:Mean Acc : 0.706222  Std Dev (0.092183) with param: {'hu_1': 300, 'epochs': 130, 'act_layer1': 'relu', 'drop_out1': 0.5, 'lr': 0.01}
INFO:root:Mean Acc : 0.351889  Std Dev (0.295183) with param: {'hu_1': 350, 'epochs': 130, 'act_layer1': 'relu', 'drop_out1': 0.5, 'lr': 0.1}
INFO:root:Mean Acc : 0.704578  Std Dev (0.096039) with param: {'hu_1': 350, 'epochs': 130, 'act_layer1': 'relu', 'drop_out1': 0.5, 'lr': 0.01}
INFO:root:Mean Acc : 0.111111  Std Dev (0.157135) with param: {'hu_1': 400, 'epochs': 130, 'act_layer1': 'relu', 'drop_out1': 0.5, 'lr': 0.1}
INFO:root:Mean Acc : 0.700289  Std Dev (0.086951) with param: {'hu_1': 400, 'epochs': 130, 'act_layer1': 'relu', 'drop_out1': 0.5, 'lr': 0.01}
INFO:root:Mean Acc : 0.706600  Std Dev (0.111286) with param: {'hu_1': 100, 'epochs': 50, 'act_layer1': 'sigmoid', 'drop_out1': 0, 'lr': 0.1}
INFO:root:Mean Acc : 0.681778  Std Dev (0.109206) with param: {'hu_1': 100, 'epochs': 50, 'act_layer1': 'sigmoid', 'drop_out1': 0, 'lr': 0.01}
INFO:root:Mean Acc : 0.662644  Std Dev (0.129173) with param: {'hu_1': 150, 'epochs': 50, 'act_layer1': 'sigmoid', 'drop_out1': 0, 'lr': 0.1}
INFO:root:Mean Acc : 0.711778  Std Dev (0.103239) with param: {'hu_1': 150, 'epochs': 50, 'act_layer1': 'sigmoid', 'drop_out1': 0, 'lr': 0.01}
INFO:root:Mean Acc : 0.417289  Std Dev (0.328535) with param: {'hu_1': 200, 'epochs': 50, 'act_layer1': 'sigmoid', 'drop_out1': 0, 'lr': 0.1}
INFO:root:Mean Acc : 0.753889  Std Dev (0.090843) with param: {'hu_1': 200, 'epochs': 50, 'act_layer1': 'sigmoid', 'drop_out1': 0, 'lr': 0.01}
INFO:root:Mean Acc : 0.350356  Std Dev (0.209851) with param: {'hu_1': 250, 'epochs': 50, 'act_layer1': 'sigmoid', 'drop_out1': 0, 'lr': 0.1}
INFO:root:Mean Acc : 0.716533  Std Dev (0.105380) with param: {'hu_1': 250, 'epochs': 50, 'act_layer1': 'sigmoid', 'drop_out1': 0, 'lr': 0.01}
INFO:root:Mean Acc : 0.403289  Std Dev (0.288458) with param: {'hu_1': 300, 'epochs': 50, 'act_layer1': 'sigmoid', 'drop_out1': 0, 'lr': 0.1}
INFO:root:Mean Acc : 0.711378  Std Dev (0.099429) with param: {'hu_1': 300, 'epochs': 50, 'act_layer1': 'sigmoid', 'drop_out1': 0, 'lr': 0.01}
INFO:root:Mean Acc : 0.444867  Std Dev (0.332247) with param: {'hu_1': 350, 'epochs': 50, 'act_layer1': 'sigmoid', 'drop_out1': 0, 'lr': 0.1}
INFO:root:Mean Acc : 0.719311  Std Dev (0.100780) with param: {'hu_1': 350, 'epochs': 50, 'act_layer1': 'sigmoid', 'drop_out1': 0, 'lr': 0.01}
INFO:root:Mean Acc : 0.310222  Std Dev (0.227894) with param: {'hu_1': 400, 'epochs': 50, 'act_layer1': 'sigmoid', 'drop_out1': 0, 'lr': 0.1}
INFO:root:Mean Acc : 0.711111  Std Dev (0.100197) with param: {'hu_1': 400, 'epochs': 50, 'act_layer1': 'sigmoid', 'drop_out1': 0, 'lr': 0.01}
INFO:root:Mean Acc : 0.671133  Std Dev (0.116512) with param: {'hu_1': 100, 'epochs': 90, 'act_layer1': 'sigmoid', 'drop_out1': 0, 'lr': 0.1}
INFO:root:Mean Acc : 0.702022  Std Dev (0.105891) with param: {'hu_1': 100, 'epochs': 90, 'act_layer1': 'sigmoid', 'drop_out1': 0, 'lr': 0.01}
INFO:root:Mean Acc : 0.671889  Std Dev (0.092886) with param: {'hu_1': 150, 'epochs': 90, 'act_layer1': 'sigmoid', 'drop_out1': 0, 'lr': 0.1}
INFO:root:Mean Acc : 0.713333  Std Dev (0.088817) with param: {'hu_1': 150, 'epochs': 90, 'act_layer1': 'sigmoid', 'drop_out1': 0, 'lr': 0.01}
INFO:root:Mean Acc : 0.651489  Std Dev (0.121340) with param: {'hu_1': 200, 'epochs': 90, 'act_layer1': 'sigmoid', 'drop_out1': 0, 'lr': 0.1}
INFO:root:Mean Acc : 0.712111  Std Dev (0.076206) with param: {'hu_1': 200, 'epochs': 90, 'act_layer1': 'sigmoid', 'drop_out1': 0, 'lr': 0.01}
INFO:root:Mean Acc : 0.363578  Std Dev (0.257127) with param: {'hu_1': 250, 'epochs': 90, 'act_layer1': 'sigmoid', 'drop_out1': 0, 'lr': 0.1}
INFO:root:Mean Acc : 0.717467  Std Dev (0.095690) with param: {'hu_1': 250, 'epochs': 90, 'act_layer1': 'sigmoid', 'drop_out1': 0, 'lr': 0.01}
INFO:root:Mean Acc : 0.281578  Std Dev (0.211961) with param: {'hu_1': 300, 'epochs': 90, 'act_layer1': 'sigmoid', 'drop_out1': 0, 'lr': 0.1}
INFO:root:Mean Acc : 0.712222  Std Dev (0.086005) with param: {'hu_1': 300, 'epochs': 90, 'act_layer1': 'sigmoid', 'drop_out1': 0, 'lr': 0.01}
INFO:root:Mean Acc : 0.437578  Std Dev (0.327621) with param: {'hu_1': 350, 'epochs': 90, 'act_layer1': 'sigmoid', 'drop_out1': 0, 'lr': 0.1}
INFO:root:Mean Acc : 0.714267  Std Dev (0.082914) with param: {'hu_1': 350, 'epochs': 90, 'act_layer1': 'sigmoid', 'drop_out1': 0, 'lr': 0.01}
INFO:root:Mean Acc : 0.321022  Std Dev (0.231044) with param: {'hu_1': 400, 'epochs': 90, 'act_layer1': 'sigmoid', 'drop_out1': 0, 'lr': 0.1}
INFO:root:Mean Acc : 0.717600  Std Dev (0.081234) with param: {'hu_1': 400, 'epochs': 90, 'act_layer1': 'sigmoid', 'drop_out1': 0, 'lr': 0.01}
INFO:root:Mean Acc : 0.700333  Std Dev (0.086557) with param: {'hu_1': 100, 'epochs': 130, 'act_layer1': 'sigmoid', 'drop_out1': 0, 'lr': 0.1}
INFO:root:Mean Acc : 0.681222  Std Dev (0.101808) with param: {'hu_1': 100, 'epochs': 130, 'act_layer1': 'sigmoid', 'drop_out1': 0, 'lr': 0.01}
INFO:root:Mean Acc : 0.669889  Std Dev (0.090952) with param: {'hu_1': 150, 'epochs': 130, 'act_layer1': 'sigmoid', 'drop_out1': 0, 'lr': 0.1}
INFO:root:Mean Acc : 0.680778  Std Dev (0.102779) with param: {'hu_1': 150, 'epochs': 130, 'act_layer1': 'sigmoid', 'drop_out1': 0, 'lr': 0.01}
INFO:root:Mean Acc : 0.680733  Std Dev (0.139630) with param: {'hu_1': 200, 'epochs': 130, 'act_layer1': 'sigmoid', 'drop_out1': 0, 'lr': 0.1}
INFO:root:Mean Acc : 0.688311  Std Dev (0.094543) with param: {'hu_1': 200, 'epochs': 130, 'act_layer1': 'sigmoid', 'drop_out1': 0, 'lr': 0.01}
INFO:root:Mean Acc : 0.297156  Std Dev (0.214586) with param: {'hu_1': 250, 'epochs': 130, 'act_layer1': 'sigmoid', 'drop_out1': 0, 'lr': 0.1}
INFO:root:Mean Acc : 0.698222  Std Dev (0.079731) with param: {'hu_1': 250, 'epochs': 130, 'act_layer1': 'sigmoid', 'drop_out1': 0, 'lr': 0.01}
INFO:root:Mean Acc : 0.277733  Std Dev (0.207822) with param: {'hu_1': 300, 'epochs': 130, 'act_layer1': 'sigmoid', 'drop_out1': 0, 'lr': 0.1}
INFO:root:Mean Acc : 0.714844  Std Dev (0.072732) with param: {'hu_1': 300, 'epochs': 130, 'act_layer1': 'sigmoid', 'drop_out1': 0, 'lr': 0.01}
INFO:root:Mean Acc : 0.344689  Std Dev (0.187108) with param: {'hu_1': 350, 'epochs': 130, 'act_layer1': 'sigmoid', 'drop_out1': 0, 'lr': 0.1}
INFO:root:Mean Acc : 0.704689  Std Dev (0.084023) with param: {'hu_1': 350, 'epochs': 130, 'act_layer1': 'sigmoid', 'drop_out1': 0, 'lr': 0.01}
INFO:root:Mean Acc : 0.280000  Std Dev (0.210256) with param: {'hu_1': 400, 'epochs': 130, 'act_layer1': 'sigmoid', 'drop_out1': 0, 'lr': 0.1}
INFO:root:Mean Acc : 0.688133  Std Dev (0.090106) with param: {'hu_1': 400, 'epochs': 130, 'act_layer1': 'sigmoid', 'drop_out1': 0, 'lr': 0.01}
INFO:root:Mean Acc : 0.590067  Std Dev (0.144995) with param: {'hu_1': 100, 'epochs': 50, 'act_layer1': 'sigmoid', 'drop_out1': 0.5, 'lr': 0.1}
INFO:root:Mean Acc : 0.691667  Std Dev (0.116979) with param: {'hu_1': 100, 'epochs': 50, 'act_layer1': 'sigmoid', 'drop_out1': 0.5, 'lr': 0.01}
INFO:root:Mean Acc : 0.572044  Std Dev (0.150159) with param: {'hu_1': 150, 'epochs': 50, 'act_layer1': 'sigmoid', 'drop_out1': 0.5, 'lr': 0.1}
INFO:root:Mean Acc : 0.705800  Std Dev (0.136139) with param: {'hu_1': 150, 'epochs': 50, 'act_layer1': 'sigmoid', 'drop_out1': 0.5, 'lr': 0.01}
INFO:root:Mean Acc : 0.649000  Std Dev (0.110037) with param: {'hu_1': 200, 'epochs': 50, 'act_layer1': 'sigmoid', 'drop_out1': 0.5, 'lr': 0.1}
INFO:root:Mean Acc : 0.705889  Std Dev (0.105830) with param: {'hu_1': 200, 'epochs': 50, 'act_layer1': 'sigmoid', 'drop_out1': 0.5, 'lr': 0.01}
INFO:root:Mean Acc : 0.467622  Std Dev (0.341287) with param: {'hu_1': 250, 'epochs': 50, 'act_layer1': 'sigmoid', 'drop_out1': 0.5, 'lr': 0.1}
INFO:root:Mean Acc : 0.701978  Std Dev (0.098366) with param: {'hu_1': 250, 'epochs': 50, 'act_layer1': 'sigmoid', 'drop_out1': 0.5, 'lr': 0.01}
INFO:root:Mean Acc : 0.413933  Std Dev (0.226588) with param: {'hu_1': 300, 'epochs': 50, 'act_layer1': 'sigmoid', 'drop_out1': 0.5, 'lr': 0.1}
INFO:root:Mean Acc : 0.696311  Std Dev (0.115594) with param: {'hu_1': 300, 'epochs': 50, 'act_layer1': 'sigmoid', 'drop_out1': 0.5, 'lr': 0.01}
INFO:root:Mean Acc : 0.448356  Std Dev (0.331654) with param: {'hu_1': 350, 'epochs': 50, 'act_layer1': 'sigmoid', 'drop_out1': 0.5, 'lr': 0.1}
INFO:root:Mean Acc : 0.701889  Std Dev (0.099123) with param: {'hu_1': 350, 'epochs': 50, 'act_layer1': 'sigmoid', 'drop_out1': 0.5, 'lr': 0.01}
INFO:root:Mean Acc : 0.318067  Std Dev (0.230612) with param: {'hu_1': 400, 'epochs': 50, 'act_layer1': 'sigmoid', 'drop_out1': 0.5, 'lr': 0.1}
INFO:root:Mean Acc : 0.698622  Std Dev (0.108309) with param: {'hu_1': 400, 'epochs': 50, 'act_layer1': 'sigmoid', 'drop_out1': 0.5, 'lr': 0.01}
INFO:root:Mean Acc : 0.677156  Std Dev (0.099591) with param: {'hu_1': 100, 'epochs': 90, 'act_layer1': 'sigmoid', 'drop_out1': 0.5, 'lr': 0.1}
INFO:root:Mean Acc : 0.684133  Std Dev (0.114237) with param: {'hu_1': 100, 'epochs': 90, 'act_layer1': 'sigmoid', 'drop_out1': 0.5, 'lr': 0.01}
INFO:root:Mean Acc : 0.632689  Std Dev (0.127268) with param: {'hu_1': 150, 'epochs': 90, 'act_layer1': 'sigmoid', 'drop_out1': 0.5, 'lr': 0.1}
INFO:root:Mean Acc : 0.714600  Std Dev (0.107931) with param: {'hu_1': 150, 'epochs': 90, 'act_layer1': 'sigmoid', 'drop_out1': 0.5, 'lr': 0.01}
INFO:root:Mean Acc : 0.450178  Std Dev (0.334053) with param: {'hu_1': 200, 'epochs': 90, 'act_layer1': 'sigmoid', 'drop_out1': 0.5, 'lr': 0.1}
INFO:root:Mean Acc : 0.704489  Std Dev (0.102270) with param: {'hu_1': 200, 'epochs': 90, 'act_layer1': 'sigmoid', 'drop_out1': 0.5, 'lr': 0.01}
INFO:root:Mean Acc : 0.621822  Std Dev (0.120202) with param: {'hu_1': 250, 'epochs': 90, 'act_layer1': 'sigmoid', 'drop_out1': 0.5, 'lr': 0.1}
INFO:root:Mean Acc : 0.727756  Std Dev (0.101634) with param: {'hu_1': 250, 'epochs': 90, 'act_layer1': 'sigmoid', 'drop_out1': 0.5, 'lr': 0.01}
INFO:root:Mean Acc : 0.338333  Std Dev (0.245851) with param: {'hu_1': 300, 'epochs': 90, 'act_layer1': 'sigmoid', 'drop_out1': 0.5, 'lr': 0.1}
INFO:root:Mean Acc : 0.708911  Std Dev (0.094524) with param: {'hu_1': 300, 'epochs': 90, 'act_layer1': 'sigmoid', 'drop_out1': 0.5, 'lr': 0.01}
INFO:root:Mean Acc : 0.456378  Std Dev (0.338768) with param: {'hu_1': 350, 'epochs': 90, 'act_layer1': 'sigmoid', 'drop_out1': 0.5, 'lr': 0.1}
INFO:root:Mean Acc : 0.715444  Std Dev (0.087649) with param: {'hu_1': 350, 'epochs': 90, 'act_layer1': 'sigmoid', 'drop_out1': 0.5, 'lr': 0.01}
INFO:root:Mean Acc : 0.446956  Std Dev (0.332242) with param: {'hu_1': 400, 'epochs': 90, 'act_layer1': 'sigmoid', 'drop_out1': 0.5, 'lr': 0.1}
INFO:root:Mean Acc : 0.726133  Std Dev (0.091659) with param: {'hu_1': 400, 'epochs': 90, 'act_layer1': 'sigmoid', 'drop_out1': 0.5, 'lr': 0.01}
INFO:root:Mean Acc : 0.618978  Std Dev (0.117955) with param: {'hu_1': 100, 'epochs': 130, 'act_layer1': 'sigmoid', 'drop_out1': 0.5, 'lr': 0.1}
INFO:root:Mean Acc : 0.703978  Std Dev (0.113259) with param: {'hu_1': 100, 'epochs': 130, 'act_layer1': 'sigmoid', 'drop_out1': 0.5, 'lr': 0.01}
INFO:root:Mean Acc : 0.688356  Std Dev (0.109061) with param: {'hu_1': 150, 'epochs': 130, 'act_layer1': 'sigmoid', 'drop_out1': 0.5, 'lr': 0.1}
INFO:root:Mean Acc : 0.726200  Std Dev (0.097456) with param: {'hu_1': 150, 'epochs': 130, 'act_layer1': 'sigmoid', 'drop_out1': 0.5, 'lr': 0.01}
INFO:root:Mean Acc : 0.619289  Std Dev (0.107494) with param: {'hu_1': 200, 'epochs': 130, 'act_layer1': 'sigmoid', 'drop_out1': 0.5, 'lr': 0.1}
INFO:root:Mean Acc : 0.720756  Std Dev (0.098362) with param: {'hu_1': 200, 'epochs': 130, 'act_layer1': 'sigmoid', 'drop_out1': 0.5, 'lr': 0.01}
INFO:root:Mean Acc : 0.498889  Std Dev (0.261302) with param: {'hu_1': 250, 'epochs': 130, 'act_layer1': 'sigmoid', 'drop_out1': 0.5, 'lr': 0.1}
INFO:root:Mean Acc : 0.717511  Std Dev (0.093465) with param: {'hu_1': 250, 'epochs': 130, 'act_layer1': 'sigmoid', 'drop_out1': 0.5, 'lr': 0.01}
INFO:root:Mean Acc : 0.472000  Std Dev (0.286955) with param: {'hu_1': 300, 'epochs': 130, 'act_layer1': 'sigmoid', 'drop_out1': 0.5, 'lr': 0.1}
INFO:root:Mean Acc : 0.721600  Std Dev (0.092555) with param: {'hu_1': 300, 'epochs': 130, 'act_layer1': 'sigmoid', 'drop_out1': 0.5, 'lr': 0.01}
INFO:root:Mean Acc : 0.309600  Std Dev (0.229674) with param: {'hu_1': 350, 'epochs': 130, 'act_layer1': 'sigmoid', 'drop_out1': 0.5, 'lr': 0.1}
INFO:root:Mean Acc : 0.718044  Std Dev (0.101202) with param: {'hu_1': 350, 'epochs': 130, 'act_layer1': 'sigmoid', 'drop_out1': 0.5, 'lr': 0.01}
INFO:root:Mean Acc : 0.424778  Std Dev (0.318485) with param: {'hu_1': 400, 'epochs': 130, 'act_layer1': 'sigmoid', 'drop_out1': 0.5, 'lr': 0.1}
INFO:root:Mean Acc : 0.724978  Std Dev (0.092489) with param: {'hu_1': 400, 'epochs': 130, 'act_layer1': 'sigmoid', 'drop_out1': 0.5, 'lr': 0.01}
INFO:root:Time Taken 561.8614063938459
INFO:root:##### EXPERIMENT COMPLETE #####