[kkalyan3@helios1 log]$ cat new_grid_exp2_cifar10_5_model1.out
INFO:root:##### NEW EXPERIMENT #####
INFO:root:Best: 0.725457 using {'lr': 0.01, 'act_layer1': 'relu', 'hu_1': 150, 'epochs': 50, 'drop_out1': 0.5}
INFO:root:Mean Acc : 0.710652  Std Dev (0.071911) with param: {'lr': 0.1, 'act_layer1': 'relu', 'hu_1': 100, 'epochs': 50, 'drop_out1': 0}
INFO:root:Mean Acc : 0.689543  Std Dev (0.095859) with param: {'lr': 0.01, 'act_layer1': 'relu', 'hu_1': 100, 'epochs': 50, 'drop_out1': 0}
INFO:root:Mean Acc : 0.688413  Std Dev (0.099390) with param: {'lr': 0.1, 'act_layer1': 'relu', 'hu_1': 150, 'epochs': 50, 'drop_out1': 0}
INFO:root:Mean Acc : 0.715478  Std Dev (0.086525) with param: {'lr': 0.01, 'act_layer1': 'relu', 'hu_1': 150, 'epochs': 50, 'drop_out1': 0}
INFO:root:Mean Acc : 0.678717  Std Dev (0.111169) with param: {'lr': 0.1, 'act_layer1': 'relu', 'hu_1': 200, 'epochs': 50, 'drop_out1': 0}
INFO:root:Mean Acc : 0.689804  Std Dev (0.095783) with param: {'lr': 0.01, 'act_layer1': 'relu', 'hu_1': 200, 'epochs': 50, 'drop_out1': 0}
INFO:root:Mean Acc : 0.669717  Std Dev (0.088455) with param: {'lr': 0.1, 'act_layer1': 'relu', 'hu_1': 250, 'epochs': 50, 'drop_out1': 0}
INFO:root:Mean Acc : 0.703609  Std Dev (0.092197) with param: {'lr': 0.01, 'act_layer1': 'relu', 'hu_1': 250, 'epochs': 50, 'drop_out1': 0}
INFO:root:Mean Acc : 0.692935  Std Dev (0.090846) with param: {'lr': 0.1, 'act_layer1': 'relu', 'hu_1': 300, 'epochs': 50, 'drop_out1': 0}
INFO:root:Mean Acc : 0.705761  Std Dev (0.084129) with param: {'lr': 0.01, 'act_layer1': 'relu', 'hu_1': 300, 'epochs': 50, 'drop_out1': 0}
INFO:root:Mean Acc : 0.681826  Std Dev (0.088958) with param: {'lr': 0.1, 'act_layer1': 'relu', 'hu_1': 350, 'epochs': 50, 'drop_out1': 0}
INFO:root:Mean Acc : 0.706739  Std Dev (0.099782) with param: {'lr': 0.01, 'act_layer1': 'relu', 'hu_1': 350, 'epochs': 50, 'drop_out1': 0}
INFO:root:Mean Acc : 0.692674  Std Dev (0.104603) with param: {'lr': 0.1, 'act_layer1': 'relu', 'hu_1': 400, 'epochs': 50, 'drop_out1': 0}
INFO:root:Mean Acc : 0.711196  Std Dev (0.095405) with param: {'lr': 0.01, 'act_layer1': 'relu', 'hu_1': 400, 'epochs': 50, 'drop_out1': 0}
INFO:root:Mean Acc : 0.716435  Std Dev (0.069440) with param: {'lr': 0.1, 'act_layer1': 'relu', 'hu_1': 100, 'epochs': 90, 'drop_out1': 0}
INFO:root:Mean Acc : 0.713848  Std Dev (0.098094) with param: {'lr': 0.01, 'act_layer1': 'relu', 'hu_1': 100, 'epochs': 90, 'drop_out1': 0}
INFO:root:Mean Acc : 0.677043  Std Dev (0.085673) with param: {'lr': 0.1, 'act_layer1': 'relu', 'hu_1': 150, 'epochs': 90, 'drop_out1': 0}
INFO:root:Mean Acc : 0.697761  Std Dev (0.087918) with param: {'lr': 0.01, 'act_layer1': 'relu', 'hu_1': 150, 'epochs': 90, 'drop_out1': 0}
INFO:root:Mean Acc : 0.668283  Std Dev (0.124337) with param: {'lr': 0.1, 'act_layer1': 'relu', 'hu_1': 200, 'epochs': 90, 'drop_out1': 0}
INFO:root:Mean Acc : 0.699022  Std Dev (0.083748) with param: {'lr': 0.01, 'act_layer1': 'relu', 'hu_1': 200, 'epochs': 90, 'drop_out1': 0}
INFO:root:Mean Acc : 0.695978  Std Dev (0.093986) with param: {'lr': 0.1, 'act_layer1': 'relu', 'hu_1': 250, 'epochs': 90, 'drop_out1': 0}
INFO:root:Mean Acc : 0.688348  Std Dev (0.087843) with param: {'lr': 0.01, 'act_layer1': 'relu', 'hu_1': 250, 'epochs': 90, 'drop_out1': 0}
INFO:root:Mean Acc : 0.698500  Std Dev (0.076170) with param: {'lr': 0.1, 'act_layer1': 'relu', 'hu_1': 300, 'epochs': 90, 'drop_out1': 0}
INFO:root:Mean Acc : 0.693587  Std Dev (0.095815) with param: {'lr': 0.01, 'act_layer1': 'relu', 'hu_1': 300, 'epochs': 90, 'drop_out1': 0}
INFO:root:Mean Acc : 0.675239  Std Dev (0.085466) with param: {'lr': 0.1, 'act_layer1': 'relu', 'hu_1': 350, 'epochs': 90, 'drop_out1': 0}
INFO:root:Mean Acc : 0.676283  Std Dev (0.103912) with param: {'lr': 0.01, 'act_layer1': 'relu', 'hu_1': 350, 'epochs': 90, 'drop_out1': 0}
INFO:root:Mean Acc : 0.671717  Std Dev (0.101327) with param: {'lr': 0.1, 'act_layer1': 'relu', 'hu_1': 400, 'epochs': 90, 'drop_out1': 0}
INFO:root:Mean Acc : 0.707413  Std Dev (0.096256) with param: {'lr': 0.01, 'act_layer1': 'relu', 'hu_1': 400, 'epochs': 90, 'drop_out1': 0}
INFO:root:Mean Acc : 0.673761  Std Dev (0.103386) with param: {'lr': 0.1, 'act_layer1': 'relu', 'hu_1': 100, 'epochs': 130, 'drop_out1': 0}
INFO:root:Mean Acc : 0.694652  Std Dev (0.098097) with param: {'lr': 0.01, 'act_layer1': 'relu', 'hu_1': 100, 'epochs': 130, 'drop_out1': 0}
INFO:root:Mean Acc : 0.663804  Std Dev (0.107331) with param: {'lr': 0.1, 'act_layer1': 'relu', 'hu_1': 150, 'epochs': 130, 'drop_out1': 0}
INFO:root:Mean Acc : 0.710348  Std Dev (0.087949) with param: {'lr': 0.01, 'act_layer1': 'relu', 'hu_1': 150, 'epochs': 130, 'drop_out1': 0}
INFO:root:Mean Acc : 0.708435  Std Dev (0.089562) with param: {'lr': 0.1, 'act_layer1': 'relu', 'hu_1': 200, 'epochs': 130, 'drop_out1': 0}
INFO:root:Mean Acc : 0.695500  Std Dev (0.089204) with param: {'lr': 0.01, 'act_layer1': 'relu', 'hu_1': 200, 'epochs': 130, 'drop_out1': 0}
INFO:root:Mean Acc : 0.689413  Std Dev (0.084400) with param: {'lr': 0.1, 'act_layer1': 'relu', 'hu_1': 250, 'epochs': 130, 'drop_out1': 0}
INFO:root:Mean Acc : 0.696630  Std Dev (0.092529) with param: {'lr': 0.01, 'act_layer1': 'relu', 'hu_1': 250, 'epochs': 130, 'drop_out1': 0}
INFO:root:Mean Acc : 0.677543  Std Dev (0.093421) with param: {'lr': 0.1, 'act_layer1': 'relu', 'hu_1': 300, 'epochs': 130, 'drop_out1': 0}
INFO:root:Mean Acc : 0.701043  Std Dev (0.084819) with param: {'lr': 0.01, 'act_layer1': 'relu', 'hu_1': 300, 'epochs': 130, 'drop_out1': 0}
INFO:root:Mean Acc : 0.661739  Std Dev (0.094475) with param: {'lr': 0.1, 'act_layer1': 'relu', 'hu_1': 350, 'epochs': 130, 'drop_out1': 0}
INFO:root:Mean Acc : 0.676304  Std Dev (0.092867) with param: {'lr': 0.01, 'act_layer1': 'relu', 'hu_1': 350, 'epochs': 130, 'drop_out1': 0}
INFO:root:Mean Acc : 0.641130  Std Dev (0.118705) with param: {'lr': 0.1, 'act_layer1': 'relu', 'hu_1': 400, 'epochs': 130, 'drop_out1': 0}
INFO:root:Mean Acc : 0.687370  Std Dev (0.082857) with param: {'lr': 0.01, 'act_layer1': 'relu', 'hu_1': 400, 'epochs': 130, 'drop_out1': 0}
INFO:root:Mean Acc : 0.599891  Std Dev (0.142014) with param: {'lr': 0.1, 'act_layer1': 'relu', 'hu_1': 100, 'epochs': 50, 'drop_out1': 0.5}
INFO:root:Mean Acc : 0.716370  Std Dev (0.089751) with param: {'lr': 0.01, 'act_layer1': 'relu', 'hu_1': 100, 'epochs': 50, 'drop_out1': 0.5}
INFO:root:Mean Acc : 0.576022  Std Dev (0.179669) with param: {'lr': 0.1, 'act_layer1': 'relu', 'hu_1': 150, 'epochs': 50, 'drop_out1': 0.5}
INFO:root:Mean Acc : 0.725457  Std Dev (0.077453) with param: {'lr': 0.01, 'act_layer1': 'relu', 'hu_1': 150, 'epochs': 50, 'drop_out1': 0.5}
INFO:root:Mean Acc : 0.584370  Std Dev (0.127500) with param: {'lr': 0.1, 'act_layer1': 'relu', 'hu_1': 200, 'epochs': 50, 'drop_out1': 0.5}
INFO:root:Mean Acc : 0.704413  Std Dev (0.100189) with param: {'lr': 0.01, 'act_layer1': 'relu', 'hu_1': 200, 'epochs': 50, 'drop_out1': 0.5}
INFO:root:Mean Acc : 0.625587  Std Dev (0.176585) with param: {'lr': 0.1, 'act_layer1': 'relu', 'hu_1': 250, 'epochs': 50, 'drop_out1': 0.5}
INFO:root:Mean Acc : 0.702696  Std Dev (0.091492) with param: {'lr': 0.01, 'act_layer1': 'relu', 'hu_1': 250, 'epochs': 50, 'drop_out1': 0.5}
INFO:root:Mean Acc : 0.662761  Std Dev (0.078198) with param: {'lr': 0.1, 'act_layer1': 'relu', 'hu_1': 300, 'epochs': 50, 'drop_out1': 0.5}
INFO:root:Mean Acc : 0.686283  Std Dev (0.097702) with param: {'lr': 0.01, 'act_layer1': 'relu', 'hu_1': 300, 'epochs': 50, 'drop_out1': 0.5}
INFO:root:Mean Acc : 0.606174  Std Dev (0.155098) with param: {'lr': 0.1, 'act_layer1': 'relu', 'hu_1': 350, 'epochs': 50, 'drop_out1': 0.5}
INFO:root:Mean Acc : 0.705978  Std Dev (0.086349) with param: {'lr': 0.01, 'act_layer1': 'relu', 'hu_1': 350, 'epochs': 50, 'drop_out1': 0.5}
INFO:root:Mean Acc : 0.626978  Std Dev (0.093713) with param: {'lr': 0.1, 'act_layer1': 'relu', 'hu_1': 400, 'epochs': 50, 'drop_out1': 0.5}
INFO:root:Mean Acc : 0.703239  Std Dev (0.087609) with param: {'lr': 0.01, 'act_layer1': 'relu', 'hu_1': 400, 'epochs': 50, 'drop_out1': 0.5}
INFO:root:Mean Acc : 0.587174  Std Dev (0.172366) with param: {'lr': 0.1, 'act_layer1': 'relu', 'hu_1': 100, 'epochs': 90, 'drop_out1': 0.5}
INFO:root:Mean Acc : 0.714239  Std Dev (0.088824) with param: {'lr': 0.01, 'act_layer1': 'relu', 'hu_1': 100, 'epochs': 90, 'drop_out1': 0.5}
INFO:root:Mean Acc : 0.533196  Std Dev (0.148329) with param: {'lr': 0.1, 'act_layer1': 'relu', 'hu_1': 150, 'epochs': 90, 'drop_out1': 0.5}
INFO:root:Mean Acc : 0.691913  Std Dev (0.094742) with param: {'lr': 0.01, 'act_layer1': 'relu', 'hu_1': 150, 'epochs': 90, 'drop_out1': 0.5}
INFO:root:Mean Acc : 0.605130  Std Dev (0.130562) with param: {'lr': 0.1, 'act_layer1': 'relu', 'hu_1': 200, 'epochs': 90, 'drop_out1': 0.5}
INFO:root:Mean Acc : 0.705543  Std Dev (0.093100) with param: {'lr': 0.01, 'act_layer1': 'relu', 'hu_1': 200, 'epochs': 90, 'drop_out1': 0.5}
INFO:root:Mean Acc : 0.552348  Std Dev (0.171507) with param: {'lr': 0.1, 'act_layer1': 'relu', 'hu_1': 250, 'epochs': 90, 'drop_out1': 0.5}
INFO:root:Mean Acc : 0.691717  Std Dev (0.094072) with param: {'lr': 0.01, 'act_layer1': 'relu', 'hu_1': 250, 'epochs': 90, 'drop_out1': 0.5}
INFO:root:Mean Acc : 0.580804  Std Dev (0.165577) with param: {'lr': 0.1, 'act_layer1': 'relu', 'hu_1': 300, 'epochs': 90, 'drop_out1': 0.5}
INFO:root:Mean Acc : 0.688087  Std Dev (0.109513) with param: {'lr': 0.01, 'act_layer1': 'relu', 'hu_1': 300, 'epochs': 90, 'drop_out1': 0.5}
INFO:root:Mean Acc : 0.621696  Std Dev (0.158791) with param: {'lr': 0.1, 'act_layer1': 'relu', 'hu_1': 350, 'epochs': 90, 'drop_out1': 0.5}
INFO:root:Mean Acc : 0.681957  Std Dev (0.099318) with param: {'lr': 0.01, 'act_layer1': 'relu', 'hu_1': 350, 'epochs': 90, 'drop_out1': 0.5}
INFO:root:Mean Acc : 0.583761  Std Dev (0.190381) with param: {'lr': 0.1, 'act_layer1': 'relu', 'hu_1': 400, 'epochs': 90, 'drop_out1': 0.5}
INFO:root:Mean Acc : 0.703652  Std Dev (0.093047) with param: {'lr': 0.01, 'act_layer1': 'relu', 'hu_1': 400, 'epochs': 90, 'drop_out1': 0.5}
INFO:root:Mean Acc : 0.451826  Std Dev (0.210104) with param: {'lr': 0.1, 'act_layer1': 'relu', 'hu_1': 100, 'epochs': 130, 'drop_out1': 0.5}
INFO:root:Mean Acc : 0.702413  Std Dev (0.090334) with param: {'lr': 0.01, 'act_layer1': 'relu', 'hu_1': 100, 'epochs': 130, 'drop_out1': 0.5}
INFO:root:Mean Acc : 0.582391  Std Dev (0.143577) with param: {'lr': 0.1, 'act_layer1': 'relu', 'hu_1': 150, 'epochs': 130, 'drop_out1': 0.5}
INFO:root:Mean Acc : 0.701370  Std Dev (0.093908) with param: {'lr': 0.01, 'act_layer1': 'relu', 'hu_1': 150, 'epochs': 130, 'drop_out1': 0.5}
INFO:root:Mean Acc : 0.571674  Std Dev (0.155296) with param: {'lr': 0.1, 'act_layer1': 'relu', 'hu_1': 200, 'epochs': 130, 'drop_out1': 0.5}
INFO:root:Mean Acc : 0.686565  Std Dev (0.093161) with param: {'lr': 0.01, 'act_layer1': 'relu', 'hu_1': 200, 'epochs': 130, 'drop_out1': 0.5}
INFO:root:Mean Acc : 0.571739  Std Dev (0.164396) with param: {'lr': 0.1, 'act_layer1': 'relu', 'hu_1': 250, 'epochs': 130, 'drop_out1': 0.5}
INFO:root:Mean Acc : 0.700261  Std Dev (0.095364) with param: {'lr': 0.01, 'act_layer1': 'relu', 'hu_1': 250, 'epochs': 130, 'drop_out1': 0.5}
INFO:root:Mean Acc : 0.592565  Std Dev (0.183837) with param: {'lr': 0.1, 'act_layer1': 'relu', 'hu_1': 300, 'epochs': 130, 'drop_out1': 0.5}
INFO:root:Mean Acc : 0.683783  Std Dev (0.096744) with param: {'lr': 0.01, 'act_layer1': 'relu', 'hu_1': 300, 'epochs': 130, 'drop_out1': 0.5}
INFO:root:Mean Acc : 0.598130  Std Dev (0.133509) with param: {'lr': 0.1, 'act_layer1': 'relu', 'hu_1': 350, 'epochs': 130, 'drop_out1': 0.5}
INFO:root:Mean Acc : 0.703565  Std Dev (0.089111) with param: {'lr': 0.01, 'act_layer1': 'relu', 'hu_1': 350, 'epochs': 130, 'drop_out1': 0.5}
INFO:root:Mean Acc : 0.544565  Std Dev (0.176691) with param: {'lr': 0.1, 'act_layer1': 'relu', 'hu_1': 400, 'epochs': 130, 'drop_out1': 0.5}
INFO:root:Mean Acc : 0.706500  Std Dev (0.088645) with param: {'lr': 0.01, 'act_layer1': 'relu', 'hu_1': 400, 'epochs': 130, 'drop_out1': 0.5}
INFO:root:Mean Acc : 0.675326  Std Dev (0.117023) with param: {'lr': 0.1, 'act_layer1': 'sigmoid', 'hu_1': 100, 'epochs': 50, 'drop_out1': 0}
INFO:root:Mean Acc : 0.709304  Std Dev (0.093115) with param: {'lr': 0.01, 'act_layer1': 'sigmoid', 'hu_1': 100, 'epochs': 50, 'drop_out1': 0}
INFO:root:Mean Acc : 0.686196  Std Dev (0.097868) with param: {'lr': 0.1, 'act_layer1': 'sigmoid', 'hu_1': 150, 'epochs': 50, 'drop_out1': 0}
INFO:root:Mean Acc : 0.714587  Std Dev (0.081136) with param: {'lr': 0.01, 'act_layer1': 'sigmoid', 'hu_1': 150, 'epochs': 50, 'drop_out1': 0}
INFO:root:Mean Acc : 0.679957  Std Dev (0.108756) with param: {'lr': 0.1, 'act_layer1': 'sigmoid', 'hu_1': 200, 'epochs': 50, 'drop_out1': 0}
INFO:root:Mean Acc : 0.708043  Std Dev (0.083292) with param: {'lr': 0.01, 'act_layer1': 'sigmoid', 'hu_1': 200, 'epochs': 50, 'drop_out1': 0}
INFO:root:Mean Acc : 0.466304  Std Dev (0.342725) with param: {'lr': 0.1, 'act_layer1': 'sigmoid', 'hu_1': 250, 'epochs': 50, 'drop_out1': 0}
INFO:root:Mean Acc : 0.696848  Std Dev (0.091555) with param: {'lr': 0.01, 'act_layer1': 'sigmoid', 'hu_1': 250, 'epochs': 50, 'drop_out1': 0}
INFO:root:Mean Acc : 0.454500  Std Dev (0.336002) with param: {'lr': 0.1, 'act_layer1': 'sigmoid', 'hu_1': 300, 'epochs': 50, 'drop_out1': 0}
INFO:root:Mean Acc : 0.716022  Std Dev (0.090483) with param: {'lr': 0.01, 'act_layer1': 'sigmoid', 'hu_1': 300, 'epochs': 50, 'drop_out1': 0}
INFO:root:Mean Acc : 0.454413  Std Dev (0.338728) with param: {'lr': 0.1, 'act_layer1': 'sigmoid', 'hu_1': 350, 'epochs': 50, 'drop_out1': 0}
INFO:root:Mean Acc : 0.690565  Std Dev (0.109468) with param: {'lr': 0.01, 'act_layer1': 'sigmoid', 'hu_1': 350, 'epochs': 50, 'drop_out1': 0}
INFO:root:Mean Acc : 0.561978  Std Dev (0.141043) with param: {'lr': 0.1, 'act_layer1': 'sigmoid', 'hu_1': 400, 'epochs': 50, 'drop_out1': 0}
INFO:root:Mean Acc : 0.722804  Std Dev (0.083070) with param: {'lr': 0.01, 'act_layer1': 'sigmoid', 'hu_1': 400, 'epochs': 50, 'drop_out1': 0}
INFO:root:Mean Acc : 0.673761  Std Dev (0.108645) with param: {'lr': 0.1, 'act_layer1': 'sigmoid', 'hu_1': 100, 'epochs': 90, 'drop_out1': 0}
INFO:root:Mean Acc : 0.713978  Std Dev (0.096518) with param: {'lr': 0.01, 'act_layer1': 'sigmoid', 'hu_1': 100, 'epochs': 90, 'drop_out1': 0}
INFO:root:Mean Acc : 0.694500  Std Dev (0.091819) with param: {'lr': 0.1, 'act_layer1': 'sigmoid', 'hu_1': 150, 'epochs': 90, 'drop_out1': 0}
INFO:root:Mean Acc : 0.703739  Std Dev (0.088577) with param: {'lr': 0.01, 'act_layer1': 'sigmoid', 'hu_1': 150, 'epochs': 90, 'drop_out1': 0}
INFO:root:Mean Acc : 0.690717  Std Dev (0.100040) with param: {'lr': 0.1, 'act_layer1': 'sigmoid', 'hu_1': 200, 'epochs': 90, 'drop_out1': 0}
INFO:root:Mean Acc : 0.695826  Std Dev (0.089460) with param: {'lr': 0.01, 'act_layer1': 'sigmoid', 'hu_1': 200, 'epochs': 90, 'drop_out1': 0}
INFO:root:Mean Acc : 0.474370  Std Dev (0.343794) with param: {'lr': 0.1, 'act_layer1': 'sigmoid', 'hu_1': 250, 'epochs': 90, 'drop_out1': 0}
INFO:root:Mean Acc : 0.718000  Std Dev (0.084578) with param: {'lr': 0.01, 'act_layer1': 'sigmoid', 'hu_1': 250, 'epochs': 90, 'drop_out1': 0}
INFO:root:Mean Acc : 0.441370  Std Dev (0.335325) with param: {'lr': 0.1, 'act_layer1': 'sigmoid', 'hu_1': 300, 'epochs': 90, 'drop_out1': 0}
INFO:root:Mean Acc : 0.712261  Std Dev (0.086445) with param: {'lr': 0.01, 'act_layer1': 'sigmoid', 'hu_1': 300, 'epochs': 90, 'drop_out1': 0}
INFO:root:Mean Acc : 0.444957  Std Dev (0.332659) with param: {'lr': 0.1, 'act_layer1': 'sigmoid', 'hu_1': 350, 'epochs': 90, 'drop_out1': 0}
INFO:root:Mean Acc : 0.706435  Std Dev (0.093453) with param: {'lr': 0.01, 'act_layer1': 'sigmoid', 'hu_1': 350, 'epochs': 90, 'drop_out1': 0}
INFO:root:Mean Acc : 0.306783  Std Dev (0.229198) with param: {'lr': 0.1, 'act_layer1': 'sigmoid', 'hu_1': 400, 'epochs': 90, 'drop_out1': 0}
INFO:root:Mean Acc : 0.721043  Std Dev (0.095041) with param: {'lr': 0.01, 'act_layer1': 'sigmoid', 'hu_1': 400, 'epochs': 90, 'drop_out1': 0}
INFO:root:Mean Acc : 0.700109  Std Dev (0.094357) with param: {'lr': 0.1, 'act_layer1': 'sigmoid', 'hu_1': 100, 'epochs': 130, 'drop_out1': 0}
INFO:root:Mean Acc : 0.706630  Std Dev (0.104002) with param: {'lr': 0.01, 'act_layer1': 'sigmoid', 'hu_1': 100, 'epochs': 130, 'drop_out1': 0}
INFO:root:Mean Acc : 0.689717  Std Dev (0.089567) with param: {'lr': 0.1, 'act_layer1': 'sigmoid', 'hu_1': 150, 'epochs': 130, 'drop_out1': 0}
INFO:root:Mean Acc : 0.711761  Std Dev (0.083311) with param: {'lr': 0.01, 'act_layer1': 'sigmoid', 'hu_1': 150, 'epochs': 130, 'drop_out1': 0}
INFO:root:Mean Acc : 0.684957  Std Dev (0.100808) with param: {'lr': 0.1, 'act_layer1': 'sigmoid', 'hu_1': 200, 'epochs': 130, 'drop_out1': 0}
INFO:root:Mean Acc : 0.680783  Std Dev (0.096713) with param: {'lr': 0.01, 'act_layer1': 'sigmoid', 'hu_1': 200, 'epochs': 130, 'drop_out1': 0}
INFO:root:Mean Acc : 0.447087  Std Dev (0.332106) with param: {'lr': 0.1, 'act_layer1': 'sigmoid', 'hu_1': 250, 'epochs': 130, 'drop_out1': 0}
INFO:root:Mean Acc : 0.717435  Std Dev (0.089484) with param: {'lr': 0.01, 'act_layer1': 'sigmoid', 'hu_1': 250, 'epochs': 130, 'drop_out1': 0}
INFO:root:Mean Acc : 0.311761  Std Dev (0.234543) with param: {'lr': 0.1, 'act_layer1': 'sigmoid', 'hu_1': 300, 'epochs': 130, 'drop_out1': 0}
INFO:root:Mean Acc : 0.682304  Std Dev (0.102514) with param: {'lr': 0.01, 'act_layer1': 'sigmoid', 'hu_1': 300, 'epochs': 130, 'drop_out1': 0}
INFO:root:Mean Acc : 0.307674  Std Dev (0.230148) with param: {'lr': 0.1, 'act_layer1': 'sigmoid', 'hu_1': 350, 'epochs': 130, 'drop_out1': 0}
INFO:root:Mean Acc : 0.705239  Std Dev (0.092169) with param: {'lr': 0.01, 'act_layer1': 'sigmoid', 'hu_1': 350, 'epochs': 130, 'drop_out1': 0}
INFO:root:Mean Acc : 0.308478  Std Dev (0.231008) with param: {'lr': 0.1, 'act_layer1': 'sigmoid', 'hu_1': 400, 'epochs': 130, 'drop_out1': 0}
INFO:root:Mean Acc : 0.706413  Std Dev (0.098602) with param: {'lr': 0.01, 'act_layer1': 'sigmoid', 'hu_1': 400, 'epochs': 130, 'drop_out1': 0}
INFO:root:Mean Acc : 0.673348  Std Dev (0.096680) with param: {'lr': 0.1, 'act_layer1': 'sigmoid', 'hu_1': 100, 'epochs': 50, 'drop_out1': 0.5}
INFO:root:Mean Acc : 0.686478  Std Dev (0.101165) with param: {'lr': 0.01, 'act_layer1': 'sigmoid', 'hu_1': 100, 'epochs': 50, 'drop_out1': 0.5}
INFO:root:Mean Acc : 0.659783  Std Dev (0.100744) with param: {'lr': 0.1, 'act_layer1': 'sigmoid', 'hu_1': 150, 'epochs': 50, 'drop_out1': 0.5}
INFO:root:Mean Acc : 0.695913  Std Dev (0.090952) with param: {'lr': 0.01, 'act_layer1': 'sigmoid', 'hu_1': 150, 'epochs': 50, 'drop_out1': 0.5}
INFO:root:Mean Acc : 0.659000  Std Dev (0.113590) with param: {'lr': 0.1, 'act_layer1': 'sigmoid', 'hu_1': 200, 'epochs': 50, 'drop_out1': 0.5}
INFO:root:Mean Acc : 0.692109  Std Dev (0.092999) with param: {'lr': 0.01, 'act_layer1': 'sigmoid', 'hu_1': 200, 'epochs': 50, 'drop_out1': 0.5}
INFO:root:Mean Acc : 0.682087  Std Dev (0.083334) with param: {'lr': 0.1, 'act_layer1': 'sigmoid', 'hu_1': 250, 'epochs': 50, 'drop_out1': 0.5}
INFO:root:Mean Acc : 0.695196  Std Dev (0.087637) with param: {'lr': 0.01, 'act_layer1': 'sigmoid', 'hu_1': 250, 'epochs': 50, 'drop_out1': 0.5}
INFO:root:Mean Acc : 0.448913  Std Dev (0.334863) with param: {'lr': 0.1, 'act_layer1': 'sigmoid', 'hu_1': 300, 'epochs': 50, 'drop_out1': 0.5}
INFO:root:Mean Acc : 0.694761  Std Dev (0.091915) with param: {'lr': 0.01, 'act_layer1': 'sigmoid', 'hu_1': 300, 'epochs': 50, 'drop_out1': 0.5}
INFO:root:Mean Acc : 0.471261  Std Dev (0.340531) with param: {'lr': 0.1, 'act_layer1': 'sigmoid', 'hu_1': 350, 'epochs': 50, 'drop_out1': 0.5}
INFO:root:Mean Acc : 0.707761  Std Dev (0.077910) with param: {'lr': 0.01, 'act_layer1': 'sigmoid', 'hu_1': 350, 'epochs': 50, 'drop_out1': 0.5}
INFO:root:Mean Acc : 0.313717  Std Dev (0.236668) with param: {'lr': 0.1, 'act_layer1': 'sigmoid', 'hu_1': 400, 'epochs': 50, 'drop_out1': 0.5}
INFO:root:Mean Acc : 0.716261  Std Dev (0.068204) with param: {'lr': 0.01, 'act_layer1': 'sigmoid', 'hu_1': 400, 'epochs': 50, 'drop_out1': 0.5}
INFO:root:Mean Acc : 0.690870  Std Dev (0.081479) with param: {'lr': 0.1, 'act_layer1': 'sigmoid', 'hu_1': 100, 'epochs': 90, 'drop_out1': 0.5}
INFO:root:Mean Acc : 0.693304  Std Dev (0.089500) with param: {'lr': 0.01, 'act_layer1': 'sigmoid', 'hu_1': 100, 'epochs': 90, 'drop_out1': 0.5}
INFO:root:Mean Acc : 0.672783  Std Dev (0.098535) with param: {'lr': 0.1, 'act_layer1': 'sigmoid', 'hu_1': 150, 'epochs': 90, 'drop_out1': 0.5}
INFO:root:Mean Acc : 0.698043  Std Dev (0.093576) with param: {'lr': 0.01, 'act_layer1': 'sigmoid', 'hu_1': 150, 'epochs': 90, 'drop_out1': 0.5}
INFO:root:Mean Acc : 0.655870  Std Dev (0.108064) with param: {'lr': 0.1, 'act_layer1': 'sigmoid', 'hu_1': 200, 'epochs': 90, 'drop_out1': 0.5}
INFO:root:Mean Acc : 0.693870  Std Dev (0.090641) with param: {'lr': 0.01, 'act_layer1': 'sigmoid', 'hu_1': 200, 'epochs': 90, 'drop_out1': 0.5}
INFO:root:Mean Acc : 0.472935  Std Dev (0.342094) with param: {'lr': 0.1, 'act_layer1': 'sigmoid', 'hu_1': 250, 'epochs': 90, 'drop_out1': 0.5}
INFO:root:Mean Acc : 0.705826  Std Dev (0.092010) with param: {'lr': 0.01, 'act_layer1': 'sigmoid', 'hu_1': 250, 'epochs': 90, 'drop_out1': 0.5}
INFO:root:Mean Acc : 0.654196  Std Dev (0.107640) with param: {'lr': 0.1, 'act_layer1': 'sigmoid', 'hu_1': 300, 'epochs': 90, 'drop_out1': 0.5}
INFO:root:Mean Acc : 0.710283  Std Dev (0.088584) with param: {'lr': 0.01, 'act_layer1': 'sigmoid', 'hu_1': 300, 'epochs': 90, 'drop_out1': 0.5}
INFO:root:Mean Acc : 0.438065  Std Dev (0.330928) with param: {'lr': 0.1, 'act_layer1': 'sigmoid', 'hu_1': 350, 'epochs': 90, 'drop_out1': 0.5}
INFO:root:Mean Acc : 0.703283  Std Dev (0.089345) with param: {'lr': 0.01, 'act_layer1': 'sigmoid', 'hu_1': 350, 'epochs': 90, 'drop_out1': 0.5}
INFO:root:Mean Acc : 0.321174  Std Dev (0.244885) with param: {'lr': 0.1, 'act_layer1': 'sigmoid', 'hu_1': 400, 'epochs': 90, 'drop_out1': 0.5}
INFO:root:Mean Acc : 0.709696  Std Dev (0.086119) with param: {'lr': 0.01, 'act_layer1': 'sigmoid', 'hu_1': 400, 'epochs': 90, 'drop_out1': 0.5}
INFO:root:Mean Acc : 0.660500  Std Dev (0.105246) with param: {'lr': 0.1, 'act_layer1': 'sigmoid', 'hu_1': 100, 'epochs': 130, 'drop_out1': 0.5}
INFO:root:Mean Acc : 0.713391  Std Dev (0.092317) with param: {'lr': 0.01, 'act_layer1': 'sigmoid', 'hu_1': 100, 'epochs': 130, 'drop_out1': 0.5}
INFO:root:Mean Acc : 0.691326  Std Dev (0.094047) with param: {'lr': 0.1, 'act_layer1': 'sigmoid', 'hu_1': 150, 'epochs': 130, 'drop_out1': 0.5}
INFO:root:Mean Acc : 0.700109  Std Dev (0.093572) with param: {'lr': 0.01, 'act_layer1': 'sigmoid', 'hu_1': 150, 'epochs': 130, 'drop_out1': 0.5}
INFO:root:Mean Acc : 0.645304  Std Dev (0.108890) with param: {'lr': 0.1, 'act_layer1': 'sigmoid', 'hu_1': 200, 'epochs': 130, 'drop_out1': 0.5}
INFO:root:Mean Acc : 0.705870  Std Dev (0.089395) with param: {'lr': 0.01, 'act_layer1': 'sigmoid', 'hu_1': 200, 'epochs': 130, 'drop_out1': 0.5}
INFO:root:Mean Acc : 0.452370  Std Dev (0.337613) with param: {'lr': 0.1, 'act_layer1': 'sigmoid', 'hu_1': 250, 'epochs': 130, 'drop_out1': 0.5}
INFO:root:Mean Acc : 0.702261  Std Dev (0.094454) with param: {'lr': 0.01, 'act_layer1': 'sigmoid', 'hu_1': 250, 'epochs': 130, 'drop_out1': 0.5}
INFO:root:Mean Acc : 0.658304  Std Dev (0.098759) with param: {'lr': 0.1, 'act_layer1': 'sigmoid', 'hu_1': 300, 'epochs': 130, 'drop_out1': 0.5}
INFO:root:Mean Acc : 0.708130  Std Dev (0.088171) with param: {'lr': 0.01, 'act_layer1': 'sigmoid', 'hu_1': 300, 'epochs': 130, 'drop_out1': 0.5}
INFO:root:Mean Acc : 0.464696  Std Dev (0.342685) with param: {'lr': 0.1, 'act_layer1': 'sigmoid', 'hu_1': 350, 'epochs': 130, 'drop_out1': 0.5}
INFO:root:Mean Acc : 0.704326  Std Dev (0.092506) with param: {'lr': 0.01, 'act_layer1': 'sigmoid', 'hu_1': 350, 'epochs': 130, 'drop_out1': 0.5}
INFO:root:Mean Acc : 0.674500  Std Dev (0.104530) with param: {'lr': 0.1, 'act_layer1': 'sigmoid', 'hu_1': 400, 'epochs': 130, 'drop_out1': 0.5}
INFO:root:Mean Acc : 0.701413  Std Dev (0.091201) with param: {'lr': 0.01, 'act_layer1': 'sigmoid', 'hu_1': 400, 'epochs': 130, 'drop_out1': 0.5}
INFO:root:Time Taken 566.5651984294255
INFO:root:##### EXPERIMENT COMPLETE #####