[kkalyan3@helios1 log]$ cat new_grid_exp2_mnist_5_model1.out
INFO:root:##### NEW EXPERIMENT #####
INFO:root:Best: 0.690972 using {'hu_1': 150, 'lr': 0.01, 'epochs': 50, 'drop_out1': 0.5, 'act_layer1': 'relu'}
INFO:root:Mean Acc : 0.645306  Std Dev (0.405174) with param: {'hu_1': 100, 'lr': 0.1, 'epochs': 50, 'drop_out1': 0, 'act_layer1': 'relu'}
INFO:root:Mean Acc : 0.646944  Std Dev (0.401109) with param: {'hu_1': 100, 'lr': 0.01, 'epochs': 50, 'drop_out1': 0, 'act_layer1': 'relu'}
INFO:root:Mean Acc : 0.676000  Std Dev (0.430923) with param: {'hu_1': 150, 'lr': 0.1, 'epochs': 50, 'drop_out1': 0, 'act_layer1': 'relu'}
INFO:root:Mean Acc : 0.684139  Std Dev (0.424835) with param: {'hu_1': 150, 'lr': 0.01, 'epochs': 50, 'drop_out1': 0, 'act_layer1': 'relu'}
INFO:root:Mean Acc : 0.604250  Std Dev (0.381253) with param: {'hu_1': 200, 'lr': 0.1, 'epochs': 50, 'drop_out1': 0, 'act_layer1': 'relu'}
INFO:root:Mean Acc : 0.681333  Std Dev (0.422850) with param: {'hu_1': 200, 'lr': 0.01, 'epochs': 50, 'drop_out1': 0, 'act_layer1': 'relu'}
INFO:root:Mean Acc : 0.547972  Std Dev (0.345858) with param: {'hu_1': 250, 'lr': 0.1, 'epochs': 50, 'drop_out1': 0, 'act_layer1': 'relu'}
INFO:root:Mean Acc : 0.679861  Std Dev (0.421824) with param: {'hu_1': 250, 'lr': 0.01, 'epochs': 50, 'drop_out1': 0, 'act_layer1': 'relu'}
INFO:root:Mean Acc : 0.605778  Std Dev (0.387468) with param: {'hu_1': 300, 'lr': 0.1, 'epochs': 50, 'drop_out1': 0, 'act_layer1': 'relu'}
INFO:root:Mean Acc : 0.682194  Std Dev (0.423460) with param: {'hu_1': 300, 'lr': 0.01, 'epochs': 50, 'drop_out1': 0, 'act_layer1': 'relu'}
INFO:root:Mean Acc : 0.547250  Std Dev (0.339169) with param: {'hu_1': 350, 'lr': 0.1, 'epochs': 50, 'drop_out1': 0, 'act_layer1': 'relu'}
INFO:root:Mean Acc : 0.684167  Std Dev (0.424853) with param: {'hu_1': 350, 'lr': 0.01, 'epochs': 50, 'drop_out1': 0, 'act_layer1': 'relu'}
INFO:root:Mean Acc : 0.578750  Std Dev (0.353209) with param: {'hu_1': 400, 'lr': 0.1, 'epochs': 50, 'drop_out1': 0, 'act_layer1': 'relu'}
INFO:root:Mean Acc : 0.647194  Std Dev (0.401114) with param: {'hu_1': 400, 'lr': 0.01, 'epochs': 50, 'drop_out1': 0, 'act_layer1': 'relu'}
INFO:root:Mean Acc : 0.681583  Std Dev (0.423028) with param: {'hu_1': 100, 'lr': 0.1, 'epochs': 90, 'drop_out1': 0, 'act_layer1': 'relu'}
INFO:root:Mean Acc : 0.681306  Std Dev (0.422830) with param: {'hu_1': 100, 'lr': 0.01, 'epochs': 90, 'drop_out1': 0, 'act_layer1': 'relu'}
INFO:root:Mean Acc : 0.580861  Std Dev (0.354461) with param: {'hu_1': 150, 'lr': 0.1, 'epochs': 90, 'drop_out1': 0, 'act_layer1': 'relu'}
INFO:root:Mean Acc : 0.680444  Std Dev (0.422223) with param: {'hu_1': 150, 'lr': 0.01, 'epochs': 90, 'drop_out1': 0, 'act_layer1': 'relu'}
INFO:root:Mean Acc : 0.644583  Std Dev (0.404954) with param: {'hu_1': 200, 'lr': 0.1, 'epochs': 90, 'drop_out1': 0, 'act_layer1': 'relu'}
INFO:root:Mean Acc : 0.681528  Std Dev (0.422995) with param: {'hu_1': 200, 'lr': 0.01, 'epochs': 90, 'drop_out1': 0, 'act_layer1': 'relu'}
INFO:root:Mean Acc : 0.633222  Std Dev (0.422002) with param: {'hu_1': 250, 'lr': 0.1, 'epochs': 90, 'drop_out1': 0, 'act_layer1': 'relu'}
INFO:root:Mean Acc : 0.679833  Std Dev (0.421799) with param: {'hu_1': 250, 'lr': 0.01, 'epochs': 90, 'drop_out1': 0, 'act_layer1': 'relu'}
INFO:root:Mean Acc : 0.645389  Std Dev (0.406071) with param: {'hu_1': 300, 'lr': 0.1, 'epochs': 90, 'drop_out1': 0, 'act_layer1': 'relu'}
INFO:root:Mean Acc : 0.681361  Std Dev (0.422875) with param: {'hu_1': 300, 'lr': 0.01, 'epochs': 90, 'drop_out1': 0, 'act_layer1': 'relu'}
INFO:root:Mean Acc : 0.644667  Std Dev (0.411555) with param: {'hu_1': 350, 'lr': 0.1, 'epochs': 90, 'drop_out1': 0, 'act_layer1': 'relu'}
INFO:root:Mean Acc : 0.680833  Std Dev (0.422500) with param: {'hu_1': 350, 'lr': 0.01, 'epochs': 90, 'drop_out1': 0, 'act_layer1': 'relu'}
INFO:root:Mean Acc : 0.669167  Std Dev (0.438001) with param: {'hu_1': 400, 'lr': 0.1, 'epochs': 90, 'drop_out1': 0, 'act_layer1': 'relu'}
INFO:root:Mean Acc : 0.682083  Std Dev (0.423382) with param: {'hu_1': 400, 'lr': 0.01, 'epochs': 90, 'drop_out1': 0, 'act_layer1': 'relu'}
INFO:root:Mean Acc : 0.643861  Std Dev (0.404419) with param: {'hu_1': 100, 'lr': 0.1, 'epochs': 130, 'drop_out1': 0, 'act_layer1': 'relu'}
INFO:root:Mean Acc : 0.680861  Std Dev (0.422516) with param: {'hu_1': 100, 'lr': 0.01, 'epochs': 130, 'drop_out1': 0, 'act_layer1': 'relu'}
INFO:root:Mean Acc : 0.672028  Std Dev (0.433594) with param: {'hu_1': 150, 'lr': 0.1, 'epochs': 130, 'drop_out1': 0, 'act_layer1': 'relu'}
INFO:root:Mean Acc : 0.680222  Std Dev (0.422064) with param: {'hu_1': 150, 'lr': 0.01, 'epochs': 130, 'drop_out1': 0, 'act_layer1': 'relu'}
INFO:root:Mean Acc : 0.672278  Std Dev (0.434714) with param: {'hu_1': 200, 'lr': 0.1, 'epochs': 130, 'drop_out1': 0, 'act_layer1': 'relu'}
INFO:root:Mean Acc : 0.681000  Std Dev (0.422673) with param: {'hu_1': 200, 'lr': 0.01, 'epochs': 130, 'drop_out1': 0, 'act_layer1': 'relu'}
INFO:root:Mean Acc : 0.612917  Std Dev (0.383525) with param: {'hu_1': 250, 'lr': 0.1, 'epochs': 130, 'drop_out1': 0, 'act_layer1': 'relu'}
INFO:root:Mean Acc : 0.680472  Std Dev (0.422305) with param: {'hu_1': 250, 'lr': 0.01, 'epochs': 130, 'drop_out1': 0, 'act_layer1': 'relu'}
INFO:root:Mean Acc : 0.619944  Std Dev (0.386686) with param: {'hu_1': 300, 'lr': 0.1, 'epochs': 130, 'drop_out1': 0, 'act_layer1': 'relu'}
INFO:root:Mean Acc : 0.682306  Std Dev (0.423539) with param: {'hu_1': 300, 'lr': 0.01, 'epochs': 130, 'drop_out1': 0, 'act_layer1': 'relu'}
INFO:root:Mean Acc : 0.605611  Std Dev (0.387278) with param: {'hu_1': 350, 'lr': 0.1, 'epochs': 130, 'drop_out1': 0, 'act_layer1': 'relu'}
INFO:root:Mean Acc : 0.680194  Std Dev (0.422058) with param: {'hu_1': 350, 'lr': 0.01, 'epochs': 130, 'drop_out1': 0, 'act_layer1': 'relu'}
INFO:root:Mean Acc : 0.550444  Std Dev (0.340536) with param: {'hu_1': 400, 'lr': 0.1, 'epochs': 130, 'drop_out1': 0, 'act_layer1': 'relu'}
INFO:root:Mean Acc : 0.645528  Std Dev (0.399928) with param: {'hu_1': 400, 'lr': 0.01, 'epochs': 130, 'drop_out1': 0, 'act_layer1': 'relu'}
INFO:root:Mean Acc : 0.620722  Std Dev (0.389379) with param: {'hu_1': 100, 'lr': 0.1, 'epochs': 50, 'drop_out1': 0.5, 'act_layer1': 'relu'}
INFO:root:Mean Acc : 0.690000  Std Dev (0.429040) with param: {'hu_1': 100, 'lr': 0.01, 'epochs': 50, 'drop_out1': 0.5, 'act_layer1': 'relu'}
INFO:root:Mean Acc : 0.586694  Std Dev (0.358714) with param: {'hu_1': 150, 'lr': 0.1, 'epochs': 50, 'drop_out1': 0.5, 'act_layer1': 'relu'}
INFO:root:Mean Acc : 0.690972  Std Dev (0.429666) with param: {'hu_1': 150, 'lr': 0.01, 'epochs': 50, 'drop_out1': 0.5, 'act_layer1': 'relu'}
INFO:root:Mean Acc : 0.615917  Std Dev (0.376652) with param: {'hu_1': 200, 'lr': 0.1, 'epochs': 50, 'drop_out1': 0.5, 'act_layer1': 'relu'}
INFO:root:Mean Acc : 0.690722  Std Dev (0.429489) with param: {'hu_1': 200, 'lr': 0.01, 'epochs': 50, 'drop_out1': 0.5, 'act_layer1': 'relu'}
INFO:root:Mean Acc : 0.611806  Std Dev (0.373687) with param: {'hu_1': 250, 'lr': 0.1, 'epochs': 50, 'drop_out1': 0.5, 'act_layer1': 'relu'}
INFO:root:Mean Acc : 0.690722  Std Dev (0.429490) with param: {'hu_1': 250, 'lr': 0.01, 'epochs': 50, 'drop_out1': 0.5, 'act_layer1': 'relu'}
INFO:root:Mean Acc : 0.549778  Std Dev (0.329826) with param: {'hu_1': 300, 'lr': 0.1, 'epochs': 50, 'drop_out1': 0.5, 'act_layer1': 'relu'}
INFO:root:Mean Acc : 0.690917  Std Dev (0.429626) with param: {'hu_1': 300, 'lr': 0.01, 'epochs': 50, 'drop_out1': 0.5, 'act_layer1': 'relu'}
INFO:root:Mean Acc : 0.582333  Std Dev (0.360739) with param: {'hu_1': 350, 'lr': 0.1, 'epochs': 50, 'drop_out1': 0.5, 'act_layer1': 'relu'}
INFO:root:Mean Acc : 0.690778  Std Dev (0.429528) with param: {'hu_1': 350, 'lr': 0.01, 'epochs': 50, 'drop_out1': 0.5, 'act_layer1': 'relu'}
INFO:root:Mean Acc : 0.587694  Std Dev (0.359692) with param: {'hu_1': 400, 'lr': 0.1, 'epochs': 50, 'drop_out1': 0.5, 'act_layer1': 'relu'}
INFO:root:Mean Acc : 0.690861  Std Dev (0.429647) with param: {'hu_1': 400, 'lr': 0.01, 'epochs': 50, 'drop_out1': 0.5, 'act_layer1': 'relu'}
INFO:root:Mean Acc : 0.518944  Std Dev (0.310604) with param: {'hu_1': 100, 'lr': 0.1, 'epochs': 90, 'drop_out1': 0.5, 'act_layer1': 'relu'}
INFO:root:Mean Acc : 0.690556  Std Dev (0.429430) with param: {'hu_1': 100, 'lr': 0.01, 'epochs': 90, 'drop_out1': 0.5, 'act_layer1': 'relu'}
INFO:root:Mean Acc : 0.484583  Std Dev (0.296093) with param: {'hu_1': 150, 'lr': 0.1, 'epochs': 90, 'drop_out1': 0.5, 'act_layer1': 'relu'}
INFO:root:Mean Acc : 0.690389  Std Dev (0.429253) with param: {'hu_1': 150, 'lr': 0.01, 'epochs': 90, 'drop_out1': 0.5, 'act_layer1': 'relu'}
INFO:root:Mean Acc : 0.553778  Std Dev (0.343440) with param: {'hu_1': 200, 'lr': 0.1, 'epochs': 90, 'drop_out1': 0.5, 'act_layer1': 'relu'}
INFO:root:Mean Acc : 0.657444  Std Dev (0.407898) with param: {'hu_1': 200, 'lr': 0.01, 'epochs': 90, 'drop_out1': 0.5, 'act_layer1': 'relu'}
INFO:root:Mean Acc : 0.521861  Std Dev (0.311577) with param: {'hu_1': 250, 'lr': 0.1, 'epochs': 90, 'drop_out1': 0.5, 'act_layer1': 'relu'}
INFO:root:Mean Acc : 0.690583  Std Dev (0.429392) with param: {'hu_1': 250, 'lr': 0.01, 'epochs': 90, 'drop_out1': 0.5, 'act_layer1': 'relu'}
INFO:root:Mean Acc : 0.517583  Std Dev (0.309858) with param: {'hu_1': 300, 'lr': 0.1, 'epochs': 90, 'drop_out1': 0.5, 'act_layer1': 'relu'}
INFO:root:Mean Acc : 0.690889  Std Dev (0.429607) with param: {'hu_1': 300, 'lr': 0.01, 'epochs': 90, 'drop_out1': 0.5, 'act_layer1': 'relu'}
INFO:root:Mean Acc : 0.487083  Std Dev (0.329763) with param: {'hu_1': 350, 'lr': 0.1, 'epochs': 90, 'drop_out1': 0.5, 'act_layer1': 'relu'}
INFO:root:Mean Acc : 0.690694  Std Dev (0.429588) with param: {'hu_1': 350, 'lr': 0.01, 'epochs': 90, 'drop_out1': 0.5, 'act_layer1': 'relu'}
INFO:root:Mean Acc : 0.518333  Std Dev (0.310659) with param: {'hu_1': 400, 'lr': 0.1, 'epochs': 90, 'drop_out1': 0.5, 'act_layer1': 'relu'}
INFO:root:Mean Acc : 0.690444  Std Dev (0.429293) with param: {'hu_1': 400, 'lr': 0.01, 'epochs': 90, 'drop_out1': 0.5, 'act_layer1': 'relu'}
INFO:root:Mean Acc : 0.520917  Std Dev (0.311789) with param: {'hu_1': 100, 'lr': 0.1, 'epochs': 130, 'drop_out1': 0.5, 'act_layer1': 'relu'}
INFO:root:Mean Acc : 0.690056  Std Dev (0.429017) with param: {'hu_1': 100, 'lr': 0.01, 'epochs': 130, 'drop_out1': 0.5, 'act_layer1': 'relu'}
INFO:root:Mean Acc : 0.562000  Std Dev (0.347503) with param: {'hu_1': 150, 'lr': 0.1, 'epochs': 130, 'drop_out1': 0.5, 'act_layer1': 'relu'}
INFO:root:Mean Acc : 0.690000  Std Dev (0.428978) with param: {'hu_1': 150, 'lr': 0.01, 'epochs': 130, 'drop_out1': 0.5, 'act_layer1': 'relu'}
INFO:root:Mean Acc : 0.455083  Std Dev (0.266400) with param: {'hu_1': 200, 'lr': 0.1, 'epochs': 130, 'drop_out1': 0.5, 'act_layer1': 'relu'}
INFO:root:Mean Acc : 0.690361  Std Dev (0.429292) with param: {'hu_1': 200, 'lr': 0.01, 'epochs': 130, 'drop_out1': 0.5, 'act_layer1': 'relu'}
INFO:root:Mean Acc : 0.447194  Std Dev (0.260120) with param: {'hu_1': 250, 'lr': 0.1, 'epochs': 130, 'drop_out1': 0.5, 'act_layer1': 'relu'}
INFO:root:Mean Acc : 0.690500  Std Dev (0.429332) with param: {'hu_1': 250, 'lr': 0.01, 'epochs': 130, 'drop_out1': 0.5, 'act_layer1': 'relu'}
INFO:root:Mean Acc : 0.353056  Std Dev (0.208359) with param: {'hu_1': 300, 'lr': 0.1, 'epochs': 130, 'drop_out1': 0.5, 'act_layer1': 'relu'}
INFO:root:Mean Acc : 0.690528  Std Dev (0.429411) with param: {'hu_1': 300, 'lr': 0.01, 'epochs': 130, 'drop_out1': 0.5, 'act_layer1': 'relu'}
INFO:root:Mean Acc : 0.389556  Std Dev (0.220385) with param: {'hu_1': 350, 'lr': 0.1, 'epochs': 130, 'drop_out1': 0.5, 'act_layer1': 'relu'}
INFO:root:Mean Acc : 0.654667  Std Dev (0.406319) with param: {'hu_1': 350, 'lr': 0.01, 'epochs': 130, 'drop_out1': 0.5, 'act_layer1': 'relu'}
INFO:root:Mean Acc : 0.455000  Std Dev (0.264821) with param: {'hu_1': 400, 'lr': 0.1, 'epochs': 130, 'drop_out1': 0.5, 'act_layer1': 'relu'}
INFO:root:Mean Acc : 0.653694  Std Dev (0.405705) with param: {'hu_1': 400, 'lr': 0.01, 'epochs': 130, 'drop_out1': 0.5, 'act_layer1': 'relu'}
INFO:root:Mean Acc : 0.682722  Std Dev (0.423892) with param: {'hu_1': 100, 'lr': 0.1, 'epochs': 50, 'drop_out1': 0, 'act_layer1': 'sigmoid'}
INFO:root:Mean Acc : 0.685889  Std Dev (0.426130) with param: {'hu_1': 100, 'lr': 0.01, 'epochs': 50, 'drop_out1': 0, 'act_layer1': 'sigmoid'}
INFO:root:Mean Acc : 0.681583  Std Dev (0.423028) with param: {'hu_1': 150, 'lr': 0.1, 'epochs': 50, 'drop_out1': 0, 'act_layer1': 'sigmoid'}
INFO:root:Mean Acc : 0.686028  Std Dev (0.426171) with param: {'hu_1': 150, 'lr': 0.01, 'epochs': 50, 'drop_out1': 0, 'act_layer1': 'sigmoid'}
INFO:root:Mean Acc : 0.620028  Std Dev (0.379562) with param: {'hu_1': 200, 'lr': 0.1, 'epochs': 50, 'drop_out1': 0, 'act_layer1': 'sigmoid'}
INFO:root:Mean Acc : 0.650139  Std Dev (0.403381) with param: {'hu_1': 200, 'lr': 0.01, 'epochs': 50, 'drop_out1': 0, 'act_layer1': 'sigmoid'}
INFO:root:Mean Acc : 0.149139  Std Dev (0.164919) with param: {'hu_1': 250, 'lr': 0.1, 'epochs': 50, 'drop_out1': 0, 'act_layer1': 'sigmoid'}
INFO:root:Mean Acc : 0.654278  Std Dev (0.405456) with param: {'hu_1': 250, 'lr': 0.01, 'epochs': 50, 'drop_out1': 0, 'act_layer1': 'sigmoid'}
INFO:root:Mean Acc : 0.148139  Std Dev (0.070637) with param: {'hu_1': 300, 'lr': 0.1, 'epochs': 50, 'drop_out1': 0, 'act_layer1': 'sigmoid'}
INFO:root:Mean Acc : 0.685806  Std Dev (0.426014) with param: {'hu_1': 300, 'lr': 0.01, 'epochs': 50, 'drop_out1': 0, 'act_layer1': 'sigmoid'}
INFO:root:Mean Acc : 0.121139  Std Dev (0.066796) with param: {'hu_1': 350, 'lr': 0.1, 'epochs': 50, 'drop_out1': 0, 'act_layer1': 'sigmoid'}
INFO:root:Mean Acc : 0.687139  Std Dev (0.427015) with param: {'hu_1': 350, 'lr': 0.01, 'epochs': 50, 'drop_out1': 0, 'act_layer1': 'sigmoid'}
INFO:root:Mean Acc : 0.051250  Std Dev (0.039407) with param: {'hu_1': 400, 'lr': 0.1, 'epochs': 50, 'drop_out1': 0, 'act_layer1': 'sigmoid'}
INFO:root:Mean Acc : 0.685278  Std Dev (0.425641) with param: {'hu_1': 400, 'lr': 0.01, 'epochs': 50, 'drop_out1': 0, 'act_layer1': 'sigmoid'}
INFO:root:Mean Acc : 0.647361  Std Dev (0.401261) with param: {'hu_1': 100, 'lr': 0.1, 'epochs': 90, 'drop_out1': 0, 'act_layer1': 'sigmoid'}
INFO:root:Mean Acc : 0.683389  Std Dev (0.424311) with param: {'hu_1': 100, 'lr': 0.01, 'epochs': 90, 'drop_out1': 0, 'act_layer1': 'sigmoid'}
INFO:root:Mean Acc : 0.682917  Std Dev (0.424029) with param: {'hu_1': 150, 'lr': 0.1, 'epochs': 90, 'drop_out1': 0, 'act_layer1': 'sigmoid'}
INFO:root:Mean Acc : 0.684194  Std Dev (0.424873) with param: {'hu_1': 150, 'lr': 0.01, 'epochs': 90, 'drop_out1': 0, 'act_layer1': 'sigmoid'}
INFO:root:Mean Acc : 0.682556  Std Dev (0.423714) with param: {'hu_1': 200, 'lr': 0.1, 'epochs': 90, 'drop_out1': 0, 'act_layer1': 'sigmoid'}
INFO:root:Mean Acc : 0.684000  Std Dev (0.424735) with param: {'hu_1': 200, 'lr': 0.01, 'epochs': 90, 'drop_out1': 0, 'act_layer1': 'sigmoid'}
INFO:root:Mean Acc : 0.024500  Std Dev (0.034648) with param: {'hu_1': 250, 'lr': 0.1, 'epochs': 90, 'drop_out1': 0, 'act_layer1': 'sigmoid'}
INFO:root:Mean Acc : 0.681944  Std Dev (0.423293) with param: {'hu_1': 250, 'lr': 0.01, 'epochs': 90, 'drop_out1': 0, 'act_layer1': 'sigmoid'}
INFO:root:Mean Acc : 0.017333  Std Dev (0.024513) with param: {'hu_1': 300, 'lr': 0.1, 'epochs': 90, 'drop_out1': 0, 'act_layer1': 'sigmoid'}
INFO:root:Mean Acc : 0.684667  Std Dev (0.425207) with param: {'hu_1': 300, 'lr': 0.01, 'epochs': 90, 'drop_out1': 0, 'act_layer1': 'sigmoid'}
INFO:root:Mean Acc : 0.016306  Std Dev (0.023060) with param: {'hu_1': 350, 'lr': 0.1, 'epochs': 90, 'drop_out1': 0, 'act_layer1': 'sigmoid'}
INFO:root:Mean Acc : 0.684000  Std Dev (0.424741) with param: {'hu_1': 350, 'lr': 0.01, 'epochs': 90, 'drop_out1': 0, 'act_layer1': 'sigmoid'}
INFO:root:Mean Acc : 0.076611  Std Dev (0.085860) with param: {'hu_1': 400, 'lr': 0.1, 'epochs': 90, 'drop_out1': 0, 'act_layer1': 'sigmoid'}
INFO:root:Mean Acc : 0.684417  Std Dev (0.425035) with param: {'hu_1': 400, 'lr': 0.01, 'epochs': 90, 'drop_out1': 0, 'act_layer1': 'sigmoid'}
INFO:root:Mean Acc : 0.680861  Std Dev (0.422516) with param: {'hu_1': 100, 'lr': 0.1, 'epochs': 130, 'drop_out1': 0, 'act_layer1': 'sigmoid'}
INFO:root:Mean Acc : 0.684389  Std Dev (0.425011) with param: {'hu_1': 100, 'lr': 0.01, 'epochs': 130, 'drop_out1': 0, 'act_layer1': 'sigmoid'}
INFO:root:Mean Acc : 0.681000  Std Dev (0.422673) with param: {'hu_1': 150, 'lr': 0.1, 'epochs': 130, 'drop_out1': 0, 'act_layer1': 'sigmoid'}
INFO:root:Mean Acc : 0.684028  Std Dev (0.424755) with param: {'hu_1': 150, 'lr': 0.01, 'epochs': 130, 'drop_out1': 0, 'act_layer1': 'sigmoid'}
INFO:root:Mean Acc : 0.647194  Std Dev (0.400918) with param: {'hu_1': 200, 'lr': 0.1, 'epochs': 130, 'drop_out1': 0, 'act_layer1': 'sigmoid'}
INFO:root:Mean Acc : 0.685000  Std Dev (0.425446) with param: {'hu_1': 200, 'lr': 0.01, 'epochs': 130, 'drop_out1': 0, 'act_layer1': 'sigmoid'}
INFO:root:Mean Acc : 0.439139  Std Dev (0.278571) with param: {'hu_1': 250, 'lr': 0.1, 'epochs': 130, 'drop_out1': 0, 'act_layer1': 'sigmoid'}
INFO:root:Mean Acc : 0.684778  Std Dev (0.425289) with param: {'hu_1': 250, 'lr': 0.01, 'epochs': 130, 'drop_out1': 0, 'act_layer1': 'sigmoid'}
INFO:root:Mean Acc : 0.244722  Std Dev (0.174775) with param: {'hu_1': 300, 'lr': 0.1, 'epochs': 130, 'drop_out1': 0, 'act_layer1': 'sigmoid'}
INFO:root:Mean Acc : 0.683722  Std Dev (0.424540) with param: {'hu_1': 300, 'lr': 0.01, 'epochs': 130, 'drop_out1': 0, 'act_layer1': 'sigmoid'}
INFO:root:Mean Acc : 0.138972  Std Dev (0.108006) with param: {'hu_1': 350, 'lr': 0.1, 'epochs': 130, 'drop_out1': 0, 'act_layer1': 'sigmoid'}
INFO:root:Mean Acc : 0.683306  Std Dev (0.424245) with param: {'hu_1': 350, 'lr': 0.01, 'epochs': 130, 'drop_out1': 0, 'act_layer1': 'sigmoid'}
INFO:root:Mean Acc : 0.016111  Std Dev (0.022785) with param: {'hu_1': 400, 'lr': 0.1, 'epochs': 130, 'drop_out1': 0, 'act_layer1': 'sigmoid'}
INFO:root:Mean Acc : 0.684667  Std Dev (0.425266) with param: {'hu_1': 400, 'lr': 0.01, 'epochs': 130, 'drop_out1': 0, 'act_layer1': 'sigmoid'}
INFO:root:Mean Acc : 0.656361  Std Dev (0.406882) with param: {'hu_1': 100, 'lr': 0.1, 'epochs': 50, 'drop_out1': 0.5, 'act_layer1': 'sigmoid'}
INFO:root:Mean Acc : 0.688917  Std Dev (0.428271) with param: {'hu_1': 100, 'lr': 0.01, 'epochs': 50, 'drop_out1': 0.5, 'act_layer1': 'sigmoid'}
INFO:root:Mean Acc : 0.687028  Std Dev (0.426878) with param: {'hu_1': 150, 'lr': 0.1, 'epochs': 50, 'drop_out1': 0.5, 'act_layer1': 'sigmoid'}
INFO:root:Mean Acc : 0.688333  Std Dev (0.427859) with param: {'hu_1': 150, 'lr': 0.01, 'epochs': 50, 'drop_out1': 0.5, 'act_layer1': 'sigmoid'}
INFO:root:Mean Acc : 0.687667  Std Dev (0.427328) with param: {'hu_1': 200, 'lr': 0.1, 'epochs': 50, 'drop_out1': 0.5, 'act_layer1': 'sigmoid'}
INFO:root:Mean Acc : 0.687917  Std Dev (0.427505) with param: {'hu_1': 200, 'lr': 0.01, 'epochs': 50, 'drop_out1': 0.5, 'act_layer1': 'sigmoid'}
INFO:root:Mean Acc : 0.317333  Std Dev (0.183584) with param: {'hu_1': 250, 'lr': 0.1, 'epochs': 50, 'drop_out1': 0.5, 'act_layer1': 'sigmoid'}
INFO:root:Mean Acc : 0.688722  Std Dev (0.428075) with param: {'hu_1': 250, 'lr': 0.01, 'epochs': 50, 'drop_out1': 0.5, 'act_layer1': 'sigmoid'}
INFO:root:Mean Acc : 0.161167  Std Dev (0.066283) with param: {'hu_1': 300, 'lr': 0.1, 'epochs': 50, 'drop_out1': 0.5, 'act_layer1': 'sigmoid'}
INFO:root:Mean Acc : 0.687917  Std Dev (0.427505) with param: {'hu_1': 300, 'lr': 0.01, 'epochs': 50, 'drop_out1': 0.5, 'act_layer1': 'sigmoid'}
INFO:root:Mean Acc : 0.179861  Std Dev (0.086649) with param: {'hu_1': 350, 'lr': 0.1, 'epochs': 50, 'drop_out1': 0.5, 'act_layer1': 'sigmoid'}
INFO:root:Mean Acc : 0.688500  Std Dev (0.427918) with param: {'hu_1': 350, 'lr': 0.01, 'epochs': 50, 'drop_out1': 0.5, 'act_layer1': 'sigmoid'}
INFO:root:Mean Acc : 0.249944  Std Dev (0.191654) with param: {'hu_1': 400, 'lr': 0.1, 'epochs': 50, 'drop_out1': 0.5, 'act_layer1': 'sigmoid'}
INFO:root:Mean Acc : 0.688028  Std Dev (0.427584) with param: {'hu_1': 400, 'lr': 0.01, 'epochs': 50, 'drop_out1': 0.5, 'act_layer1': 'sigmoid'}
INFO:root:Mean Acc : 0.649722  Std Dev (0.402962) with param: {'hu_1': 100, 'lr': 0.1, 'epochs': 90, 'drop_out1': 0.5, 'act_layer1': 'sigmoid'}
INFO:root:Mean Acc : 0.687889  Std Dev (0.427485) with param: {'hu_1': 100, 'lr': 0.01, 'epochs': 90, 'drop_out1': 0.5, 'act_layer1': 'sigmoid'}
INFO:root:Mean Acc : 0.686389  Std Dev (0.426425) with param: {'hu_1': 150, 'lr': 0.1, 'epochs': 90, 'drop_out1': 0.5, 'act_layer1': 'sigmoid'}
INFO:root:Mean Acc : 0.687167  Std Dev (0.426975) with param: {'hu_1': 150, 'lr': 0.01, 'epochs': 90, 'drop_out1': 0.5, 'act_layer1': 'sigmoid'}
INFO:root:Mean Acc : 0.686972  Std Dev (0.426839) with param: {'hu_1': 200, 'lr': 0.1, 'epochs': 90, 'drop_out1': 0.5, 'act_layer1': 'sigmoid'}
INFO:root:Mean Acc : 0.686722  Std Dev (0.426661) with param: {'hu_1': 200, 'lr': 0.01, 'epochs': 90, 'drop_out1': 0.5, 'act_layer1': 'sigmoid'}
INFO:root:Mean Acc : 0.287611  Std Dev (0.167076) with param: {'hu_1': 250, 'lr': 0.1, 'epochs': 90, 'drop_out1': 0.5, 'act_layer1': 'sigmoid'}
INFO:root:Mean Acc : 0.650583  Std Dev (0.403762) with param: {'hu_1': 250, 'lr': 0.01, 'epochs': 90, 'drop_out1': 0.5, 'act_layer1': 'sigmoid'}
INFO:root:Mean Acc : 0.223667  Std Dev (0.120772) with param: {'hu_1': 300, 'lr': 0.1, 'epochs': 90, 'drop_out1': 0.5, 'act_layer1': 'sigmoid'}
INFO:root:Mean Acc : 0.687722  Std Dev (0.427428) with param: {'hu_1': 300, 'lr': 0.01, 'epochs': 90, 'drop_out1': 0.5, 'act_layer1': 'sigmoid'}
INFO:root:Mean Acc : 0.277333  Std Dev (0.160266) with param: {'hu_1': 350, 'lr': 0.1, 'epochs': 90, 'drop_out1': 0.5, 'act_layer1': 'sigmoid'}
INFO:root:Mean Acc : 0.687861  Std Dev (0.427466) with param: {'hu_1': 350, 'lr': 0.01, 'epochs': 90, 'drop_out1': 0.5, 'act_layer1': 'sigmoid'}
INFO:root:Mean Acc : 0.089278  Std Dev (0.088045) with param: {'hu_1': 400, 'lr': 0.1, 'epochs': 90, 'drop_out1': 0.5, 'act_layer1': 'sigmoid'}
INFO:root:Mean Acc : 0.687194  Std Dev (0.427053) with param: {'hu_1': 400, 'lr': 0.01, 'epochs': 90, 'drop_out1': 0.5, 'act_layer1': 'sigmoid'}
INFO:root:Mean Acc : 0.649111  Std Dev (0.402540) with param: {'hu_1': 100, 'lr': 0.1, 'epochs': 130, 'drop_out1': 0.5, 'act_layer1': 'sigmoid'}
INFO:root:Mean Acc : 0.686694  Std Dev (0.426642) with param: {'hu_1': 100, 'lr': 0.01, 'epochs': 130, 'drop_out1': 0.5, 'act_layer1': 'sigmoid'}
INFO:root:Mean Acc : 0.649278  Std Dev (0.402719) with param: {'hu_1': 150, 'lr': 0.1, 'epochs': 130, 'drop_out1': 0.5, 'act_layer1': 'sigmoid'}
INFO:root:Mean Acc : 0.686083  Std Dev (0.426213) with param: {'hu_1': 150, 'lr': 0.01, 'epochs': 130, 'drop_out1': 0.5, 'act_layer1': 'sigmoid'}
INFO:root:Mean Acc : 0.687000  Std Dev (0.426857) with param: {'hu_1': 200, 'lr': 0.1, 'epochs': 130, 'drop_out1': 0.5, 'act_layer1': 'sigmoid'}
INFO:root:Mean Acc : 0.686361  Std Dev (0.426407) with param: {'hu_1': 200, 'lr': 0.01, 'epochs': 130, 'drop_out1': 0.5, 'act_layer1': 'sigmoid'}
INFO:root:Mean Acc : 0.317389  Std Dev (0.169878) with param: {'hu_1': 250, 'lr': 0.1, 'epochs': 130, 'drop_out1': 0.5, 'act_layer1': 'sigmoid'}
INFO:root:Mean Acc : 0.686222  Std Dev (0.426307) with param: {'hu_1': 250, 'lr': 0.01, 'epochs': 130, 'drop_out1': 0.5, 'act_layer1': 'sigmoid'}
INFO:root:Mean Acc : 0.388083  Std Dev (0.258589) with param: {'hu_1': 300, 'lr': 0.1, 'epochs': 130, 'drop_out1': 0.5, 'act_layer1': 'sigmoid'}
INFO:root:Mean Acc : 0.685944  Std Dev (0.426111) with param: {'hu_1': 300, 'lr': 0.01, 'epochs': 130, 'drop_out1': 0.5, 'act_layer1': 'sigmoid'}
INFO:root:Mean Acc : 0.085444  Std Dev (0.083122) with param: {'hu_1': 350, 'lr': 0.1, 'epochs': 130, 'drop_out1': 0.5, 'act_layer1': 'sigmoid'}
INFO:root:Mean Acc : 0.685583  Std Dev (0.425855) with param: {'hu_1': 350, 'lr': 0.01, 'epochs': 130, 'drop_out1': 0.5, 'act_layer1': 'sigmoid'}
INFO:root:Mean Acc : 0.250583  Std Dev (0.153358) with param: {'hu_1': 400, 'lr': 0.1, 'epochs': 130, 'drop_out1': 0.5, 'act_layer1': 'sigmoid'}
INFO:root:Mean Acc : 0.686250  Std Dev (0.426327) with param: {'hu_1': 400, 'lr': 0.01, 'epochs': 130, 'drop_out1': 0.5, 'act_layer1': 'sigmoid'}
INFO:root:Time Taken 450.46133561929065
INFO:root:##### EXPERIMENT COMPLETE #####